[2022-06-27 02:06:00,754] {processor.py:153} INFO - Started process (PID=136) to work on /home/airflow/.local/lib/python3.7/site-packages/airflow/example_dags/example_time_delta_sensor_async.py
[2022-06-27 02:06:00,758] {processor.py:641} INFO - Processing file /home/airflow/.local/lib/python3.7/site-packages/airflow/example_dags/example_time_delta_sensor_async.py for tasks to queue
[2022-06-27 02:06:00,763] {logging_mixin.py:115} INFO - [2022-06-27 02:06:00,763] {dagbag.py:507} INFO - Filling up the DagBag from /home/airflow/.local/lib/python3.7/site-packages/airflow/example_dags/example_time_delta_sensor_async.py
[2022-06-27 02:06:00,807] {processor.py:651} INFO - DAG(s) dict_keys(['example_time_delta_sensor_async']) retrieved from /home/airflow/.local/lib/python3.7/site-packages/airflow/example_dags/example_time_delta_sensor_async.py
[2022-06-27 02:06:02,055] {logging_mixin.py:115} INFO - [2022-06-27 02:06:02,054] {manager.py:508} INFO - Created Permission View: can read on DAG:example_time_delta_sensor_async
[2022-06-27 02:06:02,124] {logging_mixin.py:115} INFO - [2022-06-27 02:06:02,124] {manager.py:508} INFO - Created Permission View: can delete on DAG:example_time_delta_sensor_async
[2022-06-27 02:06:02,160] {logging_mixin.py:115} INFO - [2022-06-27 02:06:02,160] {manager.py:508} INFO - Created Permission View: can edit on DAG:example_time_delta_sensor_async
[2022-06-27 02:06:02,163] {logging_mixin.py:115} INFO - [2022-06-27 02:06:02,163] {dag.py:2371} INFO - Sync 1 DAGs
[2022-06-27 02:06:02,199] {logging_mixin.py:115} INFO - [2022-06-27 02:06:02,198] {dag.py:2390} INFO - Creating ORM DAG for example_time_delta_sensor_async
[2022-06-27 02:06:02,277] {logging_mixin.py:115} INFO - [2022-06-27 02:06:02,277] {dag.py:2919} INFO - Setting next_dagrun for example_time_delta_sensor_async to None, run_after=None
[2022-06-27 02:06:02,429] {processor.py:161} INFO - Processing /home/airflow/.local/lib/python3.7/site-packages/airflow/example_dags/example_time_delta_sensor_async.py took 1.684 seconds
[2022-06-27 02:06:32,436] {processor.py:153} INFO - Started process (PID=189) to work on /home/airflow/.local/lib/python3.7/site-packages/airflow/example_dags/example_time_delta_sensor_async.py
[2022-06-27 02:06:32,441] {processor.py:641} INFO - Processing file /home/airflow/.local/lib/python3.7/site-packages/airflow/example_dags/example_time_delta_sensor_async.py for tasks to queue
[2022-06-27 02:06:32,445] {logging_mixin.py:115} INFO - [2022-06-27 02:06:32,444] {dagbag.py:507} INFO - Filling up the DagBag from /home/airflow/.local/lib/python3.7/site-packages/airflow/example_dags/example_time_delta_sensor_async.py
[2022-06-27 02:06:32,458] {processor.py:651} INFO - DAG(s) dict_keys(['example_time_delta_sensor_async']) retrieved from /home/airflow/.local/lib/python3.7/site-packages/airflow/example_dags/example_time_delta_sensor_async.py
[2022-06-27 02:06:32,539] {logging_mixin.py:115} INFO - [2022-06-27 02:06:32,538] {dag.py:2371} INFO - Sync 1 DAGs
[2022-06-27 02:06:32,622] {logging_mixin.py:115} INFO - [2022-06-27 02:06:32,621] {dag.py:2919} INFO - Setting next_dagrun for example_time_delta_sensor_async to None, run_after=None
[2022-06-27 02:06:32,651] {processor.py:161} INFO - Processing /home/airflow/.local/lib/python3.7/site-packages/airflow/example_dags/example_time_delta_sensor_async.py took 0.231 seconds
[2022-06-27 02:07:03,295] {processor.py:153} INFO - Started process (PID=247) to work on /home/airflow/.local/lib/python3.7/site-packages/airflow/example_dags/example_time_delta_sensor_async.py
[2022-06-27 02:07:03,300] {processor.py:641} INFO - Processing file /home/airflow/.local/lib/python3.7/site-packages/airflow/example_dags/example_time_delta_sensor_async.py for tasks to queue
[2022-06-27 02:07:03,306] {logging_mixin.py:115} INFO - [2022-06-27 02:07:03,305] {dagbag.py:507} INFO - Filling up the DagBag from /home/airflow/.local/lib/python3.7/site-packages/airflow/example_dags/example_time_delta_sensor_async.py
[2022-06-27 02:07:03,365] {processor.py:651} INFO - DAG(s) dict_keys(['example_time_delta_sensor_async']) retrieved from /home/airflow/.local/lib/python3.7/site-packages/airflow/example_dags/example_time_delta_sensor_async.py
[2022-06-27 02:07:03,541] {logging_mixin.py:115} INFO - [2022-06-27 02:07:03,540] {dag.py:2371} INFO - Sync 1 DAGs
[2022-06-27 02:07:03,606] {logging_mixin.py:115} INFO - [2022-06-27 02:07:03,605] {dag.py:2919} INFO - Setting next_dagrun for example_time_delta_sensor_async to None, run_after=None
[2022-06-27 02:07:03,650] {processor.py:161} INFO - Processing /home/airflow/.local/lib/python3.7/site-packages/airflow/example_dags/example_time_delta_sensor_async.py took 0.377 seconds
[2022-06-27 02:07:33,845] {processor.py:153} INFO - Started process (PID=301) to work on /home/airflow/.local/lib/python3.7/site-packages/airflow/example_dags/example_time_delta_sensor_async.py
[2022-06-27 02:07:33,852] {processor.py:641} INFO - Processing file /home/airflow/.local/lib/python3.7/site-packages/airflow/example_dags/example_time_delta_sensor_async.py for tasks to queue
[2022-06-27 02:07:33,858] {logging_mixin.py:115} INFO - [2022-06-27 02:07:33,858] {dagbag.py:507} INFO - Filling up the DagBag from /home/airflow/.local/lib/python3.7/site-packages/airflow/example_dags/example_time_delta_sensor_async.py
[2022-06-27 02:07:33,950] {processor.py:651} INFO - DAG(s) dict_keys(['example_time_delta_sensor_async']) retrieved from /home/airflow/.local/lib/python3.7/site-packages/airflow/example_dags/example_time_delta_sensor_async.py
[2022-06-27 02:07:34,243] {logging_mixin.py:115} INFO - [2022-06-27 02:07:34,242] {dag.py:2371} INFO - Sync 1 DAGs
[2022-06-27 02:07:34,471] {logging_mixin.py:115} INFO - [2022-06-27 02:07:34,471] {dag.py:2919} INFO - Setting next_dagrun for example_time_delta_sensor_async to None, run_after=None
[2022-06-27 02:07:34,521] {processor.py:161} INFO - Processing /home/airflow/.local/lib/python3.7/site-packages/airflow/example_dags/example_time_delta_sensor_async.py took 0.717 seconds
[2022-06-27 02:08:04,824] {processor.py:153} INFO - Started process (PID=353) to work on /home/airflow/.local/lib/python3.7/site-packages/airflow/example_dags/example_time_delta_sensor_async.py
[2022-06-27 02:08:04,826] {processor.py:641} INFO - Processing file /home/airflow/.local/lib/python3.7/site-packages/airflow/example_dags/example_time_delta_sensor_async.py for tasks to queue
[2022-06-27 02:08:04,829] {logging_mixin.py:115} INFO - [2022-06-27 02:08:04,828] {dagbag.py:507} INFO - Filling up the DagBag from /home/airflow/.local/lib/python3.7/site-packages/airflow/example_dags/example_time_delta_sensor_async.py
[2022-06-27 02:08:04,841] {processor.py:651} INFO - DAG(s) dict_keys(['example_time_delta_sensor_async']) retrieved from /home/airflow/.local/lib/python3.7/site-packages/airflow/example_dags/example_time_delta_sensor_async.py
[2022-06-27 02:08:04,900] {logging_mixin.py:115} INFO - [2022-06-27 02:08:04,900] {dag.py:2371} INFO - Sync 1 DAGs
[2022-06-27 02:08:04,931] {logging_mixin.py:115} INFO - [2022-06-27 02:08:04,931] {dag.py:2919} INFO - Setting next_dagrun for example_time_delta_sensor_async to None, run_after=None
[2022-06-27 02:08:04,945] {processor.py:161} INFO - Processing /home/airflow/.local/lib/python3.7/site-packages/airflow/example_dags/example_time_delta_sensor_async.py took 0.128 seconds
[2022-06-27 02:08:35,643] {processor.py:153} INFO - Started process (PID=415) to work on /home/airflow/.local/lib/python3.7/site-packages/airflow/example_dags/example_time_delta_sensor_async.py
[2022-06-27 02:08:35,645] {processor.py:641} INFO - Processing file /home/airflow/.local/lib/python3.7/site-packages/airflow/example_dags/example_time_delta_sensor_async.py for tasks to queue
[2022-06-27 02:08:35,647] {logging_mixin.py:115} INFO - [2022-06-27 02:08:35,647] {dagbag.py:507} INFO - Filling up the DagBag from /home/airflow/.local/lib/python3.7/site-packages/airflow/example_dags/example_time_delta_sensor_async.py
[2022-06-27 02:08:35,659] {processor.py:651} INFO - DAG(s) dict_keys(['example_time_delta_sensor_async']) retrieved from /home/airflow/.local/lib/python3.7/site-packages/airflow/example_dags/example_time_delta_sensor_async.py
[2022-06-27 02:08:35,721] {logging_mixin.py:115} INFO - [2022-06-27 02:08:35,721] {dag.py:2371} INFO - Sync 1 DAGs
[2022-06-27 02:08:35,760] {logging_mixin.py:115} INFO - [2022-06-27 02:08:35,760] {dag.py:2919} INFO - Setting next_dagrun for example_time_delta_sensor_async to None, run_after=None
[2022-06-27 02:08:35,784] {processor.py:161} INFO - Processing /home/airflow/.local/lib/python3.7/site-packages/airflow/example_dags/example_time_delta_sensor_async.py took 0.148 seconds
[2022-06-27 02:09:06,483] {processor.py:153} INFO - Started process (PID=469) to work on /home/airflow/.local/lib/python3.7/site-packages/airflow/example_dags/example_time_delta_sensor_async.py
[2022-06-27 02:09:06,516] {processor.py:641} INFO - Processing file /home/airflow/.local/lib/python3.7/site-packages/airflow/example_dags/example_time_delta_sensor_async.py for tasks to queue
[2022-06-27 02:09:06,528] {logging_mixin.py:115} INFO - [2022-06-27 02:09:06,528] {dagbag.py:507} INFO - Filling up the DagBag from /home/airflow/.local/lib/python3.7/site-packages/airflow/example_dags/example_time_delta_sensor_async.py
[2022-06-27 02:09:06,549] {processor.py:651} INFO - DAG(s) dict_keys(['example_time_delta_sensor_async']) retrieved from /home/airflow/.local/lib/python3.7/site-packages/airflow/example_dags/example_time_delta_sensor_async.py
[2022-06-27 02:09:06,677] {logging_mixin.py:115} INFO - [2022-06-27 02:09:06,676] {dag.py:2371} INFO - Sync 1 DAGs
[2022-06-27 02:09:06,780] {logging_mixin.py:115} INFO - [2022-06-27 02:09:06,777] {dag.py:2919} INFO - Setting next_dagrun for example_time_delta_sensor_async to None, run_after=None
[2022-06-27 02:09:06,836] {processor.py:161} INFO - Processing /home/airflow/.local/lib/python3.7/site-packages/airflow/example_dags/example_time_delta_sensor_async.py took 0.370 seconds
[2022-06-27 02:09:37,823] {processor.py:153} INFO - Started process (PID=534) to work on /home/airflow/.local/lib/python3.7/site-packages/airflow/example_dags/example_time_delta_sensor_async.py
[2022-06-27 02:09:37,826] {processor.py:641} INFO - Processing file /home/airflow/.local/lib/python3.7/site-packages/airflow/example_dags/example_time_delta_sensor_async.py for tasks to queue
[2022-06-27 02:09:37,829] {logging_mixin.py:115} INFO - [2022-06-27 02:09:37,829] {dagbag.py:507} INFO - Filling up the DagBag from /home/airflow/.local/lib/python3.7/site-packages/airflow/example_dags/example_time_delta_sensor_async.py
[2022-06-27 02:09:37,844] {processor.py:651} INFO - DAG(s) dict_keys(['example_time_delta_sensor_async']) retrieved from /home/airflow/.local/lib/python3.7/site-packages/airflow/example_dags/example_time_delta_sensor_async.py
[2022-06-27 02:09:37,941] {logging_mixin.py:115} INFO - [2022-06-27 02:09:37,941] {dag.py:2371} INFO - Sync 1 DAGs
[2022-06-27 02:09:37,999] {logging_mixin.py:115} INFO - [2022-06-27 02:09:37,999] {dag.py:2919} INFO - Setting next_dagrun for example_time_delta_sensor_async to None, run_after=None
[2022-06-27 02:09:38,028] {processor.py:161} INFO - Processing /home/airflow/.local/lib/python3.7/site-packages/airflow/example_dags/example_time_delta_sensor_async.py took 0.211 seconds
[2022-06-27 02:10:08,497] {processor.py:153} INFO - Started process (PID=586) to work on /home/airflow/.local/lib/python3.7/site-packages/airflow/example_dags/example_time_delta_sensor_async.py
[2022-06-27 02:10:08,501] {processor.py:641} INFO - Processing file /home/airflow/.local/lib/python3.7/site-packages/airflow/example_dags/example_time_delta_sensor_async.py for tasks to queue
[2022-06-27 02:10:08,504] {logging_mixin.py:115} INFO - [2022-06-27 02:10:08,504] {dagbag.py:507} INFO - Filling up the DagBag from /home/airflow/.local/lib/python3.7/site-packages/airflow/example_dags/example_time_delta_sensor_async.py
[2022-06-27 02:10:08,523] {processor.py:651} INFO - DAG(s) dict_keys(['example_time_delta_sensor_async']) retrieved from /home/airflow/.local/lib/python3.7/site-packages/airflow/example_dags/example_time_delta_sensor_async.py
[2022-06-27 02:10:08,684] {logging_mixin.py:115} INFO - [2022-06-27 02:10:08,684] {dag.py:2371} INFO - Sync 1 DAGs
[2022-06-27 02:10:08,963] {logging_mixin.py:115} INFO - [2022-06-27 02:10:08,963] {dag.py:2919} INFO - Setting next_dagrun for example_time_delta_sensor_async to None, run_after=None
[2022-06-27 02:10:08,994] {processor.py:161} INFO - Processing /home/airflow/.local/lib/python3.7/site-packages/airflow/example_dags/example_time_delta_sensor_async.py took 0.506 seconds
[2022-06-27 02:10:39,080] {processor.py:153} INFO - Started process (PID=638) to work on /home/airflow/.local/lib/python3.7/site-packages/airflow/example_dags/example_time_delta_sensor_async.py
[2022-06-27 02:10:39,082] {processor.py:641} INFO - Processing file /home/airflow/.local/lib/python3.7/site-packages/airflow/example_dags/example_time_delta_sensor_async.py for tasks to queue
[2022-06-27 02:10:39,084] {logging_mixin.py:115} INFO - [2022-06-27 02:10:39,084] {dagbag.py:507} INFO - Filling up the DagBag from /home/airflow/.local/lib/python3.7/site-packages/airflow/example_dags/example_time_delta_sensor_async.py
[2022-06-27 02:10:39,107] {processor.py:651} INFO - DAG(s) dict_keys(['example_time_delta_sensor_async']) retrieved from /home/airflow/.local/lib/python3.7/site-packages/airflow/example_dags/example_time_delta_sensor_async.py
[2022-06-27 02:10:39,197] {logging_mixin.py:115} INFO - [2022-06-27 02:10:39,196] {dag.py:2371} INFO - Sync 1 DAGs
[2022-06-27 02:10:39,496] {logging_mixin.py:115} INFO - [2022-06-27 02:10:39,496] {dag.py:2919} INFO - Setting next_dagrun for example_time_delta_sensor_async to None, run_after=None
[2022-06-27 02:10:39,522] {processor.py:161} INFO - Processing /home/airflow/.local/lib/python3.7/site-packages/airflow/example_dags/example_time_delta_sensor_async.py took 0.448 seconds
[2022-06-27 02:11:09,944] {processor.py:153} INFO - Started process (PID=700) to work on /home/airflow/.local/lib/python3.7/site-packages/airflow/example_dags/example_time_delta_sensor_async.py
[2022-06-27 02:11:09,953] {processor.py:641} INFO - Processing file /home/airflow/.local/lib/python3.7/site-packages/airflow/example_dags/example_time_delta_sensor_async.py for tasks to queue
[2022-06-27 02:11:09,958] {logging_mixin.py:115} INFO - [2022-06-27 02:11:09,957] {dagbag.py:507} INFO - Filling up the DagBag from /home/airflow/.local/lib/python3.7/site-packages/airflow/example_dags/example_time_delta_sensor_async.py
[2022-06-27 02:11:09,980] {processor.py:651} INFO - DAG(s) dict_keys(['example_time_delta_sensor_async']) retrieved from /home/airflow/.local/lib/python3.7/site-packages/airflow/example_dags/example_time_delta_sensor_async.py
[2022-06-27 02:11:10,111] {logging_mixin.py:115} INFO - [2022-06-27 02:11:10,110] {dag.py:2371} INFO - Sync 1 DAGs
[2022-06-27 02:11:10,502] {logging_mixin.py:115} INFO - [2022-06-27 02:11:10,501] {dag.py:2919} INFO - Setting next_dagrun for example_time_delta_sensor_async to None, run_after=None
[2022-06-27 02:11:10,528] {processor.py:161} INFO - Processing /home/airflow/.local/lib/python3.7/site-packages/airflow/example_dags/example_time_delta_sensor_async.py took 0.601 seconds
[2022-06-27 02:11:40,663] {processor.py:153} INFO - Started process (PID=751) to work on /home/airflow/.local/lib/python3.7/site-packages/airflow/example_dags/example_time_delta_sensor_async.py
[2022-06-27 02:11:40,668] {processor.py:641} INFO - Processing file /home/airflow/.local/lib/python3.7/site-packages/airflow/example_dags/example_time_delta_sensor_async.py for tasks to queue
[2022-06-27 02:11:40,670] {logging_mixin.py:115} INFO - [2022-06-27 02:11:40,670] {dagbag.py:507} INFO - Filling up the DagBag from /home/airflow/.local/lib/python3.7/site-packages/airflow/example_dags/example_time_delta_sensor_async.py
[2022-06-27 02:11:40,683] {processor.py:651} INFO - DAG(s) dict_keys(['example_time_delta_sensor_async']) retrieved from /home/airflow/.local/lib/python3.7/site-packages/airflow/example_dags/example_time_delta_sensor_async.py
[2022-06-27 02:11:40,755] {logging_mixin.py:115} INFO - [2022-06-27 02:11:40,755] {dag.py:2371} INFO - Sync 1 DAGs
[2022-06-27 02:11:40,976] {logging_mixin.py:115} INFO - [2022-06-27 02:11:40,975] {dag.py:2919} INFO - Setting next_dagrun for example_time_delta_sensor_async to None, run_after=None
[2022-06-27 02:11:41,010] {processor.py:161} INFO - Processing /home/airflow/.local/lib/python3.7/site-packages/airflow/example_dags/example_time_delta_sensor_async.py took 0.353 seconds
[2022-06-27 02:12:11,314] {processor.py:153} INFO - Started process (PID=813) to work on /home/airflow/.local/lib/python3.7/site-packages/airflow/example_dags/example_time_delta_sensor_async.py
[2022-06-27 02:12:11,316] {processor.py:641} INFO - Processing file /home/airflow/.local/lib/python3.7/site-packages/airflow/example_dags/example_time_delta_sensor_async.py for tasks to queue
[2022-06-27 02:12:11,319] {logging_mixin.py:115} INFO - [2022-06-27 02:12:11,319] {dagbag.py:507} INFO - Filling up the DagBag from /home/airflow/.local/lib/python3.7/site-packages/airflow/example_dags/example_time_delta_sensor_async.py
[2022-06-27 02:12:11,333] {processor.py:651} INFO - DAG(s) dict_keys(['example_time_delta_sensor_async']) retrieved from /home/airflow/.local/lib/python3.7/site-packages/airflow/example_dags/example_time_delta_sensor_async.py
[2022-06-27 02:12:11,438] {logging_mixin.py:115} INFO - [2022-06-27 02:12:11,438] {dag.py:2371} INFO - Sync 1 DAGs
[2022-06-27 02:12:11,717] {logging_mixin.py:115} INFO - [2022-06-27 02:12:11,717] {dag.py:2919} INFO - Setting next_dagrun for example_time_delta_sensor_async to None, run_after=None
[2022-06-27 02:12:11,739] {processor.py:161} INFO - Processing /home/airflow/.local/lib/python3.7/site-packages/airflow/example_dags/example_time_delta_sensor_async.py took 0.434 seconds
[2022-06-27 02:12:42,046] {processor.py:153} INFO - Started process (PID=865) to work on /home/airflow/.local/lib/python3.7/site-packages/airflow/example_dags/example_time_delta_sensor_async.py
[2022-06-27 02:12:42,049] {processor.py:641} INFO - Processing file /home/airflow/.local/lib/python3.7/site-packages/airflow/example_dags/example_time_delta_sensor_async.py for tasks to queue
[2022-06-27 02:12:42,052] {logging_mixin.py:115} INFO - [2022-06-27 02:12:42,052] {dagbag.py:507} INFO - Filling up the DagBag from /home/airflow/.local/lib/python3.7/site-packages/airflow/example_dags/example_time_delta_sensor_async.py
[2022-06-27 02:12:42,070] {processor.py:651} INFO - DAG(s) dict_keys(['example_time_delta_sensor_async']) retrieved from /home/airflow/.local/lib/python3.7/site-packages/airflow/example_dags/example_time_delta_sensor_async.py
[2022-06-27 02:12:42,181] {logging_mixin.py:115} INFO - [2022-06-27 02:12:42,181] {dag.py:2371} INFO - Sync 1 DAGs
[2022-06-27 02:12:42,484] {logging_mixin.py:115} INFO - [2022-06-27 02:12:42,484] {dag.py:2919} INFO - Setting next_dagrun for example_time_delta_sensor_async to None, run_after=None
[2022-06-27 02:12:42,504] {processor.py:161} INFO - Processing /home/airflow/.local/lib/python3.7/site-packages/airflow/example_dags/example_time_delta_sensor_async.py took 0.465 seconds
[2022-06-27 02:13:12,944] {processor.py:153} INFO - Started process (PID=927) to work on /home/airflow/.local/lib/python3.7/site-packages/airflow/example_dags/example_time_delta_sensor_async.py
[2022-06-27 02:13:12,947] {processor.py:641} INFO - Processing file /home/airflow/.local/lib/python3.7/site-packages/airflow/example_dags/example_time_delta_sensor_async.py for tasks to queue
[2022-06-27 02:13:12,949] {logging_mixin.py:115} INFO - [2022-06-27 02:13:12,949] {dagbag.py:507} INFO - Filling up the DagBag from /home/airflow/.local/lib/python3.7/site-packages/airflow/example_dags/example_time_delta_sensor_async.py
[2022-06-27 02:13:12,962] {processor.py:651} INFO - DAG(s) dict_keys(['example_time_delta_sensor_async']) retrieved from /home/airflow/.local/lib/python3.7/site-packages/airflow/example_dags/example_time_delta_sensor_async.py
[2022-06-27 02:13:13,061] {logging_mixin.py:115} INFO - [2022-06-27 02:13:13,061] {dag.py:2371} INFO - Sync 1 DAGs
[2022-06-27 02:13:13,377] {logging_mixin.py:115} INFO - [2022-06-27 02:13:13,377] {dag.py:2919} INFO - Setting next_dagrun for example_time_delta_sensor_async to None, run_after=None
[2022-06-27 02:13:13,413] {processor.py:161} INFO - Processing /home/airflow/.local/lib/python3.7/site-packages/airflow/example_dags/example_time_delta_sensor_async.py took 0.479 seconds
[2022-06-27 02:13:43,488] {processor.py:153} INFO - Started process (PID=979) to work on /home/airflow/.local/lib/python3.7/site-packages/airflow/example_dags/example_time_delta_sensor_async.py
[2022-06-27 02:13:43,491] {processor.py:641} INFO - Processing file /home/airflow/.local/lib/python3.7/site-packages/airflow/example_dags/example_time_delta_sensor_async.py for tasks to queue
[2022-06-27 02:13:43,495] {logging_mixin.py:115} INFO - [2022-06-27 02:13:43,494] {dagbag.py:507} INFO - Filling up the DagBag from /home/airflow/.local/lib/python3.7/site-packages/airflow/example_dags/example_time_delta_sensor_async.py
[2022-06-27 02:13:43,510] {processor.py:651} INFO - DAG(s) dict_keys(['example_time_delta_sensor_async']) retrieved from /home/airflow/.local/lib/python3.7/site-packages/airflow/example_dags/example_time_delta_sensor_async.py
[2022-06-27 02:13:43,604] {logging_mixin.py:115} INFO - [2022-06-27 02:13:43,604] {dag.py:2371} INFO - Sync 1 DAGs
[2022-06-27 02:13:43,860] {logging_mixin.py:115} INFO - [2022-06-27 02:13:43,860] {dag.py:2919} INFO - Setting next_dagrun for example_time_delta_sensor_async to None, run_after=None
[2022-06-27 02:13:43,889] {processor.py:161} INFO - Processing /home/airflow/.local/lib/python3.7/site-packages/airflow/example_dags/example_time_delta_sensor_async.py took 0.408 seconds
[2022-06-27 02:14:14,055] {processor.py:153} INFO - Started process (PID=1031) to work on /home/airflow/.local/lib/python3.7/site-packages/airflow/example_dags/example_time_delta_sensor_async.py
[2022-06-27 02:14:14,064] {processor.py:641} INFO - Processing file /home/airflow/.local/lib/python3.7/site-packages/airflow/example_dags/example_time_delta_sensor_async.py for tasks to queue
[2022-06-27 02:14:14,068] {logging_mixin.py:115} INFO - [2022-06-27 02:14:14,068] {dagbag.py:507} INFO - Filling up the DagBag from /home/airflow/.local/lib/python3.7/site-packages/airflow/example_dags/example_time_delta_sensor_async.py
[2022-06-27 02:14:14,091] {processor.py:651} INFO - DAG(s) dict_keys(['example_time_delta_sensor_async']) retrieved from /home/airflow/.local/lib/python3.7/site-packages/airflow/example_dags/example_time_delta_sensor_async.py
[2022-06-27 02:14:16,520] {logging_mixin.py:115} INFO - [2022-06-27 02:14:16,520] {dag.py:2371} INFO - Sync 1 DAGs
[2022-06-27 02:14:21,974] {logging_mixin.py:115} INFO - [2022-06-27 02:14:21,970] {dag.py:2919} INFO - Setting next_dagrun for example_time_delta_sensor_async to None, run_after=None
[2022-06-27 02:14:22,112] {processor.py:161} INFO - Processing /home/airflow/.local/lib/python3.7/site-packages/airflow/example_dags/example_time_delta_sensor_async.py took 8.069 seconds
[2022-06-27 02:14:52,957] {processor.py:153} INFO - Started process (PID=1094) to work on /home/airflow/.local/lib/python3.7/site-packages/airflow/example_dags/example_time_delta_sensor_async.py
[2022-06-27 02:14:52,961] {processor.py:641} INFO - Processing file /home/airflow/.local/lib/python3.7/site-packages/airflow/example_dags/example_time_delta_sensor_async.py for tasks to queue
[2022-06-27 02:14:52,965] {logging_mixin.py:115} INFO - [2022-06-27 02:14:52,965] {dagbag.py:507} INFO - Filling up the DagBag from /home/airflow/.local/lib/python3.7/site-packages/airflow/example_dags/example_time_delta_sensor_async.py
[2022-06-27 02:14:52,985] {processor.py:651} INFO - DAG(s) dict_keys(['example_time_delta_sensor_async']) retrieved from /home/airflow/.local/lib/python3.7/site-packages/airflow/example_dags/example_time_delta_sensor_async.py
[2022-06-27 02:14:53,150] {logging_mixin.py:115} INFO - [2022-06-27 02:14:53,150] {dag.py:2371} INFO - Sync 1 DAGs
[2022-06-27 02:14:53,702] {logging_mixin.py:115} INFO - [2022-06-27 02:14:53,701] {dag.py:2919} INFO - Setting next_dagrun for example_time_delta_sensor_async to None, run_after=None
[2022-06-27 02:14:53,802] {processor.py:161} INFO - Processing /home/airflow/.local/lib/python3.7/site-packages/airflow/example_dags/example_time_delta_sensor_async.py took 0.858 seconds
