[2022-06-27 02:05:11,966] {processor.py:153} INFO - Started process (PID=96) to work on /home/airflow/.local/lib/python3.7/site-packages/airflow/example_dags/example_nested_branch_dag.py
[2022-06-27 02:05:11,979] {processor.py:641} INFO - Processing file /home/airflow/.local/lib/python3.7/site-packages/airflow/example_dags/example_nested_branch_dag.py for tasks to queue
[2022-06-27 02:05:11,996] {logging_mixin.py:115} INFO - [2022-06-27 02:05:11,989] {dagbag.py:507} INFO - Filling up the DagBag from /home/airflow/.local/lib/python3.7/site-packages/airflow/example_dags/example_nested_branch_dag.py
[2022-06-27 02:05:12,151] {processor.py:651} INFO - DAG(s) dict_keys(['example_nested_branch_dag']) retrieved from /home/airflow/.local/lib/python3.7/site-packages/airflow/example_dags/example_nested_branch_dag.py
[2022-06-27 02:05:15,096] {logging_mixin.py:115} INFO - [2022-06-27 02:05:15,096] {manager.py:508} INFO - Created Permission View: can read on DAG:example_nested_branch_dag
[2022-06-27 02:05:15,169] {logging_mixin.py:115} INFO - [2022-06-27 02:05:15,169] {manager.py:508} INFO - Created Permission View: can delete on DAG:example_nested_branch_dag
[2022-06-27 02:05:15,271] {logging_mixin.py:115} INFO - [2022-06-27 02:05:15,271] {manager.py:508} INFO - Created Permission View: can edit on DAG:example_nested_branch_dag
[2022-06-27 02:05:15,275] {logging_mixin.py:115} INFO - [2022-06-27 02:05:15,274] {dag.py:2371} INFO - Sync 1 DAGs
[2022-06-27 02:05:15,332] {logging_mixin.py:115} INFO - [2022-06-27 02:05:15,332] {dag.py:2390} INFO - Creating ORM DAG for example_nested_branch_dag
[2022-06-27 02:05:15,425] {logging_mixin.py:115} INFO - [2022-06-27 02:05:15,424] {dag.py:2919} INFO - Setting next_dagrun for example_nested_branch_dag to 2022-06-26T00:00:00+00:00, run_after=2022-06-27T00:00:00+00:00
[2022-06-27 02:05:15,610] {processor.py:161} INFO - Processing /home/airflow/.local/lib/python3.7/site-packages/airflow/example_dags/example_nested_branch_dag.py took 3.707 seconds
[2022-06-27 02:06:06,279] {processor.py:153} INFO - Started process (PID=156) to work on /home/airflow/.local/lib/python3.7/site-packages/airflow/example_dags/example_nested_branch_dag.py
[2022-06-27 02:06:06,286] {processor.py:641} INFO - Processing file /home/airflow/.local/lib/python3.7/site-packages/airflow/example_dags/example_nested_branch_dag.py for tasks to queue
[2022-06-27 02:06:06,289] {logging_mixin.py:115} INFO - [2022-06-27 02:06:06,289] {dagbag.py:507} INFO - Filling up the DagBag from /home/airflow/.local/lib/python3.7/site-packages/airflow/example_dags/example_nested_branch_dag.py
[2022-06-27 02:06:06,333] {processor.py:651} INFO - DAG(s) dict_keys(['example_nested_branch_dag']) retrieved from /home/airflow/.local/lib/python3.7/site-packages/airflow/example_dags/example_nested_branch_dag.py
[2022-06-27 02:06:06,444] {logging_mixin.py:115} INFO - [2022-06-27 02:06:06,443] {dag.py:2371} INFO - Sync 1 DAGs
[2022-06-27 02:06:06,529] {logging_mixin.py:115} INFO - [2022-06-27 02:06:06,528] {dag.py:2919} INFO - Setting next_dagrun for example_nested_branch_dag to 2022-06-26T00:00:00+00:00, run_after=2022-06-27T00:00:00+00:00
[2022-06-27 02:06:06,944] {processor.py:161} INFO - Processing /home/airflow/.local/lib/python3.7/site-packages/airflow/example_dags/example_nested_branch_dag.py took 0.704 seconds
[2022-06-27 02:06:37,528] {processor.py:153} INFO - Started process (PID=205) to work on /home/airflow/.local/lib/python3.7/site-packages/airflow/example_dags/example_nested_branch_dag.py
[2022-06-27 02:06:37,532] {processor.py:641} INFO - Processing file /home/airflow/.local/lib/python3.7/site-packages/airflow/example_dags/example_nested_branch_dag.py for tasks to queue
[2022-06-27 02:06:37,537] {logging_mixin.py:115} INFO - [2022-06-27 02:06:37,536] {dagbag.py:507} INFO - Filling up the DagBag from /home/airflow/.local/lib/python3.7/site-packages/airflow/example_dags/example_nested_branch_dag.py
[2022-06-27 02:06:37,562] {processor.py:651} INFO - DAG(s) dict_keys(['example_nested_branch_dag']) retrieved from /home/airflow/.local/lib/python3.7/site-packages/airflow/example_dags/example_nested_branch_dag.py
[2022-06-27 02:06:37,674] {logging_mixin.py:115} INFO - [2022-06-27 02:06:37,674] {dag.py:2371} INFO - Sync 1 DAGs
[2022-06-27 02:06:37,751] {logging_mixin.py:115} INFO - [2022-06-27 02:06:37,751] {dag.py:2919} INFO - Setting next_dagrun for example_nested_branch_dag to 2022-06-26T00:00:00+00:00, run_after=2022-06-27T00:00:00+00:00
[2022-06-27 02:06:38,030] {processor.py:161} INFO - Processing /home/airflow/.local/lib/python3.7/site-packages/airflow/example_dags/example_nested_branch_dag.py took 0.512 seconds
[2022-06-27 02:07:08,787] {processor.py:153} INFO - Started process (PID=258) to work on /home/airflow/.local/lib/python3.7/site-packages/airflow/example_dags/example_nested_branch_dag.py
[2022-06-27 02:07:08,804] {processor.py:641} INFO - Processing file /home/airflow/.local/lib/python3.7/site-packages/airflow/example_dags/example_nested_branch_dag.py for tasks to queue
[2022-06-27 02:07:08,813] {logging_mixin.py:115} INFO - [2022-06-27 02:07:08,812] {dagbag.py:507} INFO - Filling up the DagBag from /home/airflow/.local/lib/python3.7/site-packages/airflow/example_dags/example_nested_branch_dag.py
[2022-06-27 02:07:08,891] {processor.py:651} INFO - DAG(s) dict_keys(['example_nested_branch_dag']) retrieved from /home/airflow/.local/lib/python3.7/site-packages/airflow/example_dags/example_nested_branch_dag.py
[2022-06-27 02:07:09,013] {logging_mixin.py:115} INFO - [2022-06-27 02:07:09,012] {dag.py:2371} INFO - Sync 1 DAGs
[2022-06-27 02:07:09,092] {logging_mixin.py:115} INFO - [2022-06-27 02:07:09,091] {dag.py:2919} INFO - Setting next_dagrun for example_nested_branch_dag to 2022-06-26T00:00:00+00:00, run_after=2022-06-27T00:00:00+00:00
[2022-06-27 02:07:09,498] {processor.py:161} INFO - Processing /home/airflow/.local/lib/python3.7/site-packages/airflow/example_dags/example_nested_branch_dag.py took 0.743 seconds
[2022-06-27 02:07:40,226] {processor.py:153} INFO - Started process (PID=310) to work on /home/airflow/.local/lib/python3.7/site-packages/airflow/example_dags/example_nested_branch_dag.py
[2022-06-27 02:07:40,230] {processor.py:641} INFO - Processing file /home/airflow/.local/lib/python3.7/site-packages/airflow/example_dags/example_nested_branch_dag.py for tasks to queue
[2022-06-27 02:07:40,234] {logging_mixin.py:115} INFO - [2022-06-27 02:07:40,233] {dagbag.py:507} INFO - Filling up the DagBag from /home/airflow/.local/lib/python3.7/site-packages/airflow/example_dags/example_nested_branch_dag.py
[2022-06-27 02:07:40,259] {processor.py:651} INFO - DAG(s) dict_keys(['example_nested_branch_dag']) retrieved from /home/airflow/.local/lib/python3.7/site-packages/airflow/example_dags/example_nested_branch_dag.py
[2022-06-27 02:07:40,299] {logging_mixin.py:115} INFO - [2022-06-27 02:07:40,298] {dag.py:2371} INFO - Sync 1 DAGs
[2022-06-27 02:07:40,330] {logging_mixin.py:115} INFO - [2022-06-27 02:07:40,330] {dag.py:2919} INFO - Setting next_dagrun for example_nested_branch_dag to 2022-06-26T00:00:00+00:00, run_after=2022-06-27T00:00:00+00:00
[2022-06-27 02:07:40,516] {processor.py:161} INFO - Processing /home/airflow/.local/lib/python3.7/site-packages/airflow/example_dags/example_nested_branch_dag.py took 0.298 seconds
[2022-06-27 02:08:10,985] {processor.py:153} INFO - Started process (PID=372) to work on /home/airflow/.local/lib/python3.7/site-packages/airflow/example_dags/example_nested_branch_dag.py
[2022-06-27 02:08:10,988] {processor.py:641} INFO - Processing file /home/airflow/.local/lib/python3.7/site-packages/airflow/example_dags/example_nested_branch_dag.py for tasks to queue
[2022-06-27 02:08:10,990] {logging_mixin.py:115} INFO - [2022-06-27 02:08:10,990] {dagbag.py:507} INFO - Filling up the DagBag from /home/airflow/.local/lib/python3.7/site-packages/airflow/example_dags/example_nested_branch_dag.py
[2022-06-27 02:08:11,009] {processor.py:651} INFO - DAG(s) dict_keys(['example_nested_branch_dag']) retrieved from /home/airflow/.local/lib/python3.7/site-packages/airflow/example_dags/example_nested_branch_dag.py
[2022-06-27 02:08:11,052] {logging_mixin.py:115} INFO - [2022-06-27 02:08:11,052] {dag.py:2371} INFO - Sync 1 DAGs
[2022-06-27 02:08:11,085] {logging_mixin.py:115} INFO - [2022-06-27 02:08:11,085] {dag.py:2919} INFO - Setting next_dagrun for example_nested_branch_dag to 2022-06-26T00:00:00+00:00, run_after=2022-06-27T00:00:00+00:00
[2022-06-27 02:08:11,249] {processor.py:161} INFO - Processing /home/airflow/.local/lib/python3.7/site-packages/airflow/example_dags/example_nested_branch_dag.py took 0.270 seconds
[2022-06-27 02:08:41,659] {processor.py:153} INFO - Started process (PID=424) to work on /home/airflow/.local/lib/python3.7/site-packages/airflow/example_dags/example_nested_branch_dag.py
[2022-06-27 02:08:41,664] {processor.py:641} INFO - Processing file /home/airflow/.local/lib/python3.7/site-packages/airflow/example_dags/example_nested_branch_dag.py for tasks to queue
[2022-06-27 02:08:41,667] {logging_mixin.py:115} INFO - [2022-06-27 02:08:41,667] {dagbag.py:507} INFO - Filling up the DagBag from /home/airflow/.local/lib/python3.7/site-packages/airflow/example_dags/example_nested_branch_dag.py
[2022-06-27 02:08:41,694] {processor.py:651} INFO - DAG(s) dict_keys(['example_nested_branch_dag']) retrieved from /home/airflow/.local/lib/python3.7/site-packages/airflow/example_dags/example_nested_branch_dag.py
[2022-06-27 02:08:41,767] {logging_mixin.py:115} INFO - [2022-06-27 02:08:41,767] {dag.py:2371} INFO - Sync 1 DAGs
[2022-06-27 02:08:41,842] {logging_mixin.py:115} INFO - [2022-06-27 02:08:41,842] {dag.py:2919} INFO - Setting next_dagrun for example_nested_branch_dag to 2022-06-26T00:00:00+00:00, run_after=2022-06-27T00:00:00+00:00
[2022-06-27 02:08:42,136] {processor.py:161} INFO - Processing /home/airflow/.local/lib/python3.7/site-packages/airflow/example_dags/example_nested_branch_dag.py took 0.487 seconds
[2022-06-27 02:09:12,708] {processor.py:153} INFO - Started process (PID=487) to work on /home/airflow/.local/lib/python3.7/site-packages/airflow/example_dags/example_nested_branch_dag.py
[2022-06-27 02:09:12,711] {processor.py:641} INFO - Processing file /home/airflow/.local/lib/python3.7/site-packages/airflow/example_dags/example_nested_branch_dag.py for tasks to queue
[2022-06-27 02:09:12,715] {logging_mixin.py:115} INFO - [2022-06-27 02:09:12,715] {dagbag.py:507} INFO - Filling up the DagBag from /home/airflow/.local/lib/python3.7/site-packages/airflow/example_dags/example_nested_branch_dag.py
[2022-06-27 02:09:12,736] {processor.py:651} INFO - DAG(s) dict_keys(['example_nested_branch_dag']) retrieved from /home/airflow/.local/lib/python3.7/site-packages/airflow/example_dags/example_nested_branch_dag.py
[2022-06-27 02:09:12,781] {logging_mixin.py:115} INFO - [2022-06-27 02:09:12,781] {dag.py:2371} INFO - Sync 1 DAGs
[2022-06-27 02:09:12,817] {logging_mixin.py:115} INFO - [2022-06-27 02:09:12,817] {dag.py:2919} INFO - Setting next_dagrun for example_nested_branch_dag to 2022-06-26T00:00:00+00:00, run_after=2022-06-27T00:00:00+00:00
[2022-06-27 02:09:13,026] {processor.py:161} INFO - Processing /home/airflow/.local/lib/python3.7/site-packages/airflow/example_dags/example_nested_branch_dag.py took 0.328 seconds
[2022-06-27 02:09:43,404] {processor.py:153} INFO - Started process (PID=541) to work on /home/airflow/.local/lib/python3.7/site-packages/airflow/example_dags/example_nested_branch_dag.py
[2022-06-27 02:09:43,406] {processor.py:641} INFO - Processing file /home/airflow/.local/lib/python3.7/site-packages/airflow/example_dags/example_nested_branch_dag.py for tasks to queue
[2022-06-27 02:09:43,408] {logging_mixin.py:115} INFO - [2022-06-27 02:09:43,408] {dagbag.py:507} INFO - Filling up the DagBag from /home/airflow/.local/lib/python3.7/site-packages/airflow/example_dags/example_nested_branch_dag.py
[2022-06-27 02:09:43,428] {processor.py:651} INFO - DAG(s) dict_keys(['example_nested_branch_dag']) retrieved from /home/airflow/.local/lib/python3.7/site-packages/airflow/example_dags/example_nested_branch_dag.py
[2022-06-27 02:09:43,475] {logging_mixin.py:115} INFO - [2022-06-27 02:09:43,474] {dag.py:2371} INFO - Sync 1 DAGs
[2022-06-27 02:09:43,532] {logging_mixin.py:115} INFO - [2022-06-27 02:09:43,531] {dag.py:2919} INFO - Setting next_dagrun for example_nested_branch_dag to 2022-06-26T00:00:00+00:00, run_after=2022-06-27T00:00:00+00:00
[2022-06-27 02:09:43,811] {processor.py:161} INFO - Processing /home/airflow/.local/lib/python3.7/site-packages/airflow/example_dags/example_nested_branch_dag.py took 0.413 seconds
[2022-06-27 02:10:14,205] {processor.py:153} INFO - Started process (PID=602) to work on /home/airflow/.local/lib/python3.7/site-packages/airflow/example_dags/example_nested_branch_dag.py
[2022-06-27 02:10:14,209] {processor.py:641} INFO - Processing file /home/airflow/.local/lib/python3.7/site-packages/airflow/example_dags/example_nested_branch_dag.py for tasks to queue
[2022-06-27 02:10:14,213] {logging_mixin.py:115} INFO - [2022-06-27 02:10:14,213] {dagbag.py:507} INFO - Filling up the DagBag from /home/airflow/.local/lib/python3.7/site-packages/airflow/example_dags/example_nested_branch_dag.py
[2022-06-27 02:10:14,239] {processor.py:651} INFO - DAG(s) dict_keys(['example_nested_branch_dag']) retrieved from /home/airflow/.local/lib/python3.7/site-packages/airflow/example_dags/example_nested_branch_dag.py
[2022-06-27 02:10:14,318] {logging_mixin.py:115} INFO - [2022-06-27 02:10:14,318] {dag.py:2371} INFO - Sync 1 DAGs
[2022-06-27 02:10:14,732] {logging_mixin.py:115} INFO - [2022-06-27 02:10:14,731] {dag.py:2919} INFO - Setting next_dagrun for example_nested_branch_dag to 2022-06-26T00:00:00+00:00, run_after=2022-06-27T00:00:00+00:00
[2022-06-27 02:10:14,783] {processor.py:161} INFO - Processing /home/airflow/.local/lib/python3.7/site-packages/airflow/example_dags/example_nested_branch_dag.py took 0.591 seconds
[2022-06-27 02:10:44,999] {processor.py:153} INFO - Started process (PID=656) to work on /home/airflow/.local/lib/python3.7/site-packages/airflow/example_dags/example_nested_branch_dag.py
[2022-06-27 02:10:45,003] {processor.py:641} INFO - Processing file /home/airflow/.local/lib/python3.7/site-packages/airflow/example_dags/example_nested_branch_dag.py for tasks to queue
[2022-06-27 02:10:45,011] {logging_mixin.py:115} INFO - [2022-06-27 02:10:45,011] {dagbag.py:507} INFO - Filling up the DagBag from /home/airflow/.local/lib/python3.7/site-packages/airflow/example_dags/example_nested_branch_dag.py
[2022-06-27 02:10:45,081] {processor.py:651} INFO - DAG(s) dict_keys(['example_nested_branch_dag']) retrieved from /home/airflow/.local/lib/python3.7/site-packages/airflow/example_dags/example_nested_branch_dag.py
[2022-06-27 02:10:45,154] {logging_mixin.py:115} INFO - [2022-06-27 02:10:45,154] {dag.py:2371} INFO - Sync 1 DAGs
[2022-06-27 02:10:45,670] {logging_mixin.py:115} INFO - [2022-06-27 02:10:45,669] {dag.py:2919} INFO - Setting next_dagrun for example_nested_branch_dag to 2022-06-26T00:00:00+00:00, run_after=2022-06-27T00:00:00+00:00
[2022-06-27 02:10:45,716] {processor.py:161} INFO - Processing /home/airflow/.local/lib/python3.7/site-packages/airflow/example_dags/example_nested_branch_dag.py took 0.729 seconds
[2022-06-27 02:11:15,817] {processor.py:153} INFO - Started process (PID=708) to work on /home/airflow/.local/lib/python3.7/site-packages/airflow/example_dags/example_nested_branch_dag.py
[2022-06-27 02:11:15,821] {processor.py:641} INFO - Processing file /home/airflow/.local/lib/python3.7/site-packages/airflow/example_dags/example_nested_branch_dag.py for tasks to queue
[2022-06-27 02:11:15,823] {logging_mixin.py:115} INFO - [2022-06-27 02:11:15,823] {dagbag.py:507} INFO - Filling up the DagBag from /home/airflow/.local/lib/python3.7/site-packages/airflow/example_dags/example_nested_branch_dag.py
[2022-06-27 02:11:15,851] {processor.py:651} INFO - DAG(s) dict_keys(['example_nested_branch_dag']) retrieved from /home/airflow/.local/lib/python3.7/site-packages/airflow/example_dags/example_nested_branch_dag.py
[2022-06-27 02:11:15,915] {logging_mixin.py:115} INFO - [2022-06-27 02:11:15,914] {dag.py:2371} INFO - Sync 1 DAGs
[2022-06-27 02:11:16,168] {logging_mixin.py:115} INFO - [2022-06-27 02:11:16,167] {dag.py:2919} INFO - Setting next_dagrun for example_nested_branch_dag to 2022-06-26T00:00:00+00:00, run_after=2022-06-27T00:00:00+00:00
[2022-06-27 02:11:16,191] {processor.py:161} INFO - Processing /home/airflow/.local/lib/python3.7/site-packages/airflow/example_dags/example_nested_branch_dag.py took 0.384 seconds
[2022-06-27 02:11:46,312] {processor.py:153} INFO - Started process (PID=767) to work on /home/airflow/.local/lib/python3.7/site-packages/airflow/example_dags/example_nested_branch_dag.py
[2022-06-27 02:11:46,318] {processor.py:641} INFO - Processing file /home/airflow/.local/lib/python3.7/site-packages/airflow/example_dags/example_nested_branch_dag.py for tasks to queue
[2022-06-27 02:11:46,321] {logging_mixin.py:115} INFO - [2022-06-27 02:11:46,321] {dagbag.py:507} INFO - Filling up the DagBag from /home/airflow/.local/lib/python3.7/site-packages/airflow/example_dags/example_nested_branch_dag.py
[2022-06-27 02:11:46,354] {processor.py:651} INFO - DAG(s) dict_keys(['example_nested_branch_dag']) retrieved from /home/airflow/.local/lib/python3.7/site-packages/airflow/example_dags/example_nested_branch_dag.py
[2022-06-27 02:11:46,451] {logging_mixin.py:115} INFO - [2022-06-27 02:11:46,451] {dag.py:2371} INFO - Sync 1 DAGs
[2022-06-27 02:11:46,772] {logging_mixin.py:115} INFO - [2022-06-27 02:11:46,771] {dag.py:2919} INFO - Setting next_dagrun for example_nested_branch_dag to 2022-06-26T00:00:00+00:00, run_after=2022-06-27T00:00:00+00:00
[2022-06-27 02:11:46,798] {processor.py:161} INFO - Processing /home/airflow/.local/lib/python3.7/site-packages/airflow/example_dags/example_nested_branch_dag.py took 0.496 seconds
[2022-06-27 02:12:17,611] {processor.py:153} INFO - Started process (PID=822) to work on /home/airflow/.local/lib/python3.7/site-packages/airflow/example_dags/example_nested_branch_dag.py
[2022-06-27 02:12:17,614] {processor.py:641} INFO - Processing file /home/airflow/.local/lib/python3.7/site-packages/airflow/example_dags/example_nested_branch_dag.py for tasks to queue
[2022-06-27 02:12:17,616] {logging_mixin.py:115} INFO - [2022-06-27 02:12:17,616] {dagbag.py:507} INFO - Filling up the DagBag from /home/airflow/.local/lib/python3.7/site-packages/airflow/example_dags/example_nested_branch_dag.py
[2022-06-27 02:12:17,640] {processor.py:651} INFO - DAG(s) dict_keys(['example_nested_branch_dag']) retrieved from /home/airflow/.local/lib/python3.7/site-packages/airflow/example_dags/example_nested_branch_dag.py
[2022-06-27 02:12:17,702] {logging_mixin.py:115} INFO - [2022-06-27 02:12:17,702] {dag.py:2371} INFO - Sync 1 DAGs
[2022-06-27 02:12:18,079] {logging_mixin.py:115} INFO - [2022-06-27 02:12:18,078] {dag.py:2919} INFO - Setting next_dagrun for example_nested_branch_dag to 2022-06-26T00:00:00+00:00, run_after=2022-06-27T00:00:00+00:00
[2022-06-27 02:12:18,110] {processor.py:161} INFO - Processing /home/airflow/.local/lib/python3.7/site-packages/airflow/example_dags/example_nested_branch_dag.py took 0.505 seconds
[2022-06-27 02:12:48,608] {processor.py:153} INFO - Started process (PID=883) to work on /home/airflow/.local/lib/python3.7/site-packages/airflow/example_dags/example_nested_branch_dag.py
[2022-06-27 02:12:48,611] {processor.py:641} INFO - Processing file /home/airflow/.local/lib/python3.7/site-packages/airflow/example_dags/example_nested_branch_dag.py for tasks to queue
[2022-06-27 02:12:48,613] {logging_mixin.py:115} INFO - [2022-06-27 02:12:48,613] {dagbag.py:507} INFO - Filling up the DagBag from /home/airflow/.local/lib/python3.7/site-packages/airflow/example_dags/example_nested_branch_dag.py
[2022-06-27 02:12:48,663] {processor.py:651} INFO - DAG(s) dict_keys(['example_nested_branch_dag']) retrieved from /home/airflow/.local/lib/python3.7/site-packages/airflow/example_dags/example_nested_branch_dag.py
[2022-06-27 02:12:48,754] {logging_mixin.py:115} INFO - [2022-06-27 02:12:48,754] {dag.py:2371} INFO - Sync 1 DAGs
[2022-06-27 02:12:49,058] {logging_mixin.py:115} INFO - [2022-06-27 02:12:49,058] {dag.py:2919} INFO - Setting next_dagrun for example_nested_branch_dag to 2022-06-26T00:00:00+00:00, run_after=2022-06-27T00:00:00+00:00
[2022-06-27 02:12:49,081] {processor.py:161} INFO - Processing /home/airflow/.local/lib/python3.7/site-packages/airflow/example_dags/example_nested_branch_dag.py took 0.484 seconds
[2022-06-27 02:13:19,606] {processor.py:153} INFO - Started process (PID=936) to work on /home/airflow/.local/lib/python3.7/site-packages/airflow/example_dags/example_nested_branch_dag.py
[2022-06-27 02:13:19,611] {processor.py:641} INFO - Processing file /home/airflow/.local/lib/python3.7/site-packages/airflow/example_dags/example_nested_branch_dag.py for tasks to queue
[2022-06-27 02:13:19,618] {logging_mixin.py:115} INFO - [2022-06-27 02:13:19,617] {dagbag.py:507} INFO - Filling up the DagBag from /home/airflow/.local/lib/python3.7/site-packages/airflow/example_dags/example_nested_branch_dag.py
[2022-06-27 02:13:19,647] {processor.py:651} INFO - DAG(s) dict_keys(['example_nested_branch_dag']) retrieved from /home/airflow/.local/lib/python3.7/site-packages/airflow/example_dags/example_nested_branch_dag.py
[2022-06-27 02:13:19,751] {logging_mixin.py:115} INFO - [2022-06-27 02:13:19,751] {dag.py:2371} INFO - Sync 1 DAGs
[2022-06-27 02:13:19,985] {logging_mixin.py:115} INFO - [2022-06-27 02:13:19,985] {dag.py:2919} INFO - Setting next_dagrun for example_nested_branch_dag to 2022-06-26T00:00:00+00:00, run_after=2022-06-27T00:00:00+00:00
[2022-06-27 02:13:20,005] {processor.py:161} INFO - Processing /home/airflow/.local/lib/python3.7/site-packages/airflow/example_dags/example_nested_branch_dag.py took 0.414 seconds
[2022-06-27 02:13:50,405] {processor.py:153} INFO - Started process (PID=997) to work on /home/airflow/.local/lib/python3.7/site-packages/airflow/example_dags/example_nested_branch_dag.py
[2022-06-27 02:13:50,408] {processor.py:641} INFO - Processing file /home/airflow/.local/lib/python3.7/site-packages/airflow/example_dags/example_nested_branch_dag.py for tasks to queue
[2022-06-27 02:13:50,411] {logging_mixin.py:115} INFO - [2022-06-27 02:13:50,411] {dagbag.py:507} INFO - Filling up the DagBag from /home/airflow/.local/lib/python3.7/site-packages/airflow/example_dags/example_nested_branch_dag.py
[2022-06-27 02:13:50,438] {processor.py:651} INFO - DAG(s) dict_keys(['example_nested_branch_dag']) retrieved from /home/airflow/.local/lib/python3.7/site-packages/airflow/example_dags/example_nested_branch_dag.py
[2022-06-27 02:13:50,512] {logging_mixin.py:115} INFO - [2022-06-27 02:13:50,512] {dag.py:2371} INFO - Sync 1 DAGs
[2022-06-27 02:13:50,804] {logging_mixin.py:115} INFO - [2022-06-27 02:13:50,804] {dag.py:2919} INFO - Setting next_dagrun for example_nested_branch_dag to 2022-06-26T00:00:00+00:00, run_after=2022-06-27T00:00:00+00:00
[2022-06-27 02:13:50,828] {processor.py:161} INFO - Processing /home/airflow/.local/lib/python3.7/site-packages/airflow/example_dags/example_nested_branch_dag.py took 0.430 seconds
[2022-06-27 02:14:26,656] {processor.py:153} INFO - Started process (PID=1048) to work on /home/airflow/.local/lib/python3.7/site-packages/airflow/example_dags/example_nested_branch_dag.py
[2022-06-27 02:14:26,659] {processor.py:641} INFO - Processing file /home/airflow/.local/lib/python3.7/site-packages/airflow/example_dags/example_nested_branch_dag.py for tasks to queue
[2022-06-27 02:14:26,668] {logging_mixin.py:115} INFO - [2022-06-27 02:14:26,668] {dagbag.py:507} INFO - Filling up the DagBag from /home/airflow/.local/lib/python3.7/site-packages/airflow/example_dags/example_nested_branch_dag.py
[2022-06-27 02:14:26,849] {processor.py:651} INFO - DAG(s) dict_keys(['example_nested_branch_dag']) retrieved from /home/airflow/.local/lib/python3.7/site-packages/airflow/example_dags/example_nested_branch_dag.py
[2022-06-27 02:14:27,071] {logging_mixin.py:115} INFO - [2022-06-27 02:14:27,071] {dag.py:2371} INFO - Sync 1 DAGs
[2022-06-27 02:14:27,717] {logging_mixin.py:115} INFO - [2022-06-27 02:14:27,717] {dag.py:2919} INFO - Setting next_dagrun for example_nested_branch_dag to 2022-06-26T00:00:00+00:00, run_after=2022-06-27T00:00:00+00:00
[2022-06-27 02:14:27,787] {processor.py:161} INFO - Processing /home/airflow/.local/lib/python3.7/site-packages/airflow/example_dags/example_nested_branch_dag.py took 1.154 seconds
