[2022-06-27 02:05:04,780] {processor.py:153} INFO - Started process (PID=85) to work on /home/airflow/.local/lib/python3.7/site-packages/airflow/example_dags/example_skip_dag.py
[2022-06-27 02:05:04,803] {processor.py:641} INFO - Processing file /home/airflow/.local/lib/python3.7/site-packages/airflow/example_dags/example_skip_dag.py for tasks to queue
[2022-06-27 02:05:04,908] {logging_mixin.py:115} INFO - [2022-06-27 02:05:04,907] {dagbag.py:507} INFO - Filling up the DagBag from /home/airflow/.local/lib/python3.7/site-packages/airflow/example_dags/example_skip_dag.py
[2022-06-27 02:05:05,630] {processor.py:651} INFO - DAG(s) dict_keys(['example_skip_dag']) retrieved from /home/airflow/.local/lib/python3.7/site-packages/airflow/example_dags/example_skip_dag.py
[2022-06-27 02:05:10,781] {logging_mixin.py:115} INFO - [2022-06-27 02:05:10,780] {manager.py:508} INFO - Created Permission View: can read on DAG:example_skip_dag
[2022-06-27 02:05:11,093] {logging_mixin.py:115} INFO - [2022-06-27 02:05:11,092] {manager.py:508} INFO - Created Permission View: can delete on DAG:example_skip_dag
[2022-06-27 02:05:11,182] {logging_mixin.py:115} INFO - [2022-06-27 02:05:11,181] {manager.py:508} INFO - Created Permission View: can edit on DAG:example_skip_dag
[2022-06-27 02:05:11,187] {logging_mixin.py:115} INFO - [2022-06-27 02:05:11,187] {dag.py:2371} INFO - Sync 1 DAGs
[2022-06-27 02:05:11,216] {logging_mixin.py:115} INFO - [2022-06-27 02:05:11,216] {dag.py:2390} INFO - Creating ORM DAG for example_skip_dag
[2022-06-27 02:05:11,248] {logging_mixin.py:115} INFO - [2022-06-27 02:05:11,248] {dag.py:2919} INFO - Setting next_dagrun for example_skip_dag to 2022-06-26T02:05:11.247204+00:00, run_after=2022-06-27T02:05:11.247204+00:00
[2022-06-27 02:05:11,508] {processor.py:161} INFO - Processing /home/airflow/.local/lib/python3.7/site-packages/airflow/example_dags/example_skip_dag.py took 7.209 seconds
[2022-06-27 02:06:05,815] {processor.py:153} INFO - Started process (PID=155) to work on /home/airflow/.local/lib/python3.7/site-packages/airflow/example_dags/example_skip_dag.py
[2022-06-27 02:06:05,819] {processor.py:641} INFO - Processing file /home/airflow/.local/lib/python3.7/site-packages/airflow/example_dags/example_skip_dag.py for tasks to queue
[2022-06-27 02:06:05,822] {logging_mixin.py:115} INFO - [2022-06-27 02:06:05,822] {dagbag.py:507} INFO - Filling up the DagBag from /home/airflow/.local/lib/python3.7/site-packages/airflow/example_dags/example_skip_dag.py
[2022-06-27 02:06:05,847] {processor.py:651} INFO - DAG(s) dict_keys(['example_skip_dag']) retrieved from /home/airflow/.local/lib/python3.7/site-packages/airflow/example_dags/example_skip_dag.py
[2022-06-27 02:06:05,941] {logging_mixin.py:115} INFO - [2022-06-27 02:06:05,940] {dag.py:2371} INFO - Sync 1 DAGs
[2022-06-27 02:06:06,063] {logging_mixin.py:115} INFO - [2022-06-27 02:06:06,063] {dag.py:2919} INFO - Setting next_dagrun for example_skip_dag to 2022-06-26T02:06:06.062084+00:00, run_after=2022-06-27T02:06:06.062084+00:00
[2022-06-27 02:06:06,137] {processor.py:161} INFO - Processing /home/airflow/.local/lib/python3.7/site-packages/airflow/example_dags/example_skip_dag.py took 0.333 seconds
[2022-06-27 02:06:37,236] {processor.py:153} INFO - Started process (PID=204) to work on /home/airflow/.local/lib/python3.7/site-packages/airflow/example_dags/example_skip_dag.py
[2022-06-27 02:06:37,240] {processor.py:641} INFO - Processing file /home/airflow/.local/lib/python3.7/site-packages/airflow/example_dags/example_skip_dag.py for tasks to queue
[2022-06-27 02:06:37,243] {logging_mixin.py:115} INFO - [2022-06-27 02:06:37,243] {dagbag.py:507} INFO - Filling up the DagBag from /home/airflow/.local/lib/python3.7/site-packages/airflow/example_dags/example_skip_dag.py
[2022-06-27 02:06:37,260] {processor.py:651} INFO - DAG(s) dict_keys(['example_skip_dag']) retrieved from /home/airflow/.local/lib/python3.7/site-packages/airflow/example_dags/example_skip_dag.py
[2022-06-27 02:06:37,360] {logging_mixin.py:115} INFO - [2022-06-27 02:06:37,360] {dag.py:2371} INFO - Sync 1 DAGs
[2022-06-27 02:06:37,434] {logging_mixin.py:115} INFO - [2022-06-27 02:06:37,434] {dag.py:2919} INFO - Setting next_dagrun for example_skip_dag to 2022-06-26T02:06:37.433720+00:00, run_after=2022-06-27T02:06:37.433720+00:00
[2022-06-27 02:06:37,463] {processor.py:161} INFO - Processing /home/airflow/.local/lib/python3.7/site-packages/airflow/example_dags/example_skip_dag.py took 0.237 seconds
[2022-06-27 02:07:08,704] {processor.py:153} INFO - Started process (PID=257) to work on /home/airflow/.local/lib/python3.7/site-packages/airflow/example_dags/example_skip_dag.py
[2022-06-27 02:07:08,721] {processor.py:641} INFO - Processing file /home/airflow/.local/lib/python3.7/site-packages/airflow/example_dags/example_skip_dag.py for tasks to queue
[2022-06-27 02:07:08,728] {logging_mixin.py:115} INFO - [2022-06-27 02:07:08,727] {dagbag.py:507} INFO - Filling up the DagBag from /home/airflow/.local/lib/python3.7/site-packages/airflow/example_dags/example_skip_dag.py
[2022-06-27 02:07:08,761] {processor.py:651} INFO - DAG(s) dict_keys(['example_skip_dag']) retrieved from /home/airflow/.local/lib/python3.7/site-packages/airflow/example_dags/example_skip_dag.py
[2022-06-27 02:07:08,866] {logging_mixin.py:115} INFO - [2022-06-27 02:07:08,865] {dag.py:2371} INFO - Sync 1 DAGs
[2022-06-27 02:07:08,950] {logging_mixin.py:115} INFO - [2022-06-27 02:07:08,950] {dag.py:2919} INFO - Setting next_dagrun for example_skip_dag to 2022-06-26T02:07:08.949362+00:00, run_after=2022-06-27T02:07:08.949362+00:00
[2022-06-27 02:07:08,993] {processor.py:161} INFO - Processing /home/airflow/.local/lib/python3.7/site-packages/airflow/example_dags/example_skip_dag.py took 0.307 seconds
[2022-06-27 02:07:39,196] {processor.py:153} INFO - Started process (PID=309) to work on /home/airflow/.local/lib/python3.7/site-packages/airflow/example_dags/example_skip_dag.py
[2022-06-27 02:07:39,199] {processor.py:641} INFO - Processing file /home/airflow/.local/lib/python3.7/site-packages/airflow/example_dags/example_skip_dag.py for tasks to queue
[2022-06-27 02:07:39,201] {logging_mixin.py:115} INFO - [2022-06-27 02:07:39,201] {dagbag.py:507} INFO - Filling up the DagBag from /home/airflow/.local/lib/python3.7/site-packages/airflow/example_dags/example_skip_dag.py
[2022-06-27 02:07:39,216] {processor.py:651} INFO - DAG(s) dict_keys(['example_skip_dag']) retrieved from /home/airflow/.local/lib/python3.7/site-packages/airflow/example_dags/example_skip_dag.py
[2022-06-27 02:07:39,285] {logging_mixin.py:115} INFO - [2022-06-27 02:07:39,285] {dag.py:2371} INFO - Sync 1 DAGs
[2022-06-27 02:07:39,370] {logging_mixin.py:115} INFO - [2022-06-27 02:07:39,370] {dag.py:2919} INFO - Setting next_dagrun for example_skip_dag to 2022-06-26T02:07:39.369959+00:00, run_after=2022-06-27T02:07:39.369959+00:00
[2022-06-27 02:07:39,402] {processor.py:161} INFO - Processing /home/airflow/.local/lib/python3.7/site-packages/airflow/example_dags/example_skip_dag.py took 0.213 seconds
[2022-06-27 02:08:09,958] {processor.py:153} INFO - Started process (PID=371) to work on /home/airflow/.local/lib/python3.7/site-packages/airflow/example_dags/example_skip_dag.py
[2022-06-27 02:08:09,960] {processor.py:641} INFO - Processing file /home/airflow/.local/lib/python3.7/site-packages/airflow/example_dags/example_skip_dag.py for tasks to queue
[2022-06-27 02:08:09,964] {logging_mixin.py:115} INFO - [2022-06-27 02:08:09,964] {dagbag.py:507} INFO - Filling up the DagBag from /home/airflow/.local/lib/python3.7/site-packages/airflow/example_dags/example_skip_dag.py
[2022-06-27 02:08:09,978] {processor.py:651} INFO - DAG(s) dict_keys(['example_skip_dag']) retrieved from /home/airflow/.local/lib/python3.7/site-packages/airflow/example_dags/example_skip_dag.py
[2022-06-27 02:08:10,029] {logging_mixin.py:115} INFO - [2022-06-27 02:08:10,029] {dag.py:2371} INFO - Sync 1 DAGs
[2022-06-27 02:08:10,068] {logging_mixin.py:115} INFO - [2022-06-27 02:08:10,068] {dag.py:2919} INFO - Setting next_dagrun for example_skip_dag to 2022-06-26T02:08:10.067793+00:00, run_after=2022-06-27T02:08:10.067793+00:00
[2022-06-27 02:08:10,087] {processor.py:161} INFO - Processing /home/airflow/.local/lib/python3.7/site-packages/airflow/example_dags/example_skip_dag.py took 0.136 seconds
[2022-06-27 02:08:40,633] {processor.py:153} INFO - Started process (PID=423) to work on /home/airflow/.local/lib/python3.7/site-packages/airflow/example_dags/example_skip_dag.py
[2022-06-27 02:08:40,636] {processor.py:641} INFO - Processing file /home/airflow/.local/lib/python3.7/site-packages/airflow/example_dags/example_skip_dag.py for tasks to queue
[2022-06-27 02:08:40,639] {logging_mixin.py:115} INFO - [2022-06-27 02:08:40,639] {dagbag.py:507} INFO - Filling up the DagBag from /home/airflow/.local/lib/python3.7/site-packages/airflow/example_dags/example_skip_dag.py
[2022-06-27 02:08:40,663] {processor.py:651} INFO - DAG(s) dict_keys(['example_skip_dag']) retrieved from /home/airflow/.local/lib/python3.7/site-packages/airflow/example_dags/example_skip_dag.py
[2022-06-27 02:08:40,748] {logging_mixin.py:115} INFO - [2022-06-27 02:08:40,748] {dag.py:2371} INFO - Sync 1 DAGs
[2022-06-27 02:08:40,810] {logging_mixin.py:115} INFO - [2022-06-27 02:08:40,809] {dag.py:2919} INFO - Setting next_dagrun for example_skip_dag to 2022-06-26T02:08:40.809415+00:00, run_after=2022-06-27T02:08:40.809415+00:00
[2022-06-27 02:08:40,845] {processor.py:161} INFO - Processing /home/airflow/.local/lib/python3.7/site-packages/airflow/example_dags/example_skip_dag.py took 0.222 seconds
[2022-06-27 02:09:11,679] {processor.py:153} INFO - Started process (PID=486) to work on /home/airflow/.local/lib/python3.7/site-packages/airflow/example_dags/example_skip_dag.py
[2022-06-27 02:09:11,682] {processor.py:641} INFO - Processing file /home/airflow/.local/lib/python3.7/site-packages/airflow/example_dags/example_skip_dag.py for tasks to queue
[2022-06-27 02:09:11,686] {logging_mixin.py:115} INFO - [2022-06-27 02:09:11,686] {dagbag.py:507} INFO - Filling up the DagBag from /home/airflow/.local/lib/python3.7/site-packages/airflow/example_dags/example_skip_dag.py
[2022-06-27 02:09:11,719] {processor.py:651} INFO - DAG(s) dict_keys(['example_skip_dag']) retrieved from /home/airflow/.local/lib/python3.7/site-packages/airflow/example_dags/example_skip_dag.py
[2022-06-27 02:09:11,793] {logging_mixin.py:115} INFO - [2022-06-27 02:09:11,793] {dag.py:2371} INFO - Sync 1 DAGs
[2022-06-27 02:09:11,836] {logging_mixin.py:115} INFO - [2022-06-27 02:09:11,836] {dag.py:2919} INFO - Setting next_dagrun for example_skip_dag to 2022-06-26T02:09:11.836474+00:00, run_after=2022-06-27T02:09:11.836474+00:00
[2022-06-27 02:09:11,856] {processor.py:161} INFO - Processing /home/airflow/.local/lib/python3.7/site-packages/airflow/example_dags/example_skip_dag.py took 0.185 seconds
[2022-06-27 02:09:42,356] {processor.py:153} INFO - Started process (PID=540) to work on /home/airflow/.local/lib/python3.7/site-packages/airflow/example_dags/example_skip_dag.py
[2022-06-27 02:09:42,363] {processor.py:641} INFO - Processing file /home/airflow/.local/lib/python3.7/site-packages/airflow/example_dags/example_skip_dag.py for tasks to queue
[2022-06-27 02:09:42,373] {logging_mixin.py:115} INFO - [2022-06-27 02:09:42,372] {dagbag.py:507} INFO - Filling up the DagBag from /home/airflow/.local/lib/python3.7/site-packages/airflow/example_dags/example_skip_dag.py
[2022-06-27 02:09:42,389] {processor.py:651} INFO - DAG(s) dict_keys(['example_skip_dag']) retrieved from /home/airflow/.local/lib/python3.7/site-packages/airflow/example_dags/example_skip_dag.py
[2022-06-27 02:09:42,511] {logging_mixin.py:115} INFO - [2022-06-27 02:09:42,510] {dag.py:2371} INFO - Sync 1 DAGs
[2022-06-27 02:09:42,675] {logging_mixin.py:115} INFO - [2022-06-27 02:09:42,675] {dag.py:2919} INFO - Setting next_dagrun for example_skip_dag to 2022-06-26T02:09:42.673201+00:00, run_after=2022-06-27T02:09:42.673201+00:00
[2022-06-27 02:09:42,731] {processor.py:161} INFO - Processing /home/airflow/.local/lib/python3.7/site-packages/airflow/example_dags/example_skip_dag.py took 0.391 seconds
[2022-06-27 02:10:13,177] {processor.py:153} INFO - Started process (PID=599) to work on /home/airflow/.local/lib/python3.7/site-packages/airflow/example_dags/example_skip_dag.py
[2022-06-27 02:10:13,182] {processor.py:641} INFO - Processing file /home/airflow/.local/lib/python3.7/site-packages/airflow/example_dags/example_skip_dag.py for tasks to queue
[2022-06-27 02:10:13,187] {logging_mixin.py:115} INFO - [2022-06-27 02:10:13,186] {dagbag.py:507} INFO - Filling up the DagBag from /home/airflow/.local/lib/python3.7/site-packages/airflow/example_dags/example_skip_dag.py
[2022-06-27 02:10:13,208] {processor.py:651} INFO - DAG(s) dict_keys(['example_skip_dag']) retrieved from /home/airflow/.local/lib/python3.7/site-packages/airflow/example_dags/example_skip_dag.py
[2022-06-27 02:10:13,284] {logging_mixin.py:115} INFO - [2022-06-27 02:10:13,284] {dag.py:2371} INFO - Sync 1 DAGs
[2022-06-27 02:10:13,558] {logging_mixin.py:115} INFO - [2022-06-27 02:10:13,558] {dag.py:2919} INFO - Setting next_dagrun for example_skip_dag to 2022-06-26T02:10:13.557978+00:00, run_after=2022-06-27T02:10:13.557978+00:00
[2022-06-27 02:10:13,590] {processor.py:161} INFO - Processing /home/airflow/.local/lib/python3.7/site-packages/airflow/example_dags/example_skip_dag.py took 0.424 seconds
[2022-06-27 02:10:44,921] {processor.py:153} INFO - Started process (PID=655) to work on /home/airflow/.local/lib/python3.7/site-packages/airflow/example_dags/example_skip_dag.py
[2022-06-27 02:10:44,927] {processor.py:641} INFO - Processing file /home/airflow/.local/lib/python3.7/site-packages/airflow/example_dags/example_skip_dag.py for tasks to queue
[2022-06-27 02:10:44,941] {logging_mixin.py:115} INFO - [2022-06-27 02:10:44,937] {dagbag.py:507} INFO - Filling up the DagBag from /home/airflow/.local/lib/python3.7/site-packages/airflow/example_dags/example_skip_dag.py
[2022-06-27 02:10:44,969] {processor.py:651} INFO - DAG(s) dict_keys(['example_skip_dag']) retrieved from /home/airflow/.local/lib/python3.7/site-packages/airflow/example_dags/example_skip_dag.py
[2022-06-27 02:10:45,097] {logging_mixin.py:115} INFO - [2022-06-27 02:10:45,097] {dag.py:2371} INFO - Sync 1 DAGs
[2022-06-27 02:10:45,527] {logging_mixin.py:115} INFO - [2022-06-27 02:10:45,527] {dag.py:2919} INFO - Setting next_dagrun for example_skip_dag to 2022-06-26T02:10:45.526912+00:00, run_after=2022-06-27T02:10:45.526912+00:00
[2022-06-27 02:10:45,580] {processor.py:161} INFO - Processing /home/airflow/.local/lib/python3.7/site-packages/airflow/example_dags/example_skip_dag.py took 0.676 seconds
[2022-06-27 02:11:15,792] {processor.py:153} INFO - Started process (PID=707) to work on /home/airflow/.local/lib/python3.7/site-packages/airflow/example_dags/example_skip_dag.py
[2022-06-27 02:11:15,795] {processor.py:641} INFO - Processing file /home/airflow/.local/lib/python3.7/site-packages/airflow/example_dags/example_skip_dag.py for tasks to queue
[2022-06-27 02:11:15,798] {logging_mixin.py:115} INFO - [2022-06-27 02:11:15,798] {dagbag.py:507} INFO - Filling up the DagBag from /home/airflow/.local/lib/python3.7/site-packages/airflow/example_dags/example_skip_dag.py
[2022-06-27 02:11:15,820] {processor.py:651} INFO - DAG(s) dict_keys(['example_skip_dag']) retrieved from /home/airflow/.local/lib/python3.7/site-packages/airflow/example_dags/example_skip_dag.py
[2022-06-27 02:11:15,889] {logging_mixin.py:115} INFO - [2022-06-27 02:11:15,889] {dag.py:2371} INFO - Sync 1 DAGs
[2022-06-27 02:11:16,153] {logging_mixin.py:115} INFO - [2022-06-27 02:11:16,153] {dag.py:2919} INFO - Setting next_dagrun for example_skip_dag to 2022-06-26T02:11:16.152716+00:00, run_after=2022-06-27T02:11:16.152716+00:00
[2022-06-27 02:11:16,177] {processor.py:161} INFO - Processing /home/airflow/.local/lib/python3.7/site-packages/airflow/example_dags/example_skip_dag.py took 0.391 seconds
[2022-06-27 02:11:46,298] {processor.py:153} INFO - Started process (PID=766) to work on /home/airflow/.local/lib/python3.7/site-packages/airflow/example_dags/example_skip_dag.py
[2022-06-27 02:11:46,314] {processor.py:641} INFO - Processing file /home/airflow/.local/lib/python3.7/site-packages/airflow/example_dags/example_skip_dag.py for tasks to queue
[2022-06-27 02:11:46,322] {logging_mixin.py:115} INFO - [2022-06-27 02:11:46,321] {dagbag.py:507} INFO - Filling up the DagBag from /home/airflow/.local/lib/python3.7/site-packages/airflow/example_dags/example_skip_dag.py
[2022-06-27 02:11:46,357] {processor.py:651} INFO - DAG(s) dict_keys(['example_skip_dag']) retrieved from /home/airflow/.local/lib/python3.7/site-packages/airflow/example_dags/example_skip_dag.py
[2022-06-27 02:11:46,458] {logging_mixin.py:115} INFO - [2022-06-27 02:11:46,458] {dag.py:2371} INFO - Sync 1 DAGs
[2022-06-27 02:11:46,768] {logging_mixin.py:115} INFO - [2022-06-27 02:11:46,768] {dag.py:2919} INFO - Setting next_dagrun for example_skip_dag to 2022-06-26T02:11:46.767863+00:00, run_after=2022-06-27T02:11:46.767863+00:00
[2022-06-27 02:11:46,798] {processor.py:161} INFO - Processing /home/airflow/.local/lib/python3.7/site-packages/airflow/example_dags/example_skip_dag.py took 0.516 seconds
[2022-06-27 02:12:17,416] {processor.py:153} INFO - Started process (PID=821) to work on /home/airflow/.local/lib/python3.7/site-packages/airflow/example_dags/example_skip_dag.py
[2022-06-27 02:12:17,419] {processor.py:641} INFO - Processing file /home/airflow/.local/lib/python3.7/site-packages/airflow/example_dags/example_skip_dag.py for tasks to queue
[2022-06-27 02:12:17,421] {logging_mixin.py:115} INFO - [2022-06-27 02:12:17,421] {dagbag.py:507} INFO - Filling up the DagBag from /home/airflow/.local/lib/python3.7/site-packages/airflow/example_dags/example_skip_dag.py
[2022-06-27 02:12:17,441] {processor.py:651} INFO - DAG(s) dict_keys(['example_skip_dag']) retrieved from /home/airflow/.local/lib/python3.7/site-packages/airflow/example_dags/example_skip_dag.py
[2022-06-27 02:12:17,510] {logging_mixin.py:115} INFO - [2022-06-27 02:12:17,510] {dag.py:2371} INFO - Sync 1 DAGs
[2022-06-27 02:12:17,843] {logging_mixin.py:115} INFO - [2022-06-27 02:12:17,842] {dag.py:2919} INFO - Setting next_dagrun for example_skip_dag to 2022-06-26T02:12:17.842245+00:00, run_after=2022-06-27T02:12:17.842245+00:00
[2022-06-27 02:12:17,870] {processor.py:161} INFO - Processing /home/airflow/.local/lib/python3.7/site-packages/airflow/example_dags/example_skip_dag.py took 0.460 seconds
[2022-06-27 02:12:48,131] {processor.py:153} INFO - Started process (PID=882) to work on /home/airflow/.local/lib/python3.7/site-packages/airflow/example_dags/example_skip_dag.py
[2022-06-27 02:12:48,134] {processor.py:641} INFO - Processing file /home/airflow/.local/lib/python3.7/site-packages/airflow/example_dags/example_skip_dag.py for tasks to queue
[2022-06-27 02:12:48,137] {logging_mixin.py:115} INFO - [2022-06-27 02:12:48,136] {dagbag.py:507} INFO - Filling up the DagBag from /home/airflow/.local/lib/python3.7/site-packages/airflow/example_dags/example_skip_dag.py
[2022-06-27 02:12:48,154] {processor.py:651} INFO - DAG(s) dict_keys(['example_skip_dag']) retrieved from /home/airflow/.local/lib/python3.7/site-packages/airflow/example_dags/example_skip_dag.py
[2022-06-27 02:12:48,219] {logging_mixin.py:115} INFO - [2022-06-27 02:12:48,219] {dag.py:2371} INFO - Sync 1 DAGs
[2022-06-27 02:12:48,505] {logging_mixin.py:115} INFO - [2022-06-27 02:12:48,504] {dag.py:2919} INFO - Setting next_dagrun for example_skip_dag to 2022-06-26T02:12:48.502664+00:00, run_after=2022-06-27T02:12:48.502664+00:00
[2022-06-27 02:12:48,535] {processor.py:161} INFO - Processing /home/airflow/.local/lib/python3.7/site-packages/airflow/example_dags/example_skip_dag.py took 0.412 seconds
[2022-06-27 02:13:19,090] {processor.py:153} INFO - Started process (PID=935) to work on /home/airflow/.local/lib/python3.7/site-packages/airflow/example_dags/example_skip_dag.py
[2022-06-27 02:13:19,093] {processor.py:641} INFO - Processing file /home/airflow/.local/lib/python3.7/site-packages/airflow/example_dags/example_skip_dag.py for tasks to queue
[2022-06-27 02:13:19,096] {logging_mixin.py:115} INFO - [2022-06-27 02:13:19,096] {dagbag.py:507} INFO - Filling up the DagBag from /home/airflow/.local/lib/python3.7/site-packages/airflow/example_dags/example_skip_dag.py
[2022-06-27 02:13:19,111] {processor.py:651} INFO - DAG(s) dict_keys(['example_skip_dag']) retrieved from /home/airflow/.local/lib/python3.7/site-packages/airflow/example_dags/example_skip_dag.py
[2022-06-27 02:13:19,169] {logging_mixin.py:115} INFO - [2022-06-27 02:13:19,169] {dag.py:2371} INFO - Sync 1 DAGs
[2022-06-27 02:13:19,451] {logging_mixin.py:115} INFO - [2022-06-27 02:13:19,451] {dag.py:2919} INFO - Setting next_dagrun for example_skip_dag to 2022-06-26T02:13:19.450410+00:00, run_after=2022-06-27T02:13:19.450410+00:00
[2022-06-27 02:13:19,497] {processor.py:161} INFO - Processing /home/airflow/.local/lib/python3.7/site-packages/airflow/example_dags/example_skip_dag.py took 0.413 seconds
[2022-06-27 02:13:49,927] {processor.py:153} INFO - Started process (PID=994) to work on /home/airflow/.local/lib/python3.7/site-packages/airflow/example_dags/example_skip_dag.py
[2022-06-27 02:13:49,932] {processor.py:641} INFO - Processing file /home/airflow/.local/lib/python3.7/site-packages/airflow/example_dags/example_skip_dag.py for tasks to queue
[2022-06-27 02:13:49,937] {logging_mixin.py:115} INFO - [2022-06-27 02:13:49,936] {dagbag.py:507} INFO - Filling up the DagBag from /home/airflow/.local/lib/python3.7/site-packages/airflow/example_dags/example_skip_dag.py
[2022-06-27 02:13:49,955] {processor.py:651} INFO - DAG(s) dict_keys(['example_skip_dag']) retrieved from /home/airflow/.local/lib/python3.7/site-packages/airflow/example_dags/example_skip_dag.py
[2022-06-27 02:13:50,027] {logging_mixin.py:115} INFO - [2022-06-27 02:13:50,026] {dag.py:2371} INFO - Sync 1 DAGs
[2022-06-27 02:13:50,287] {logging_mixin.py:115} INFO - [2022-06-27 02:13:50,287] {dag.py:2919} INFO - Setting next_dagrun for example_skip_dag to 2022-06-26T02:13:50.287196+00:00, run_after=2022-06-27T02:13:50.287196+00:00
[2022-06-27 02:13:50,318] {processor.py:161} INFO - Processing /home/airflow/.local/lib/python3.7/site-packages/airflow/example_dags/example_skip_dag.py took 0.405 seconds
[2022-06-27 02:14:26,460] {processor.py:153} INFO - Started process (PID=1047) to work on /home/airflow/.local/lib/python3.7/site-packages/airflow/example_dags/example_skip_dag.py
[2022-06-27 02:14:26,465] {processor.py:641} INFO - Processing file /home/airflow/.local/lib/python3.7/site-packages/airflow/example_dags/example_skip_dag.py for tasks to queue
[2022-06-27 02:14:26,470] {logging_mixin.py:115} INFO - [2022-06-27 02:14:26,469] {dagbag.py:507} INFO - Filling up the DagBag from /home/airflow/.local/lib/python3.7/site-packages/airflow/example_dags/example_skip_dag.py
[2022-06-27 02:14:26,649] {processor.py:651} INFO - DAG(s) dict_keys(['example_skip_dag']) retrieved from /home/airflow/.local/lib/python3.7/site-packages/airflow/example_dags/example_skip_dag.py
[2022-06-27 02:14:26,964] {logging_mixin.py:115} INFO - [2022-06-27 02:14:26,964] {dag.py:2371} INFO - Sync 1 DAGs
[2022-06-27 02:14:27,578] {logging_mixin.py:115} INFO - [2022-06-27 02:14:27,578] {dag.py:2919} INFO - Setting next_dagrun for example_skip_dag to 2022-06-26T02:14:27.577987+00:00, run_after=2022-06-27T02:14:27.577987+00:00
[2022-06-27 02:14:27,639] {processor.py:161} INFO - Processing /home/airflow/.local/lib/python3.7/site-packages/airflow/example_dags/example_skip_dag.py took 1.268 seconds
