[2022-06-27 02:05:56,976] {processor.py:153} INFO - Started process (PID=133) to work on /home/airflow/.local/lib/python3.7/site-packages/airflow/example_dags/example_kubernetes_executor.py
[2022-06-27 02:05:56,996] {processor.py:641} INFO - Processing file /home/airflow/.local/lib/python3.7/site-packages/airflow/example_dags/example_kubernetes_executor.py for tasks to queue
[2022-06-27 02:05:57,011] {logging_mixin.py:115} INFO - [2022-06-27 02:05:57,010] {dagbag.py:507} INFO - Filling up the DagBag from /home/airflow/.local/lib/python3.7/site-packages/airflow/example_dags/example_kubernetes_executor.py
[2022-06-27 02:05:57,186] {processor.py:651} INFO - DAG(s) dict_keys(['example_kubernetes_executor']) retrieved from /home/airflow/.local/lib/python3.7/site-packages/airflow/example_dags/example_kubernetes_executor.py
[2022-06-27 02:05:58,294] {logging_mixin.py:115} INFO - [2022-06-27 02:05:58,293] {manager.py:508} INFO - Created Permission View: can read on DAG:example_kubernetes_executor
[2022-06-27 02:05:58,374] {logging_mixin.py:115} INFO - [2022-06-27 02:05:58,373] {manager.py:508} INFO - Created Permission View: can delete on DAG:example_kubernetes_executor
[2022-06-27 02:05:58,431] {logging_mixin.py:115} INFO - [2022-06-27 02:05:58,431] {manager.py:508} INFO - Created Permission View: can edit on DAG:example_kubernetes_executor
[2022-06-27 02:05:58,439] {logging_mixin.py:115} INFO - [2022-06-27 02:05:58,438] {dag.py:2371} INFO - Sync 1 DAGs
[2022-06-27 02:05:58,482] {logging_mixin.py:115} INFO - [2022-06-27 02:05:58,481] {dag.py:2390} INFO - Creating ORM DAG for example_kubernetes_executor
[2022-06-27 02:05:58,555] {logging_mixin.py:115} INFO - [2022-06-27 02:05:58,555] {dag.py:2919} INFO - Setting next_dagrun for example_kubernetes_executor to None, run_after=None
[2022-06-27 02:05:58,664] {processor.py:161} INFO - Processing /home/airflow/.local/lib/python3.7/site-packages/airflow/example_dags/example_kubernetes_executor.py took 1.709 seconds
[2022-06-27 02:06:29,257] {processor.py:153} INFO - Started process (PID=184) to work on /home/airflow/.local/lib/python3.7/site-packages/airflow/example_dags/example_kubernetes_executor.py
[2022-06-27 02:06:29,260] {processor.py:641} INFO - Processing file /home/airflow/.local/lib/python3.7/site-packages/airflow/example_dags/example_kubernetes_executor.py for tasks to queue
[2022-06-27 02:06:29,263] {logging_mixin.py:115} INFO - [2022-06-27 02:06:29,263] {dagbag.py:507} INFO - Filling up the DagBag from /home/airflow/.local/lib/python3.7/site-packages/airflow/example_dags/example_kubernetes_executor.py
[2022-06-27 02:06:29,333] {processor.py:651} INFO - DAG(s) dict_keys(['example_kubernetes_executor']) retrieved from /home/airflow/.local/lib/python3.7/site-packages/airflow/example_dags/example_kubernetes_executor.py
[2022-06-27 02:06:29,420] {logging_mixin.py:115} INFO - [2022-06-27 02:06:29,420] {dag.py:2371} INFO - Sync 1 DAGs
[2022-06-27 02:06:29,817] {logging_mixin.py:115} INFO - [2022-06-27 02:06:29,816] {dag.py:2919} INFO - Setting next_dagrun for example_kubernetes_executor to None, run_after=None
[2022-06-27 02:06:29,851] {processor.py:161} INFO - Processing /home/airflow/.local/lib/python3.7/site-packages/airflow/example_dags/example_kubernetes_executor.py took 0.602 seconds
[2022-06-27 02:07:00,452] {processor.py:153} INFO - Started process (PID=236) to work on /home/airflow/.local/lib/python3.7/site-packages/airflow/example_dags/example_kubernetes_executor.py
[2022-06-27 02:07:00,455] {processor.py:641} INFO - Processing file /home/airflow/.local/lib/python3.7/site-packages/airflow/example_dags/example_kubernetes_executor.py for tasks to queue
[2022-06-27 02:07:00,458] {logging_mixin.py:115} INFO - [2022-06-27 02:07:00,457] {dagbag.py:507} INFO - Filling up the DagBag from /home/airflow/.local/lib/python3.7/site-packages/airflow/example_dags/example_kubernetes_executor.py
[2022-06-27 02:07:00,494] {processor.py:651} INFO - DAG(s) dict_keys(['example_kubernetes_executor']) retrieved from /home/airflow/.local/lib/python3.7/site-packages/airflow/example_dags/example_kubernetes_executor.py
[2022-06-27 02:07:00,556] {logging_mixin.py:115} INFO - [2022-06-27 02:07:00,556] {dag.py:2371} INFO - Sync 1 DAGs
[2022-06-27 02:07:00,812] {logging_mixin.py:115} INFO - [2022-06-27 02:07:00,812] {dag.py:2919} INFO - Setting next_dagrun for example_kubernetes_executor to None, run_after=None
[2022-06-27 02:07:00,839] {processor.py:161} INFO - Processing /home/airflow/.local/lib/python3.7/site-packages/airflow/example_dags/example_kubernetes_executor.py took 0.396 seconds
[2022-06-27 02:07:31,197] {processor.py:153} INFO - Started process (PID=296) to work on /home/airflow/.local/lib/python3.7/site-packages/airflow/example_dags/example_kubernetes_executor.py
[2022-06-27 02:07:31,201] {processor.py:641} INFO - Processing file /home/airflow/.local/lib/python3.7/site-packages/airflow/example_dags/example_kubernetes_executor.py for tasks to queue
[2022-06-27 02:07:31,204] {logging_mixin.py:115} INFO - [2022-06-27 02:07:31,203] {dagbag.py:507} INFO - Filling up the DagBag from /home/airflow/.local/lib/python3.7/site-packages/airflow/example_dags/example_kubernetes_executor.py
[2022-06-27 02:07:31,284] {processor.py:651} INFO - DAG(s) dict_keys(['example_kubernetes_executor']) retrieved from /home/airflow/.local/lib/python3.7/site-packages/airflow/example_dags/example_kubernetes_executor.py
[2022-06-27 02:07:31,371] {logging_mixin.py:115} INFO - [2022-06-27 02:07:31,371] {dag.py:2371} INFO - Sync 1 DAGs
[2022-06-27 02:07:31,369] {logging_mixin.py:115} INFO - [2022-06-27 02:07:31,368] {dag.py:2919} INFO - Setting next_dagrun for example_kubernetes_executor to None, run_after=None
[2022-06-27 02:07:31,444] {processor.py:161} INFO - Processing /home/airflow/.local/lib/python3.7/site-packages/airflow/example_dags/example_kubernetes_executor.py took 0.623 seconds
[2022-06-27 02:08:01,664] {processor.py:153} INFO - Started process (PID=349) to work on /home/airflow/.local/lib/python3.7/site-packages/airflow/example_dags/example_kubernetes_executor.py
[2022-06-27 02:08:01,670] {processor.py:641} INFO - Processing file /home/airflow/.local/lib/python3.7/site-packages/airflow/example_dags/example_kubernetes_executor.py for tasks to queue
[2022-06-27 02:08:01,676] {logging_mixin.py:115} INFO - [2022-06-27 02:08:01,675] {dagbag.py:507} INFO - Filling up the DagBag from /home/airflow/.local/lib/python3.7/site-packages/airflow/example_dags/example_kubernetes_executor.py
[2022-06-27 02:08:01,799] {processor.py:651} INFO - DAG(s) dict_keys(['example_kubernetes_executor']) retrieved from /home/airflow/.local/lib/python3.7/site-packages/airflow/example_dags/example_kubernetes_executor.py
[2022-06-27 02:08:01,985] {logging_mixin.py:115} INFO - [2022-06-27 02:08:01,984] {dag.py:2371} INFO - Sync 1 DAGs
[2022-06-27 02:08:02,392] {logging_mixin.py:115} INFO - [2022-06-27 02:08:02,392] {dag.py:2919} INFO - Setting next_dagrun for example_kubernetes_executor to None, run_after=None
[2022-06-27 02:08:02,437] {processor.py:161} INFO - Processing /home/airflow/.local/lib/python3.7/site-packages/airflow/example_dags/example_kubernetes_executor.py took 0.783 seconds
[2022-06-27 02:08:32,869] {processor.py:153} INFO - Started process (PID=410) to work on /home/airflow/.local/lib/python3.7/site-packages/airflow/example_dags/example_kubernetes_executor.py
[2022-06-27 02:08:32,871] {processor.py:641} INFO - Processing file /home/airflow/.local/lib/python3.7/site-packages/airflow/example_dags/example_kubernetes_executor.py for tasks to queue
[2022-06-27 02:08:32,873] {logging_mixin.py:115} INFO - [2022-06-27 02:08:32,873] {dagbag.py:507} INFO - Filling up the DagBag from /home/airflow/.local/lib/python3.7/site-packages/airflow/example_dags/example_kubernetes_executor.py
[2022-06-27 02:08:32,926] {processor.py:651} INFO - DAG(s) dict_keys(['example_kubernetes_executor']) retrieved from /home/airflow/.local/lib/python3.7/site-packages/airflow/example_dags/example_kubernetes_executor.py
[2022-06-27 02:08:33,000] {logging_mixin.py:115} INFO - [2022-06-27 02:08:33,000] {dag.py:2371} INFO - Sync 1 DAGs
[2022-06-27 02:08:33,279] {logging_mixin.py:115} INFO - [2022-06-27 02:08:33,279] {dag.py:2919} INFO - Setting next_dagrun for example_kubernetes_executor to None, run_after=None
[2022-06-27 02:08:33,321] {processor.py:161} INFO - Processing /home/airflow/.local/lib/python3.7/site-packages/airflow/example_dags/example_kubernetes_executor.py took 0.459 seconds
[2022-06-27 02:09:03,530] {processor.py:153} INFO - Started process (PID=463) to work on /home/airflow/.local/lib/python3.7/site-packages/airflow/example_dags/example_kubernetes_executor.py
[2022-06-27 02:09:03,532] {processor.py:641} INFO - Processing file /home/airflow/.local/lib/python3.7/site-packages/airflow/example_dags/example_kubernetes_executor.py for tasks to queue
[2022-06-27 02:09:03,535] {logging_mixin.py:115} INFO - [2022-06-27 02:09:03,534] {dagbag.py:507} INFO - Filling up the DagBag from /home/airflow/.local/lib/python3.7/site-packages/airflow/example_dags/example_kubernetes_executor.py
[2022-06-27 02:09:03,570] {processor.py:651} INFO - DAG(s) dict_keys(['example_kubernetes_executor']) retrieved from /home/airflow/.local/lib/python3.7/site-packages/airflow/example_dags/example_kubernetes_executor.py
[2022-06-27 02:09:03,639] {logging_mixin.py:115} INFO - [2022-06-27 02:09:03,639] {dag.py:2371} INFO - Sync 1 DAGs
[2022-06-27 02:09:03,886] {logging_mixin.py:115} INFO - [2022-06-27 02:09:03,886] {dag.py:2919} INFO - Setting next_dagrun for example_kubernetes_executor to None, run_after=None
[2022-06-27 02:09:03,907] {processor.py:161} INFO - Processing /home/airflow/.local/lib/python3.7/site-packages/airflow/example_dags/example_kubernetes_executor.py took 0.385 seconds
[2022-06-27 02:09:34,255] {processor.py:153} INFO - Started process (PID=525) to work on /home/airflow/.local/lib/python3.7/site-packages/airflow/example_dags/example_kubernetes_executor.py
[2022-06-27 02:09:34,262] {processor.py:641} INFO - Processing file /home/airflow/.local/lib/python3.7/site-packages/airflow/example_dags/example_kubernetes_executor.py for tasks to queue
[2022-06-27 02:09:34,270] {logging_mixin.py:115} INFO - [2022-06-27 02:09:34,269] {dagbag.py:507} INFO - Filling up the DagBag from /home/airflow/.local/lib/python3.7/site-packages/airflow/example_dags/example_kubernetes_executor.py
[2022-06-27 02:09:34,440] {processor.py:651} INFO - DAG(s) dict_keys(['example_kubernetes_executor']) retrieved from /home/airflow/.local/lib/python3.7/site-packages/airflow/example_dags/example_kubernetes_executor.py
[2022-06-27 02:09:34,560] {logging_mixin.py:115} INFO - [2022-06-27 02:09:34,559] {dag.py:2371} INFO - Sync 1 DAGs
[2022-06-27 02:09:34,888] {logging_mixin.py:115} INFO - [2022-06-27 02:09:34,888] {dag.py:2919} INFO - Setting next_dagrun for example_kubernetes_executor to None, run_after=None
[2022-06-27 02:09:34,927] {processor.py:161} INFO - Processing /home/airflow/.local/lib/python3.7/site-packages/airflow/example_dags/example_kubernetes_executor.py took 0.686 seconds
[2022-06-27 02:10:05,208] {processor.py:153} INFO - Started process (PID=579) to work on /home/airflow/.local/lib/python3.7/site-packages/airflow/example_dags/example_kubernetes_executor.py
[2022-06-27 02:10:05,211] {processor.py:641} INFO - Processing file /home/airflow/.local/lib/python3.7/site-packages/airflow/example_dags/example_kubernetes_executor.py for tasks to queue
[2022-06-27 02:10:05,213] {logging_mixin.py:115} INFO - [2022-06-27 02:10:05,213] {dagbag.py:507} INFO - Filling up the DagBag from /home/airflow/.local/lib/python3.7/site-packages/airflow/example_dags/example_kubernetes_executor.py
[2022-06-27 02:10:05,249] {processor.py:651} INFO - DAG(s) dict_keys(['example_kubernetes_executor']) retrieved from /home/airflow/.local/lib/python3.7/site-packages/airflow/example_dags/example_kubernetes_executor.py
[2022-06-27 02:10:05,458] {logging_mixin.py:115} INFO - [2022-06-27 02:10:05,458] {dag.py:2371} INFO - Sync 1 DAGs
[2022-06-27 02:10:05,523] {logging_mixin.py:115} INFO - [2022-06-27 02:10:05,523] {dag.py:2919} INFO - Setting next_dagrun for example_kubernetes_executor to None, run_after=None
[2022-06-27 02:10:05,565] {processor.py:161} INFO - Processing /home/airflow/.local/lib/python3.7/site-packages/airflow/example_dags/example_kubernetes_executor.py took 0.367 seconds
[2022-06-27 02:10:36,045] {processor.py:153} INFO - Started process (PID=632) to work on /home/airflow/.local/lib/python3.7/site-packages/airflow/example_dags/example_kubernetes_executor.py
[2022-06-27 02:10:36,047] {processor.py:641} INFO - Processing file /home/airflow/.local/lib/python3.7/site-packages/airflow/example_dags/example_kubernetes_executor.py for tasks to queue
[2022-06-27 02:10:36,049] {logging_mixin.py:115} INFO - [2022-06-27 02:10:36,049] {dagbag.py:507} INFO - Filling up the DagBag from /home/airflow/.local/lib/python3.7/site-packages/airflow/example_dags/example_kubernetes_executor.py
[2022-06-27 02:10:36,092] {processor.py:651} INFO - DAG(s) dict_keys(['example_kubernetes_executor']) retrieved from /home/airflow/.local/lib/python3.7/site-packages/airflow/example_dags/example_kubernetes_executor.py
[2022-06-27 02:10:36,417] {logging_mixin.py:115} INFO - [2022-06-27 02:10:36,417] {dag.py:2371} INFO - Sync 1 DAGs
[2022-06-27 02:10:36,457] {logging_mixin.py:115} INFO - [2022-06-27 02:10:36,457] {dag.py:2919} INFO - Setting next_dagrun for example_kubernetes_executor to None, run_after=None
[2022-06-27 02:10:36,481] {processor.py:161} INFO - Processing /home/airflow/.local/lib/python3.7/site-packages/airflow/example_dags/example_kubernetes_executor.py took 0.442 seconds
[2022-06-27 02:11:06,941] {processor.py:153} INFO - Started process (PID=685) to work on /home/airflow/.local/lib/python3.7/site-packages/airflow/example_dags/example_kubernetes_executor.py
[2022-06-27 02:11:06,944] {processor.py:641} INFO - Processing file /home/airflow/.local/lib/python3.7/site-packages/airflow/example_dags/example_kubernetes_executor.py for tasks to queue
[2022-06-27 02:11:06,947] {logging_mixin.py:115} INFO - [2022-06-27 02:11:06,947] {dagbag.py:507} INFO - Filling up the DagBag from /home/airflow/.local/lib/python3.7/site-packages/airflow/example_dags/example_kubernetes_executor.py
[2022-06-27 02:11:06,986] {processor.py:651} INFO - DAG(s) dict_keys(['example_kubernetes_executor']) retrieved from /home/airflow/.local/lib/python3.7/site-packages/airflow/example_dags/example_kubernetes_executor.py
[2022-06-27 02:11:07,221] {logging_mixin.py:115} INFO - [2022-06-27 02:11:07,220] {dag.py:2371} INFO - Sync 1 DAGs
[2022-06-27 02:11:07,277] {logging_mixin.py:115} INFO - [2022-06-27 02:11:07,277] {dag.py:2919} INFO - Setting next_dagrun for example_kubernetes_executor to None, run_after=None
[2022-06-27 02:11:07,312] {processor.py:161} INFO - Processing /home/airflow/.local/lib/python3.7/site-packages/airflow/example_dags/example_kubernetes_executor.py took 0.380 seconds
[2022-06-27 02:11:38,164] {processor.py:153} INFO - Started process (PID=746) to work on /home/airflow/.local/lib/python3.7/site-packages/airflow/example_dags/example_kubernetes_executor.py
[2022-06-27 02:11:38,169] {processor.py:641} INFO - Processing file /home/airflow/.local/lib/python3.7/site-packages/airflow/example_dags/example_kubernetes_executor.py for tasks to queue
[2022-06-27 02:11:38,173] {logging_mixin.py:115} INFO - [2022-06-27 02:11:38,173] {dagbag.py:507} INFO - Filling up the DagBag from /home/airflow/.local/lib/python3.7/site-packages/airflow/example_dags/example_kubernetes_executor.py
[2022-06-27 02:11:38,239] {processor.py:651} INFO - DAG(s) dict_keys(['example_kubernetes_executor']) retrieved from /home/airflow/.local/lib/python3.7/site-packages/airflow/example_dags/example_kubernetes_executor.py
[2022-06-27 02:11:38,556] {logging_mixin.py:115} INFO - [2022-06-27 02:11:38,556] {dag.py:2371} INFO - Sync 1 DAGs
[2022-06-27 02:11:38,621] {logging_mixin.py:115} INFO - [2022-06-27 02:11:38,621] {dag.py:2919} INFO - Setting next_dagrun for example_kubernetes_executor to None, run_after=None
[2022-06-27 02:11:38,655] {processor.py:161} INFO - Processing /home/airflow/.local/lib/python3.7/site-packages/airflow/example_dags/example_kubernetes_executor.py took 0.506 seconds
[2022-06-27 02:12:09,037] {processor.py:153} INFO - Started process (PID=799) to work on /home/airflow/.local/lib/python3.7/site-packages/airflow/example_dags/example_kubernetes_executor.py
[2022-06-27 02:12:09,040] {processor.py:641} INFO - Processing file /home/airflow/.local/lib/python3.7/site-packages/airflow/example_dags/example_kubernetes_executor.py for tasks to queue
[2022-06-27 02:12:09,043] {logging_mixin.py:115} INFO - [2022-06-27 02:12:09,043] {dagbag.py:507} INFO - Filling up the DagBag from /home/airflow/.local/lib/python3.7/site-packages/airflow/example_dags/example_kubernetes_executor.py
[2022-06-27 02:12:09,086] {processor.py:651} INFO - DAG(s) dict_keys(['example_kubernetes_executor']) retrieved from /home/airflow/.local/lib/python3.7/site-packages/airflow/example_dags/example_kubernetes_executor.py
[2022-06-27 02:12:09,339] {logging_mixin.py:115} INFO - [2022-06-27 02:12:09,338] {dag.py:2371} INFO - Sync 1 DAGs
[2022-06-27 02:12:09,393] {logging_mixin.py:115} INFO - [2022-06-27 02:12:09,393] {dag.py:2919} INFO - Setting next_dagrun for example_kubernetes_executor to None, run_after=None
[2022-06-27 02:12:09,418] {processor.py:161} INFO - Processing /home/airflow/.local/lib/python3.7/site-packages/airflow/example_dags/example_kubernetes_executor.py took 0.391 seconds
[2022-06-27 02:12:39,672] {processor.py:153} INFO - Started process (PID=860) to work on /home/airflow/.local/lib/python3.7/site-packages/airflow/example_dags/example_kubernetes_executor.py
[2022-06-27 02:12:39,674] {processor.py:641} INFO - Processing file /home/airflow/.local/lib/python3.7/site-packages/airflow/example_dags/example_kubernetes_executor.py for tasks to queue
[2022-06-27 02:12:39,675] {logging_mixin.py:115} INFO - [2022-06-27 02:12:39,675] {dagbag.py:507} INFO - Filling up the DagBag from /home/airflow/.local/lib/python3.7/site-packages/airflow/example_dags/example_kubernetes_executor.py
[2022-06-27 02:12:39,733] {processor.py:651} INFO - DAG(s) dict_keys(['example_kubernetes_executor']) retrieved from /home/airflow/.local/lib/python3.7/site-packages/airflow/example_dags/example_kubernetes_executor.py
[2022-06-27 02:12:40,049] {logging_mixin.py:115} INFO - [2022-06-27 02:12:40,049] {dag.py:2371} INFO - Sync 1 DAGs
[2022-06-27 02:12:40,102] {logging_mixin.py:115} INFO - [2022-06-27 02:12:40,102] {dag.py:2919} INFO - Setting next_dagrun for example_kubernetes_executor to None, run_after=None
[2022-06-27 02:12:40,131] {processor.py:161} INFO - Processing /home/airflow/.local/lib/python3.7/site-packages/airflow/example_dags/example_kubernetes_executor.py took 0.463 seconds
[2022-06-27 02:13:10,464] {processor.py:153} INFO - Started process (PID=913) to work on /home/airflow/.local/lib/python3.7/site-packages/airflow/example_dags/example_kubernetes_executor.py
[2022-06-27 02:13:10,467] {processor.py:641} INFO - Processing file /home/airflow/.local/lib/python3.7/site-packages/airflow/example_dags/example_kubernetes_executor.py for tasks to queue
[2022-06-27 02:13:10,469] {logging_mixin.py:115} INFO - [2022-06-27 02:13:10,468] {dagbag.py:507} INFO - Filling up the DagBag from /home/airflow/.local/lib/python3.7/site-packages/airflow/example_dags/example_kubernetes_executor.py
[2022-06-27 02:13:10,521] {processor.py:651} INFO - DAG(s) dict_keys(['example_kubernetes_executor']) retrieved from /home/airflow/.local/lib/python3.7/site-packages/airflow/example_dags/example_kubernetes_executor.py
[2022-06-27 02:13:10,842] {logging_mixin.py:115} INFO - [2022-06-27 02:13:10,842] {dag.py:2371} INFO - Sync 1 DAGs
[2022-06-27 02:13:10,882] {logging_mixin.py:115} INFO - [2022-06-27 02:13:10,882] {dag.py:2919} INFO - Setting next_dagrun for example_kubernetes_executor to None, run_after=None
[2022-06-27 02:13:10,908] {processor.py:161} INFO - Processing /home/airflow/.local/lib/python3.7/site-packages/airflow/example_dags/example_kubernetes_executor.py took 0.451 seconds
[2022-06-27 02:13:41,313] {processor.py:153} INFO - Started process (PID=974) to work on /home/airflow/.local/lib/python3.7/site-packages/airflow/example_dags/example_kubernetes_executor.py
[2022-06-27 02:13:41,316] {processor.py:641} INFO - Processing file /home/airflow/.local/lib/python3.7/site-packages/airflow/example_dags/example_kubernetes_executor.py for tasks to queue
[2022-06-27 02:13:41,319] {logging_mixin.py:115} INFO - [2022-06-27 02:13:41,319] {dagbag.py:507} INFO - Filling up the DagBag from /home/airflow/.local/lib/python3.7/site-packages/airflow/example_dags/example_kubernetes_executor.py
[2022-06-27 02:13:41,358] {processor.py:651} INFO - DAG(s) dict_keys(['example_kubernetes_executor']) retrieved from /home/airflow/.local/lib/python3.7/site-packages/airflow/example_dags/example_kubernetes_executor.py
[2022-06-27 02:13:41,615] {logging_mixin.py:115} INFO - [2022-06-27 02:13:41,615] {dag.py:2371} INFO - Sync 1 DAGs
[2022-06-27 02:13:41,653] {logging_mixin.py:115} INFO - [2022-06-27 02:13:41,653] {dag.py:2919} INFO - Setting next_dagrun for example_kubernetes_executor to None, run_after=None
[2022-06-27 02:13:41,691] {processor.py:161} INFO - Processing /home/airflow/.local/lib/python3.7/site-packages/airflow/example_dags/example_kubernetes_executor.py took 0.386 seconds
[2022-06-27 02:14:11,752] {processor.py:153} INFO - Started process (PID=1025) to work on /home/airflow/.local/lib/python3.7/site-packages/airflow/example_dags/example_kubernetes_executor.py
[2022-06-27 02:14:11,754] {processor.py:641} INFO - Processing file /home/airflow/.local/lib/python3.7/site-packages/airflow/example_dags/example_kubernetes_executor.py for tasks to queue
[2022-06-27 02:14:11,756] {logging_mixin.py:115} INFO - [2022-06-27 02:14:11,755] {dagbag.py:507} INFO - Filling up the DagBag from /home/airflow/.local/lib/python3.7/site-packages/airflow/example_dags/example_kubernetes_executor.py
[2022-06-27 02:14:11,796] {processor.py:651} INFO - DAG(s) dict_keys(['example_kubernetes_executor']) retrieved from /home/airflow/.local/lib/python3.7/site-packages/airflow/example_dags/example_kubernetes_executor.py
[2022-06-27 02:14:11,854] {logging_mixin.py:115} INFO - [2022-06-27 02:14:11,853] {dag.py:2371} INFO - Sync 1 DAGs
[2022-06-27 02:14:12,122] {logging_mixin.py:115} INFO - [2022-06-27 02:14:12,122] {dag.py:2919} INFO - Setting next_dagrun for example_kubernetes_executor to None, run_after=None
[2022-06-27 02:14:12,153] {processor.py:161} INFO - Processing /home/airflow/.local/lib/python3.7/site-packages/airflow/example_dags/example_kubernetes_executor.py took 0.406 seconds
[2022-06-27 02:14:42,483] {processor.py:153} INFO - Started process (PID=1077) to work on /home/airflow/.local/lib/python3.7/site-packages/airflow/example_dags/example_kubernetes_executor.py
[2022-06-27 02:14:42,492] {processor.py:641} INFO - Processing file /home/airflow/.local/lib/python3.7/site-packages/airflow/example_dags/example_kubernetes_executor.py for tasks to queue
[2022-06-27 02:14:42,500] {logging_mixin.py:115} INFO - [2022-06-27 02:14:42,499] {dagbag.py:507} INFO - Filling up the DagBag from /home/airflow/.local/lib/python3.7/site-packages/airflow/example_dags/example_kubernetes_executor.py
[2022-06-27 02:14:42,599] {processor.py:651} INFO - DAG(s) dict_keys(['example_kubernetes_executor']) retrieved from /home/airflow/.local/lib/python3.7/site-packages/airflow/example_dags/example_kubernetes_executor.py
[2022-06-27 02:14:42,721] {logging_mixin.py:115} INFO - [2022-06-27 02:14:42,721] {dag.py:2371} INFO - Sync 1 DAGs
[2022-06-27 02:14:43,181] {logging_mixin.py:115} INFO - [2022-06-27 02:14:43,181] {dag.py:2919} INFO - Setting next_dagrun for example_kubernetes_executor to None, run_after=None
[2022-06-27 02:14:43,225] {processor.py:161} INFO - Processing /home/airflow/.local/lib/python3.7/site-packages/airflow/example_dags/example_kubernetes_executor.py took 0.782 seconds
