[2022-06-27 02:04:56,806] {processor.py:153} INFO - Started process (PID=82) to work on /home/airflow/.local/lib/python3.7/site-packages/airflow/example_dags/example_local_kubernetes_executor.py
[2022-06-27 02:04:56,827] {processor.py:641} INFO - Processing file /home/airflow/.local/lib/python3.7/site-packages/airflow/example_dags/example_local_kubernetes_executor.py for tasks to queue
[2022-06-27 02:04:56,832] {logging_mixin.py:115} INFO - [2022-06-27 02:04:56,831] {dagbag.py:507} INFO - Filling up the DagBag from /home/airflow/.local/lib/python3.7/site-packages/airflow/example_dags/example_local_kubernetes_executor.py
[2022-06-27 02:04:57,063] {processor.py:651} INFO - DAG(s) dict_keys(['example_local_kubernetes_executor']) retrieved from /home/airflow/.local/lib/python3.7/site-packages/airflow/example_dags/example_local_kubernetes_executor.py
[2022-06-27 02:05:00,100] {logging_mixin.py:115} INFO - [2022-06-27 02:05:00,099] {manager.py:508} INFO - Created Permission View: can read on DAG:example_local_kubernetes_executor
[2022-06-27 02:05:00,191] {logging_mixin.py:115} INFO - [2022-06-27 02:05:00,191] {manager.py:508} INFO - Created Permission View: can delete on DAG:example_local_kubernetes_executor
[2022-06-27 02:05:00,247] {logging_mixin.py:115} INFO - [2022-06-27 02:05:00,247] {manager.py:508} INFO - Created Permission View: can edit on DAG:example_local_kubernetes_executor
[2022-06-27 02:05:00,253] {logging_mixin.py:115} INFO - [2022-06-27 02:05:00,253] {dag.py:2371} INFO - Sync 1 DAGs
[2022-06-27 02:05:00,371] {logging_mixin.py:115} INFO - [2022-06-27 02:05:00,370] {dag.py:2390} INFO - Creating ORM DAG for example_local_kubernetes_executor
[2022-06-27 02:05:00,588] {logging_mixin.py:115} INFO - [2022-06-27 02:05:00,587] {dag.py:2919} INFO - Setting next_dagrun for example_local_kubernetes_executor to None, run_after=None
[2022-06-27 02:05:00,674] {processor.py:161} INFO - Processing /home/airflow/.local/lib/python3.7/site-packages/airflow/example_dags/example_local_kubernetes_executor.py took 3.887 seconds
[2022-06-27 02:06:04,010] {processor.py:153} INFO - Started process (PID=152) to work on /home/airflow/.local/lib/python3.7/site-packages/airflow/example_dags/example_local_kubernetes_executor.py
[2022-06-27 02:06:04,014] {processor.py:641} INFO - Processing file /home/airflow/.local/lib/python3.7/site-packages/airflow/example_dags/example_local_kubernetes_executor.py for tasks to queue
[2022-06-27 02:06:04,018] {logging_mixin.py:115} INFO - [2022-06-27 02:06:04,018] {dagbag.py:507} INFO - Filling up the DagBag from /home/airflow/.local/lib/python3.7/site-packages/airflow/example_dags/example_local_kubernetes_executor.py
[2022-06-27 02:06:04,089] {processor.py:651} INFO - DAG(s) dict_keys(['example_local_kubernetes_executor']) retrieved from /home/airflow/.local/lib/python3.7/site-packages/airflow/example_dags/example_local_kubernetes_executor.py
[2022-06-27 02:06:04,176] {logging_mixin.py:115} INFO - [2022-06-27 02:06:04,176] {dag.py:2371} INFO - Sync 1 DAGs
[2022-06-27 02:06:05,096] {logging_mixin.py:115} INFO - [2022-06-27 02:06:05,095] {dag.py:2919} INFO - Setting next_dagrun for example_local_kubernetes_executor to None, run_after=None
[2022-06-27 02:06:05,203] {processor.py:161} INFO - Processing /home/airflow/.local/lib/python3.7/site-packages/airflow/example_dags/example_local_kubernetes_executor.py took 1.202 seconds
[2022-06-27 02:06:35,373] {processor.py:153} INFO - Started process (PID=194) to work on /home/airflow/.local/lib/python3.7/site-packages/airflow/example_dags/example_local_kubernetes_executor.py
[2022-06-27 02:06:35,375] {processor.py:641} INFO - Processing file /home/airflow/.local/lib/python3.7/site-packages/airflow/example_dags/example_local_kubernetes_executor.py for tasks to queue
[2022-06-27 02:06:35,376] {logging_mixin.py:115} INFO - [2022-06-27 02:06:35,376] {dagbag.py:507} INFO - Filling up the DagBag from /home/airflow/.local/lib/python3.7/site-packages/airflow/example_dags/example_local_kubernetes_executor.py
[2022-06-27 02:06:35,401] {processor.py:651} INFO - DAG(s) dict_keys(['example_local_kubernetes_executor']) retrieved from /home/airflow/.local/lib/python3.7/site-packages/airflow/example_dags/example_local_kubernetes_executor.py
[2022-06-27 02:06:35,436] {logging_mixin.py:115} INFO - [2022-06-27 02:06:35,436] {dag.py:2371} INFO - Sync 1 DAGs
[2022-06-27 02:06:35,687] {logging_mixin.py:115} INFO - [2022-06-27 02:06:35,687] {dag.py:2919} INFO - Setting next_dagrun for example_local_kubernetes_executor to None, run_after=None
[2022-06-27 02:06:35,707] {processor.py:161} INFO - Processing /home/airflow/.local/lib/python3.7/site-packages/airflow/example_dags/example_local_kubernetes_executor.py took 0.339 seconds
[2022-06-27 02:07:06,137] {processor.py:153} INFO - Started process (PID=254) to work on /home/airflow/.local/lib/python3.7/site-packages/airflow/example_dags/example_local_kubernetes_executor.py
[2022-06-27 02:07:06,140] {processor.py:641} INFO - Processing file /home/airflow/.local/lib/python3.7/site-packages/airflow/example_dags/example_local_kubernetes_executor.py for tasks to queue
[2022-06-27 02:07:06,143] {logging_mixin.py:115} INFO - [2022-06-27 02:07:06,143] {dagbag.py:507} INFO - Filling up the DagBag from /home/airflow/.local/lib/python3.7/site-packages/airflow/example_dags/example_local_kubernetes_executor.py
[2022-06-27 02:07:06,206] {processor.py:651} INFO - DAG(s) dict_keys(['example_local_kubernetes_executor']) retrieved from /home/airflow/.local/lib/python3.7/site-packages/airflow/example_dags/example_local_kubernetes_executor.py
[2022-06-27 02:07:06,286] {logging_mixin.py:115} INFO - [2022-06-27 02:07:06,286] {dag.py:2371} INFO - Sync 1 DAGs
[2022-06-27 02:07:06,753] {logging_mixin.py:115} INFO - [2022-06-27 02:07:06,753] {dag.py:2919} INFO - Setting next_dagrun for example_local_kubernetes_executor to None, run_after=None
[2022-06-27 02:07:06,810] {processor.py:161} INFO - Processing /home/airflow/.local/lib/python3.7/site-packages/airflow/example_dags/example_local_kubernetes_executor.py took 0.681 seconds
[2022-06-27 02:07:37,179] {processor.py:153} INFO - Started process (PID=306) to work on /home/airflow/.local/lib/python3.7/site-packages/airflow/example_dags/example_local_kubernetes_executor.py
[2022-06-27 02:07:37,184] {processor.py:641} INFO - Processing file /home/airflow/.local/lib/python3.7/site-packages/airflow/example_dags/example_local_kubernetes_executor.py for tasks to queue
[2022-06-27 02:07:37,189] {logging_mixin.py:115} INFO - [2022-06-27 02:07:37,189] {dagbag.py:507} INFO - Filling up the DagBag from /home/airflow/.local/lib/python3.7/site-packages/airflow/example_dags/example_local_kubernetes_executor.py
[2022-06-27 02:07:37,246] {processor.py:651} INFO - DAG(s) dict_keys(['example_local_kubernetes_executor']) retrieved from /home/airflow/.local/lib/python3.7/site-packages/airflow/example_dags/example_local_kubernetes_executor.py
[2022-06-27 02:07:37,325] {logging_mixin.py:115} INFO - [2022-06-27 02:07:37,325] {dag.py:2371} INFO - Sync 1 DAGs
[2022-06-27 02:07:37,663] {logging_mixin.py:115} INFO - [2022-06-27 02:07:37,663] {dag.py:2919} INFO - Setting next_dagrun for example_local_kubernetes_executor to None, run_after=None
[2022-06-27 02:07:37,686] {processor.py:161} INFO - Processing /home/airflow/.local/lib/python3.7/site-packages/airflow/example_dags/example_local_kubernetes_executor.py took 0.520 seconds
[2022-06-27 02:08:07,802] {processor.py:153} INFO - Started process (PID=368) to work on /home/airflow/.local/lib/python3.7/site-packages/airflow/example_dags/example_local_kubernetes_executor.py
[2022-06-27 02:08:07,805] {processor.py:641} INFO - Processing file /home/airflow/.local/lib/python3.7/site-packages/airflow/example_dags/example_local_kubernetes_executor.py for tasks to queue
[2022-06-27 02:08:07,809] {logging_mixin.py:115} INFO - [2022-06-27 02:08:07,808] {dagbag.py:507} INFO - Filling up the DagBag from /home/airflow/.local/lib/python3.7/site-packages/airflow/example_dags/example_local_kubernetes_executor.py
[2022-06-27 02:08:07,863] {processor.py:651} INFO - DAG(s) dict_keys(['example_local_kubernetes_executor']) retrieved from /home/airflow/.local/lib/python3.7/site-packages/airflow/example_dags/example_local_kubernetes_executor.py
[2022-06-27 02:08:07,930] {logging_mixin.py:115} INFO - [2022-06-27 02:08:07,930] {dag.py:2371} INFO - Sync 1 DAGs
[2022-06-27 02:08:08,254] {logging_mixin.py:115} INFO - [2022-06-27 02:08:08,254] {dag.py:2919} INFO - Setting next_dagrun for example_local_kubernetes_executor to None, run_after=None
[2022-06-27 02:08:08,290] {processor.py:161} INFO - Processing /home/airflow/.local/lib/python3.7/site-packages/airflow/example_dags/example_local_kubernetes_executor.py took 0.499 seconds
[2022-06-27 02:08:38,634] {processor.py:153} INFO - Started process (PID=420) to work on /home/airflow/.local/lib/python3.7/site-packages/airflow/example_dags/example_local_kubernetes_executor.py
[2022-06-27 02:08:38,637] {processor.py:641} INFO - Processing file /home/airflow/.local/lib/python3.7/site-packages/airflow/example_dags/example_local_kubernetes_executor.py for tasks to queue
[2022-06-27 02:08:38,639] {logging_mixin.py:115} INFO - [2022-06-27 02:08:38,638] {dagbag.py:507} INFO - Filling up the DagBag from /home/airflow/.local/lib/python3.7/site-packages/airflow/example_dags/example_local_kubernetes_executor.py
[2022-06-27 02:08:38,672] {processor.py:651} INFO - DAG(s) dict_keys(['example_local_kubernetes_executor']) retrieved from /home/airflow/.local/lib/python3.7/site-packages/airflow/example_dags/example_local_kubernetes_executor.py
[2022-06-27 02:08:38,704] {logging_mixin.py:115} INFO - [2022-06-27 02:08:38,704] {dag.py:2371} INFO - Sync 1 DAGs
[2022-06-27 02:08:38,931] {logging_mixin.py:115} INFO - [2022-06-27 02:08:38,931] {dag.py:2919} INFO - Setting next_dagrun for example_local_kubernetes_executor to None, run_after=None
[2022-06-27 02:08:38,957] {processor.py:161} INFO - Processing /home/airflow/.local/lib/python3.7/site-packages/airflow/example_dags/example_local_kubernetes_executor.py took 0.329 seconds
[2022-06-27 02:09:09,329] {processor.py:153} INFO - Started process (PID=481) to work on /home/airflow/.local/lib/python3.7/site-packages/airflow/example_dags/example_local_kubernetes_executor.py
[2022-06-27 02:09:09,340] {processor.py:641} INFO - Processing file /home/airflow/.local/lib/python3.7/site-packages/airflow/example_dags/example_local_kubernetes_executor.py for tasks to queue
[2022-06-27 02:09:09,357] {logging_mixin.py:115} INFO - [2022-06-27 02:09:09,357] {dagbag.py:507} INFO - Filling up the DagBag from /home/airflow/.local/lib/python3.7/site-packages/airflow/example_dags/example_local_kubernetes_executor.py
[2022-06-27 02:09:09,467] {processor.py:651} INFO - DAG(s) dict_keys(['example_local_kubernetes_executor']) retrieved from /home/airflow/.local/lib/python3.7/site-packages/airflow/example_dags/example_local_kubernetes_executor.py
[2022-06-27 02:09:09,589] {logging_mixin.py:115} INFO - [2022-06-27 02:09:09,589] {dag.py:2371} INFO - Sync 1 DAGs
[2022-06-27 02:09:09,932] {logging_mixin.py:115} INFO - [2022-06-27 02:09:09,932] {dag.py:2919} INFO - Setting next_dagrun for example_local_kubernetes_executor to None, run_after=None
[2022-06-27 02:09:09,982] {processor.py:161} INFO - Processing /home/airflow/.local/lib/python3.7/site-packages/airflow/example_dags/example_local_kubernetes_executor.py took 0.673 seconds
[2022-06-27 02:09:40,210] {processor.py:153} INFO - Started process (PID=537) to work on /home/airflow/.local/lib/python3.7/site-packages/airflow/example_dags/example_local_kubernetes_executor.py
[2022-06-27 02:09:40,212] {processor.py:641} INFO - Processing file /home/airflow/.local/lib/python3.7/site-packages/airflow/example_dags/example_local_kubernetes_executor.py for tasks to queue
[2022-06-27 02:09:40,214] {logging_mixin.py:115} INFO - [2022-06-27 02:09:40,214] {dagbag.py:507} INFO - Filling up the DagBag from /home/airflow/.local/lib/python3.7/site-packages/airflow/example_dags/example_local_kubernetes_executor.py
[2022-06-27 02:09:40,255] {processor.py:651} INFO - DAG(s) dict_keys(['example_local_kubernetes_executor']) retrieved from /home/airflow/.local/lib/python3.7/site-packages/airflow/example_dags/example_local_kubernetes_executor.py
[2022-06-27 02:09:40,328] {logging_mixin.py:115} INFO - [2022-06-27 02:09:40,328] {dag.py:2371} INFO - Sync 1 DAGs
[2022-06-27 02:09:40,619] {logging_mixin.py:115} INFO - [2022-06-27 02:09:40,618] {dag.py:2919} INFO - Setting next_dagrun for example_local_kubernetes_executor to None, run_after=None
[2022-06-27 02:09:40,655] {processor.py:161} INFO - Processing /home/airflow/.local/lib/python3.7/site-packages/airflow/example_dags/example_local_kubernetes_executor.py took 0.451 seconds
[2022-06-27 02:10:11,165] {processor.py:153} INFO - Started process (PID=589) to work on /home/airflow/.local/lib/python3.7/site-packages/airflow/example_dags/example_local_kubernetes_executor.py
[2022-06-27 02:10:11,184] {processor.py:641} INFO - Processing file /home/airflow/.local/lib/python3.7/site-packages/airflow/example_dags/example_local_kubernetes_executor.py for tasks to queue
[2022-06-27 02:10:11,187] {logging_mixin.py:115} INFO - [2022-06-27 02:10:11,186] {dagbag.py:507} INFO - Filling up the DagBag from /home/airflow/.local/lib/python3.7/site-packages/airflow/example_dags/example_local_kubernetes_executor.py
[2022-06-27 02:10:11,212] {processor.py:651} INFO - DAG(s) dict_keys(['example_local_kubernetes_executor']) retrieved from /home/airflow/.local/lib/python3.7/site-packages/airflow/example_dags/example_local_kubernetes_executor.py
[2022-06-27 02:10:11,252] {logging_mixin.py:115} INFO - [2022-06-27 02:10:11,251] {dag.py:2371} INFO - Sync 1 DAGs
[2022-06-27 02:10:11,463] {logging_mixin.py:115} INFO - [2022-06-27 02:10:11,463] {dag.py:2919} INFO - Setting next_dagrun for example_local_kubernetes_executor to None, run_after=None
[2022-06-27 02:10:11,487] {processor.py:161} INFO - Processing /home/airflow/.local/lib/python3.7/site-packages/airflow/example_dags/example_local_kubernetes_executor.py took 0.329 seconds
[2022-06-27 02:10:41,620] {processor.py:153} INFO - Started process (PID=642) to work on /home/airflow/.local/lib/python3.7/site-packages/airflow/example_dags/example_local_kubernetes_executor.py
[2022-06-27 02:10:41,622] {processor.py:641} INFO - Processing file /home/airflow/.local/lib/python3.7/site-packages/airflow/example_dags/example_local_kubernetes_executor.py for tasks to queue
[2022-06-27 02:10:41,625] {logging_mixin.py:115} INFO - [2022-06-27 02:10:41,625] {dagbag.py:507} INFO - Filling up the DagBag from /home/airflow/.local/lib/python3.7/site-packages/airflow/example_dags/example_local_kubernetes_executor.py
[2022-06-27 02:10:41,663] {processor.py:651} INFO - DAG(s) dict_keys(['example_local_kubernetes_executor']) retrieved from /home/airflow/.local/lib/python3.7/site-packages/airflow/example_dags/example_local_kubernetes_executor.py
[2022-06-27 02:10:41,697] {logging_mixin.py:115} INFO - [2022-06-27 02:10:41,696] {dag.py:2371} INFO - Sync 1 DAGs
[2022-06-27 02:10:41,990] {logging_mixin.py:115} INFO - [2022-06-27 02:10:41,989] {dag.py:2919} INFO - Setting next_dagrun for example_local_kubernetes_executor to None, run_after=None
[2022-06-27 02:10:42,032] {processor.py:161} INFO - Processing /home/airflow/.local/lib/python3.7/site-packages/airflow/example_dags/example_local_kubernetes_executor.py took 0.418 seconds
[2022-06-27 02:11:12,799] {processor.py:153} INFO - Started process (PID=704) to work on /home/airflow/.local/lib/python3.7/site-packages/airflow/example_dags/example_local_kubernetes_executor.py
[2022-06-27 02:11:12,808] {processor.py:641} INFO - Processing file /home/airflow/.local/lib/python3.7/site-packages/airflow/example_dags/example_local_kubernetes_executor.py for tasks to queue
[2022-06-27 02:11:12,818] {logging_mixin.py:115} INFO - [2022-06-27 02:11:12,817] {dagbag.py:507} INFO - Filling up the DagBag from /home/airflow/.local/lib/python3.7/site-packages/airflow/example_dags/example_local_kubernetes_executor.py
[2022-06-27 02:11:12,916] {processor.py:651} INFO - DAG(s) dict_keys(['example_local_kubernetes_executor']) retrieved from /home/airflow/.local/lib/python3.7/site-packages/airflow/example_dags/example_local_kubernetes_executor.py
[2022-06-27 02:11:13,030] {logging_mixin.py:115} INFO - [2022-06-27 02:11:13,030] {dag.py:2371} INFO - Sync 1 DAGs
[2022-06-27 02:11:13,328] {logging_mixin.py:115} INFO - [2022-06-27 02:11:13,327] {dag.py:2919} INFO - Setting next_dagrun for example_local_kubernetes_executor to None, run_after=None
[2022-06-27 02:11:13,355] {processor.py:161} INFO - Processing /home/airflow/.local/lib/python3.7/site-packages/airflow/example_dags/example_local_kubernetes_executor.py took 0.566 seconds
[2022-06-27 02:11:43,822] {processor.py:153} INFO - Started process (PID=756) to work on /home/airflow/.local/lib/python3.7/site-packages/airflow/example_dags/example_local_kubernetes_executor.py
[2022-06-27 02:11:43,825] {processor.py:641} INFO - Processing file /home/airflow/.local/lib/python3.7/site-packages/airflow/example_dags/example_local_kubernetes_executor.py for tasks to queue
[2022-06-27 02:11:43,828] {logging_mixin.py:115} INFO - [2022-06-27 02:11:43,828] {dagbag.py:507} INFO - Filling up the DagBag from /home/airflow/.local/lib/python3.7/site-packages/airflow/example_dags/example_local_kubernetes_executor.py
[2022-06-27 02:11:43,862] {processor.py:651} INFO - DAG(s) dict_keys(['example_local_kubernetes_executor']) retrieved from /home/airflow/.local/lib/python3.7/site-packages/airflow/example_dags/example_local_kubernetes_executor.py
[2022-06-27 02:11:43,898] {logging_mixin.py:115} INFO - [2022-06-27 02:11:43,898] {dag.py:2371} INFO - Sync 1 DAGs
[2022-06-27 02:11:44,114] {logging_mixin.py:115} INFO - [2022-06-27 02:11:44,113] {dag.py:2919} INFO - Setting next_dagrun for example_local_kubernetes_executor to None, run_after=None
[2022-06-27 02:11:44,133] {processor.py:161} INFO - Processing /home/airflow/.local/lib/python3.7/site-packages/airflow/example_dags/example_local_kubernetes_executor.py took 0.320 seconds
[2022-06-27 02:12:14,346] {processor.py:153} INFO - Started process (PID=818) to work on /home/airflow/.local/lib/python3.7/site-packages/airflow/example_dags/example_local_kubernetes_executor.py
[2022-06-27 02:12:14,349] {processor.py:641} INFO - Processing file /home/airflow/.local/lib/python3.7/site-packages/airflow/example_dags/example_local_kubernetes_executor.py for tasks to queue
[2022-06-27 02:12:14,354] {logging_mixin.py:115} INFO - [2022-06-27 02:12:14,354] {dagbag.py:507} INFO - Filling up the DagBag from /home/airflow/.local/lib/python3.7/site-packages/airflow/example_dags/example_local_kubernetes_executor.py
[2022-06-27 02:12:14,387] {processor.py:651} INFO - DAG(s) dict_keys(['example_local_kubernetes_executor']) retrieved from /home/airflow/.local/lib/python3.7/site-packages/airflow/example_dags/example_local_kubernetes_executor.py
[2022-06-27 02:12:14,468] {logging_mixin.py:115} INFO - [2022-06-27 02:12:14,468] {dag.py:2371} INFO - Sync 1 DAGs
[2022-06-27 02:12:14,760] {logging_mixin.py:115} INFO - [2022-06-27 02:12:14,760] {dag.py:2919} INFO - Setting next_dagrun for example_local_kubernetes_executor to None, run_after=None
[2022-06-27 02:12:14,787] {processor.py:161} INFO - Processing /home/airflow/.local/lib/python3.7/site-packages/airflow/example_dags/example_local_kubernetes_executor.py took 0.461 seconds
[2022-06-27 02:12:45,144] {processor.py:153} INFO - Started process (PID=870) to work on /home/airflow/.local/lib/python3.7/site-packages/airflow/example_dags/example_local_kubernetes_executor.py
[2022-06-27 02:12:45,147] {processor.py:641} INFO - Processing file /home/airflow/.local/lib/python3.7/site-packages/airflow/example_dags/example_local_kubernetes_executor.py for tasks to queue
[2022-06-27 02:12:45,150] {logging_mixin.py:115} INFO - [2022-06-27 02:12:45,149] {dagbag.py:507} INFO - Filling up the DagBag from /home/airflow/.local/lib/python3.7/site-packages/airflow/example_dags/example_local_kubernetes_executor.py
[2022-06-27 02:12:45,217] {processor.py:651} INFO - DAG(s) dict_keys(['example_local_kubernetes_executor']) retrieved from /home/airflow/.local/lib/python3.7/site-packages/airflow/example_dags/example_local_kubernetes_executor.py
[2022-06-27 02:12:45,289] {logging_mixin.py:115} INFO - [2022-06-27 02:12:45,289] {dag.py:2371} INFO - Sync 1 DAGs
[2022-06-27 02:12:45,534] {logging_mixin.py:115} INFO - [2022-06-27 02:12:45,534] {dag.py:2919} INFO - Setting next_dagrun for example_local_kubernetes_executor to None, run_after=None
[2022-06-27 02:12:45,560] {processor.py:161} INFO - Processing /home/airflow/.local/lib/python3.7/site-packages/airflow/example_dags/example_local_kubernetes_executor.py took 0.424 seconds
[2022-06-27 02:13:16,069] {processor.py:153} INFO - Started process (PID=932) to work on /home/airflow/.local/lib/python3.7/site-packages/airflow/example_dags/example_local_kubernetes_executor.py
[2022-06-27 02:13:16,072] {processor.py:641} INFO - Processing file /home/airflow/.local/lib/python3.7/site-packages/airflow/example_dags/example_local_kubernetes_executor.py for tasks to queue
[2022-06-27 02:13:16,075] {logging_mixin.py:115} INFO - [2022-06-27 02:13:16,075] {dagbag.py:507} INFO - Filling up the DagBag from /home/airflow/.local/lib/python3.7/site-packages/airflow/example_dags/example_local_kubernetes_executor.py
[2022-06-27 02:13:16,100] {processor.py:651} INFO - DAG(s) dict_keys(['example_local_kubernetes_executor']) retrieved from /home/airflow/.local/lib/python3.7/site-packages/airflow/example_dags/example_local_kubernetes_executor.py
[2022-06-27 02:13:16,140] {logging_mixin.py:115} INFO - [2022-06-27 02:13:16,140] {dag.py:2371} INFO - Sync 1 DAGs
[2022-06-27 02:13:16,406] {logging_mixin.py:115} INFO - [2022-06-27 02:13:16,406] {dag.py:2919} INFO - Setting next_dagrun for example_local_kubernetes_executor to None, run_after=None
[2022-06-27 02:13:16,434] {processor.py:161} INFO - Processing /home/airflow/.local/lib/python3.7/site-packages/airflow/example_dags/example_local_kubernetes_executor.py took 0.372 seconds
[2022-06-27 02:13:46,861] {processor.py:153} INFO - Started process (PID=984) to work on /home/airflow/.local/lib/python3.7/site-packages/airflow/example_dags/example_local_kubernetes_executor.py
[2022-06-27 02:13:46,864] {processor.py:641} INFO - Processing file /home/airflow/.local/lib/python3.7/site-packages/airflow/example_dags/example_local_kubernetes_executor.py for tasks to queue
[2022-06-27 02:13:46,867] {logging_mixin.py:115} INFO - [2022-06-27 02:13:46,866] {dagbag.py:507} INFO - Filling up the DagBag from /home/airflow/.local/lib/python3.7/site-packages/airflow/example_dags/example_local_kubernetes_executor.py
[2022-06-27 02:13:46,918] {processor.py:651} INFO - DAG(s) dict_keys(['example_local_kubernetes_executor']) retrieved from /home/airflow/.local/lib/python3.7/site-packages/airflow/example_dags/example_local_kubernetes_executor.py
[2022-06-27 02:13:47,002] {logging_mixin.py:115} INFO - [2022-06-27 02:13:47,001] {dag.py:2371} INFO - Sync 1 DAGs
[2022-06-27 02:13:47,284] {logging_mixin.py:115} INFO - [2022-06-27 02:13:47,283] {dag.py:2919} INFO - Setting next_dagrun for example_local_kubernetes_executor to None, run_after=None
[2022-06-27 02:13:47,321] {processor.py:161} INFO - Processing /home/airflow/.local/lib/python3.7/site-packages/airflow/example_dags/example_local_kubernetes_executor.py took 0.469 seconds
[2022-06-27 02:14:23,159] {processor.py:153} INFO - Started process (PID=1044) to work on /home/airflow/.local/lib/python3.7/site-packages/airflow/example_dags/example_local_kubernetes_executor.py
[2022-06-27 02:14:23,167] {processor.py:641} INFO - Processing file /home/airflow/.local/lib/python3.7/site-packages/airflow/example_dags/example_local_kubernetes_executor.py for tasks to queue
[2022-06-27 02:14:23,184] {logging_mixin.py:115} INFO - [2022-06-27 02:14:23,183] {dagbag.py:507} INFO - Filling up the DagBag from /home/airflow/.local/lib/python3.7/site-packages/airflow/example_dags/example_local_kubernetes_executor.py
[2022-06-27 02:14:23,305] {processor.py:651} INFO - DAG(s) dict_keys(['example_local_kubernetes_executor']) retrieved from /home/airflow/.local/lib/python3.7/site-packages/airflow/example_dags/example_local_kubernetes_executor.py
[2022-06-27 02:14:24,276] {logging_mixin.py:115} INFO - [2022-06-27 02:14:24,275] {dag.py:2371} INFO - Sync 1 DAGs
[2022-06-27 02:14:25,208] {logging_mixin.py:115} INFO - [2022-06-27 02:14:25,207] {dag.py:2919} INFO - Setting next_dagrun for example_local_kubernetes_executor to None, run_after=None
[2022-06-27 02:14:25,271] {processor.py:161} INFO - Processing /home/airflow/.local/lib/python3.7/site-packages/airflow/example_dags/example_local_kubernetes_executor.py took 2.130 seconds
[2022-06-27 02:14:55,983] {processor.py:153} INFO - Started process (PID=1097) to work on /home/airflow/.local/lib/python3.7/site-packages/airflow/example_dags/example_local_kubernetes_executor.py
[2022-06-27 02:14:55,987] {processor.py:641} INFO - Processing file /home/airflow/.local/lib/python3.7/site-packages/airflow/example_dags/example_local_kubernetes_executor.py for tasks to queue
[2022-06-27 02:14:55,991] {logging_mixin.py:115} INFO - [2022-06-27 02:14:55,990] {dagbag.py:507} INFO - Filling up the DagBag from /home/airflow/.local/lib/python3.7/site-packages/airflow/example_dags/example_local_kubernetes_executor.py
[2022-06-27 02:14:55,721] {processor.py:651} INFO - DAG(s) dict_keys(['example_local_kubernetes_executor']) retrieved from /home/airflow/.local/lib/python3.7/site-packages/airflow/example_dags/example_local_kubernetes_executor.py
