[2022-06-27 02:04:48,781] {processor.py:153} INFO - Started process (PID=79) to work on /home/airflow/.local/lib/python3.7/site-packages/airflow/example_dags/example_trigger_controller_dag.py
[2022-06-27 02:04:48,806] {processor.py:641} INFO - Processing file /home/airflow/.local/lib/python3.7/site-packages/airflow/example_dags/example_trigger_controller_dag.py for tasks to queue
[2022-06-27 02:04:48,832] {logging_mixin.py:115} INFO - [2022-06-27 02:04:48,832] {dagbag.py:507} INFO - Filling up the DagBag from /home/airflow/.local/lib/python3.7/site-packages/airflow/example_dags/example_trigger_controller_dag.py
[2022-06-27 02:04:48,926] {processor.py:651} INFO - DAG(s) dict_keys(['example_trigger_controller_dag']) retrieved from /home/airflow/.local/lib/python3.7/site-packages/airflow/example_dags/example_trigger_controller_dag.py
[2022-06-27 02:04:52,164] {logging_mixin.py:115} INFO - [2022-06-27 02:04:52,163] {manager.py:508} INFO - Created Permission View: can read on DAG:example_trigger_controller_dag
[2022-06-27 02:04:52,262] {logging_mixin.py:115} INFO - [2022-06-27 02:04:52,262] {manager.py:508} INFO - Created Permission View: can delete on DAG:example_trigger_controller_dag
[2022-06-27 02:04:52,328] {logging_mixin.py:115} INFO - [2022-06-27 02:04:52,328] {manager.py:508} INFO - Created Permission View: can edit on DAG:example_trigger_controller_dag
[2022-06-27 02:04:52,336] {logging_mixin.py:115} INFO - [2022-06-27 02:04:52,336] {dag.py:2371} INFO - Sync 1 DAGs
[2022-06-27 02:04:52,436] {logging_mixin.py:115} INFO - [2022-06-27 02:04:52,436] {dag.py:2390} INFO - Creating ORM DAG for example_trigger_controller_dag
[2022-06-27 02:04:52,569] {logging_mixin.py:115} INFO - [2022-06-27 02:04:52,569] {dag.py:2919} INFO - Setting next_dagrun for example_trigger_controller_dag to 2021-01-01T00:00:00+00:00, run_after=2021-01-01T00:00:00+00:00
[2022-06-27 02:04:52,683] {processor.py:161} INFO - Processing /home/airflow/.local/lib/python3.7/site-packages/airflow/example_dags/example_trigger_controller_dag.py took 3.998 seconds
[2022-06-27 02:06:02,284] {processor.py:153} INFO - Started process (PID=147) to work on /home/airflow/.local/lib/python3.7/site-packages/airflow/example_dags/example_trigger_controller_dag.py
[2022-06-27 02:06:02,290] {processor.py:641} INFO - Processing file /home/airflow/.local/lib/python3.7/site-packages/airflow/example_dags/example_trigger_controller_dag.py for tasks to queue
[2022-06-27 02:06:02,298] {logging_mixin.py:115} INFO - [2022-06-27 02:06:02,298] {dagbag.py:507} INFO - Filling up the DagBag from /home/airflow/.local/lib/python3.7/site-packages/airflow/example_dags/example_trigger_controller_dag.py
[2022-06-27 02:06:02,337] {processor.py:651} INFO - DAG(s) dict_keys(['example_trigger_controller_dag']) retrieved from /home/airflow/.local/lib/python3.7/site-packages/airflow/example_dags/example_trigger_controller_dag.py
[2022-06-27 02:06:02,641] {logging_mixin.py:115} INFO - [2022-06-27 02:06:02,640] {dag.py:2371} INFO - Sync 1 DAGs
[2022-06-27 02:06:02,820] {logging_mixin.py:115} INFO - [2022-06-27 02:06:02,819] {dag.py:2919} INFO - Setting next_dagrun for example_trigger_controller_dag to 2021-01-01T00:00:00+00:00, run_after=2021-01-01T00:00:00+00:00
[2022-06-27 02:06:02,895] {processor.py:161} INFO - Processing /home/airflow/.local/lib/python3.7/site-packages/airflow/example_dags/example_trigger_controller_dag.py took 0.627 seconds
[2022-06-27 02:06:33,574] {processor.py:153} INFO - Started process (PID=191) to work on /home/airflow/.local/lib/python3.7/site-packages/airflow/example_dags/example_trigger_controller_dag.py
[2022-06-27 02:06:33,577] {processor.py:641} INFO - Processing file /home/airflow/.local/lib/python3.7/site-packages/airflow/example_dags/example_trigger_controller_dag.py for tasks to queue
[2022-06-27 02:06:33,580] {logging_mixin.py:115} INFO - [2022-06-27 02:06:33,580] {dagbag.py:507} INFO - Filling up the DagBag from /home/airflow/.local/lib/python3.7/site-packages/airflow/example_dags/example_trigger_controller_dag.py
[2022-06-27 02:06:33,591] {processor.py:651} INFO - DAG(s) dict_keys(['example_trigger_controller_dag']) retrieved from /home/airflow/.local/lib/python3.7/site-packages/airflow/example_dags/example_trigger_controller_dag.py
[2022-06-27 02:06:33,637] {logging_mixin.py:115} INFO - [2022-06-27 02:06:33,637] {dag.py:2371} INFO - Sync 1 DAGs
[2022-06-27 02:06:33,684] {logging_mixin.py:115} INFO - [2022-06-27 02:06:33,684] {dag.py:2919} INFO - Setting next_dagrun for example_trigger_controller_dag to 2021-01-01T00:00:00+00:00, run_after=2021-01-01T00:00:00+00:00
[2022-06-27 02:06:33,715] {processor.py:161} INFO - Processing /home/airflow/.local/lib/python3.7/site-packages/airflow/example_dags/example_trigger_controller_dag.py took 0.149 seconds
[2022-06-27 02:07:04,574] {processor.py:153} INFO - Started process (PID=251) to work on /home/airflow/.local/lib/python3.7/site-packages/airflow/example_dags/example_trigger_controller_dag.py
[2022-06-27 02:07:04,579] {processor.py:641} INFO - Processing file /home/airflow/.local/lib/python3.7/site-packages/airflow/example_dags/example_trigger_controller_dag.py for tasks to queue
[2022-06-27 02:07:04,584] {logging_mixin.py:115} INFO - [2022-06-27 02:07:04,583] {dagbag.py:507} INFO - Filling up the DagBag from /home/airflow/.local/lib/python3.7/site-packages/airflow/example_dags/example_trigger_controller_dag.py
[2022-06-27 02:07:04,604] {processor.py:651} INFO - DAG(s) dict_keys(['example_trigger_controller_dag']) retrieved from /home/airflow/.local/lib/python3.7/site-packages/airflow/example_dags/example_trigger_controller_dag.py
[2022-06-27 02:07:04,697] {logging_mixin.py:115} INFO - [2022-06-27 02:07:04,696] {dag.py:2371} INFO - Sync 1 DAGs
[2022-06-27 02:07:04,767] {logging_mixin.py:115} INFO - [2022-06-27 02:07:04,767] {dag.py:2919} INFO - Setting next_dagrun for example_trigger_controller_dag to 2021-01-01T00:00:00+00:00, run_after=2021-01-01T00:00:00+00:00
[2022-06-27 02:07:04,798] {processor.py:161} INFO - Processing /home/airflow/.local/lib/python3.7/site-packages/airflow/example_dags/example_trigger_controller_dag.py took 0.256 seconds
[2022-06-27 02:07:34,918] {processor.py:153} INFO - Started process (PID=302) to work on /home/airflow/.local/lib/python3.7/site-packages/airflow/example_dags/example_trigger_controller_dag.py
[2022-06-27 02:07:34,921] {processor.py:641} INFO - Processing file /home/airflow/.local/lib/python3.7/site-packages/airflow/example_dags/example_trigger_controller_dag.py for tasks to queue
[2022-06-27 02:07:34,924] {logging_mixin.py:115} INFO - [2022-06-27 02:07:34,924] {dagbag.py:507} INFO - Filling up the DagBag from /home/airflow/.local/lib/python3.7/site-packages/airflow/example_dags/example_trigger_controller_dag.py
[2022-06-27 02:07:34,934] {processor.py:651} INFO - DAG(s) dict_keys(['example_trigger_controller_dag']) retrieved from /home/airflow/.local/lib/python3.7/site-packages/airflow/example_dags/example_trigger_controller_dag.py
[2022-06-27 02:07:35,024] {logging_mixin.py:115} INFO - [2022-06-27 02:07:35,024] {dag.py:2371} INFO - Sync 1 DAGs
[2022-06-27 02:07:35,095] {logging_mixin.py:115} INFO - [2022-06-27 02:07:35,095] {dag.py:2919} INFO - Setting next_dagrun for example_trigger_controller_dag to 2021-01-01T00:00:00+00:00, run_after=2021-01-01T00:00:00+00:00
[2022-06-27 02:07:35,129] {processor.py:161} INFO - Processing /home/airflow/.local/lib/python3.7/site-packages/airflow/example_dags/example_trigger_controller_dag.py took 0.218 seconds
[2022-06-27 02:08:05,527] {processor.py:153} INFO - Started process (PID=355) to work on /home/airflow/.local/lib/python3.7/site-packages/airflow/example_dags/example_trigger_controller_dag.py
[2022-06-27 02:08:05,529] {processor.py:641} INFO - Processing file /home/airflow/.local/lib/python3.7/site-packages/airflow/example_dags/example_trigger_controller_dag.py for tasks to queue
[2022-06-27 02:08:05,531] {logging_mixin.py:115} INFO - [2022-06-27 02:08:05,531] {dagbag.py:507} INFO - Filling up the DagBag from /home/airflow/.local/lib/python3.7/site-packages/airflow/example_dags/example_trigger_controller_dag.py
[2022-06-27 02:08:05,540] {processor.py:651} INFO - DAG(s) dict_keys(['example_trigger_controller_dag']) retrieved from /home/airflow/.local/lib/python3.7/site-packages/airflow/example_dags/example_trigger_controller_dag.py
[2022-06-27 02:08:05,610] {logging_mixin.py:115} INFO - [2022-06-27 02:08:05,609] {dag.py:2371} INFO - Sync 1 DAGs
[2022-06-27 02:08:05,671] {logging_mixin.py:115} INFO - [2022-06-27 02:08:05,670] {dag.py:2919} INFO - Setting next_dagrun for example_trigger_controller_dag to 2021-01-01T00:00:00+00:00, run_after=2021-01-01T00:00:00+00:00
[2022-06-27 02:08:05,698] {processor.py:161} INFO - Processing /home/airflow/.local/lib/python3.7/site-packages/airflow/example_dags/example_trigger_controller_dag.py took 0.178 seconds
[2022-06-27 02:08:35,825] {processor.py:153} INFO - Started process (PID=416) to work on /home/airflow/.local/lib/python3.7/site-packages/airflow/example_dags/example_trigger_controller_dag.py
[2022-06-27 02:08:35,828] {processor.py:641} INFO - Processing file /home/airflow/.local/lib/python3.7/site-packages/airflow/example_dags/example_trigger_controller_dag.py for tasks to queue
[2022-06-27 02:08:35,830] {logging_mixin.py:115} INFO - [2022-06-27 02:08:35,830] {dagbag.py:507} INFO - Filling up the DagBag from /home/airflow/.local/lib/python3.7/site-packages/airflow/example_dags/example_trigger_controller_dag.py
[2022-06-27 02:08:35,838] {processor.py:651} INFO - DAG(s) dict_keys(['example_trigger_controller_dag']) retrieved from /home/airflow/.local/lib/python3.7/site-packages/airflow/example_dags/example_trigger_controller_dag.py
[2022-06-27 02:08:35,893] {logging_mixin.py:115} INFO - [2022-06-27 02:08:35,893] {dag.py:2371} INFO - Sync 1 DAGs
[2022-06-27 02:08:35,944] {logging_mixin.py:115} INFO - [2022-06-27 02:08:35,944] {dag.py:2919} INFO - Setting next_dagrun for example_trigger_controller_dag to 2021-01-01T00:00:00+00:00, run_after=2021-01-01T00:00:00+00:00
[2022-06-27 02:08:35,973] {processor.py:161} INFO - Processing /home/airflow/.local/lib/python3.7/site-packages/airflow/example_dags/example_trigger_controller_dag.py took 0.155 seconds
[2022-06-27 02:09:06,171] {processor.py:153} INFO - Started process (PID=467) to work on /home/airflow/.local/lib/python3.7/site-packages/airflow/example_dags/example_trigger_controller_dag.py
[2022-06-27 02:09:06,177] {processor.py:641} INFO - Processing file /home/airflow/.local/lib/python3.7/site-packages/airflow/example_dags/example_trigger_controller_dag.py for tasks to queue
[2022-06-27 02:09:06,180] {logging_mixin.py:115} INFO - [2022-06-27 02:09:06,180] {dagbag.py:507} INFO - Filling up the DagBag from /home/airflow/.local/lib/python3.7/site-packages/airflow/example_dags/example_trigger_controller_dag.py
[2022-06-27 02:09:06,189] {processor.py:651} INFO - DAG(s) dict_keys(['example_trigger_controller_dag']) retrieved from /home/airflow/.local/lib/python3.7/site-packages/airflow/example_dags/example_trigger_controller_dag.py
[2022-06-27 02:09:06,268] {logging_mixin.py:115} INFO - [2022-06-27 02:09:06,268] {dag.py:2371} INFO - Sync 1 DAGs
[2022-06-27 02:09:06,358] {logging_mixin.py:115} INFO - [2022-06-27 02:09:06,357] {dag.py:2919} INFO - Setting next_dagrun for example_trigger_controller_dag to 2021-01-01T00:00:00+00:00, run_after=2021-01-01T00:00:00+00:00
[2022-06-27 02:09:06,398] {processor.py:161} INFO - Processing /home/airflow/.local/lib/python3.7/site-packages/airflow/example_dags/example_trigger_controller_dag.py took 0.235 seconds
[2022-06-27 02:09:36,548] {processor.py:153} INFO - Started process (PID=531) to work on /home/airflow/.local/lib/python3.7/site-packages/airflow/example_dags/example_trigger_controller_dag.py
[2022-06-27 02:09:36,551] {processor.py:641} INFO - Processing file /home/airflow/.local/lib/python3.7/site-packages/airflow/example_dags/example_trigger_controller_dag.py for tasks to queue
[2022-06-27 02:09:36,555] {logging_mixin.py:115} INFO - [2022-06-27 02:09:36,554] {dagbag.py:507} INFO - Filling up the DagBag from /home/airflow/.local/lib/python3.7/site-packages/airflow/example_dags/example_trigger_controller_dag.py
[2022-06-27 02:09:36,565] {processor.py:651} INFO - DAG(s) dict_keys(['example_trigger_controller_dag']) retrieved from /home/airflow/.local/lib/python3.7/site-packages/airflow/example_dags/example_trigger_controller_dag.py
[2022-06-27 02:09:36,646] {logging_mixin.py:115} INFO - [2022-06-27 02:09:36,646] {dag.py:2371} INFO - Sync 1 DAGs
[2022-06-27 02:09:36,716] {logging_mixin.py:115} INFO - [2022-06-27 02:09:36,715] {dag.py:2919} INFO - Setting next_dagrun for example_trigger_controller_dag to 2021-01-01T00:00:00+00:00, run_after=2021-01-01T00:00:00+00:00
[2022-06-27 02:09:36,751] {processor.py:161} INFO - Processing /home/airflow/.local/lib/python3.7/site-packages/airflow/example_dags/example_trigger_controller_dag.py took 0.212 seconds
[2022-06-27 02:10:07,006] {processor.py:153} INFO - Started process (PID=583) to work on /home/airflow/.local/lib/python3.7/site-packages/airflow/example_dags/example_trigger_controller_dag.py
[2022-06-27 02:10:07,009] {processor.py:641} INFO - Processing file /home/airflow/.local/lib/python3.7/site-packages/airflow/example_dags/example_trigger_controller_dag.py for tasks to queue
[2022-06-27 02:10:07,011] {logging_mixin.py:115} INFO - [2022-06-27 02:10:07,011] {dagbag.py:507} INFO - Filling up the DagBag from /home/airflow/.local/lib/python3.7/site-packages/airflow/example_dags/example_trigger_controller_dag.py
[2022-06-27 02:10:07,017] {processor.py:651} INFO - DAG(s) dict_keys(['example_trigger_controller_dag']) retrieved from /home/airflow/.local/lib/python3.7/site-packages/airflow/example_dags/example_trigger_controller_dag.py
[2022-06-27 02:10:07,093] {logging_mixin.py:115} INFO - [2022-06-27 02:10:07,092] {dag.py:2371} INFO - Sync 1 DAGs
[2022-06-27 02:10:07,149] {logging_mixin.py:115} INFO - [2022-06-27 02:10:07,149] {dag.py:2919} INFO - Setting next_dagrun for example_trigger_controller_dag to 2021-01-01T00:00:00+00:00, run_after=2021-01-01T00:00:00+00:00
[2022-06-27 02:10:07,374] {processor.py:161} INFO - Processing /home/airflow/.local/lib/python3.7/site-packages/airflow/example_dags/example_trigger_controller_dag.py took 0.373 seconds
[2022-06-27 02:10:37,555] {processor.py:153} INFO - Started process (PID=633) to work on /home/airflow/.local/lib/python3.7/site-packages/airflow/example_dags/example_trigger_controller_dag.py
[2022-06-27 02:10:37,558] {processor.py:641} INFO - Processing file /home/airflow/.local/lib/python3.7/site-packages/airflow/example_dags/example_trigger_controller_dag.py for tasks to queue
[2022-06-27 02:10:37,561] {logging_mixin.py:115} INFO - [2022-06-27 02:10:37,560] {dagbag.py:507} INFO - Filling up the DagBag from /home/airflow/.local/lib/python3.7/site-packages/airflow/example_dags/example_trigger_controller_dag.py
[2022-06-27 02:10:37,573] {processor.py:651} INFO - DAG(s) dict_keys(['example_trigger_controller_dag']) retrieved from /home/airflow/.local/lib/python3.7/site-packages/airflow/example_dags/example_trigger_controller_dag.py
[2022-06-27 02:10:37,613] {logging_mixin.py:115} INFO - [2022-06-27 02:10:37,613] {dag.py:2371} INFO - Sync 1 DAGs
[2022-06-27 02:10:37,653] {logging_mixin.py:115} INFO - [2022-06-27 02:10:37,653] {dag.py:2919} INFO - Setting next_dagrun for example_trigger_controller_dag to 2021-01-01T00:00:00+00:00, run_after=2021-01-01T00:00:00+00:00
[2022-06-27 02:10:37,871] {processor.py:161} INFO - Processing /home/airflow/.local/lib/python3.7/site-packages/airflow/example_dags/example_trigger_controller_dag.py took 0.324 seconds
[2022-06-27 02:11:08,287] {processor.py:153} INFO - Started process (PID=695) to work on /home/airflow/.local/lib/python3.7/site-packages/airflow/example_dags/example_trigger_controller_dag.py
[2022-06-27 02:11:08,290] {processor.py:641} INFO - Processing file /home/airflow/.local/lib/python3.7/site-packages/airflow/example_dags/example_trigger_controller_dag.py for tasks to queue
[2022-06-27 02:11:08,293] {logging_mixin.py:115} INFO - [2022-06-27 02:11:08,293] {dagbag.py:507} INFO - Filling up the DagBag from /home/airflow/.local/lib/python3.7/site-packages/airflow/example_dags/example_trigger_controller_dag.py
[2022-06-27 02:11:08,300] {processor.py:651} INFO - DAG(s) dict_keys(['example_trigger_controller_dag']) retrieved from /home/airflow/.local/lib/python3.7/site-packages/airflow/example_dags/example_trigger_controller_dag.py
[2022-06-27 02:11:08,370] {logging_mixin.py:115} INFO - [2022-06-27 02:11:08,370] {dag.py:2371} INFO - Sync 1 DAGs
[2022-06-27 02:11:08,427] {logging_mixin.py:115} INFO - [2022-06-27 02:11:08,426] {dag.py:2919} INFO - Setting next_dagrun for example_trigger_controller_dag to 2021-01-01T00:00:00+00:00, run_after=2021-01-01T00:00:00+00:00
[2022-06-27 02:11:08,703] {processor.py:161} INFO - Processing /home/airflow/.local/lib/python3.7/site-packages/airflow/example_dags/example_trigger_controller_dag.py took 0.420 seconds
[2022-06-27 02:11:38,847] {processor.py:153} INFO - Started process (PID=747) to work on /home/airflow/.local/lib/python3.7/site-packages/airflow/example_dags/example_trigger_controller_dag.py
[2022-06-27 02:11:38,850] {processor.py:641} INFO - Processing file /home/airflow/.local/lib/python3.7/site-packages/airflow/example_dags/example_trigger_controller_dag.py for tasks to queue
[2022-06-27 02:11:38,853] {logging_mixin.py:115} INFO - [2022-06-27 02:11:38,853] {dagbag.py:507} INFO - Filling up the DagBag from /home/airflow/.local/lib/python3.7/site-packages/airflow/example_dags/example_trigger_controller_dag.py
[2022-06-27 02:11:38,861] {processor.py:651} INFO - DAG(s) dict_keys(['example_trigger_controller_dag']) retrieved from /home/airflow/.local/lib/python3.7/site-packages/airflow/example_dags/example_trigger_controller_dag.py
[2022-06-27 02:11:38,938] {logging_mixin.py:115} INFO - [2022-06-27 02:11:38,937] {dag.py:2371} INFO - Sync 1 DAGs
[2022-06-27 02:11:39,009] {logging_mixin.py:115} INFO - [2022-06-27 02:11:39,009] {dag.py:2919} INFO - Setting next_dagrun for example_trigger_controller_dag to 2021-01-01T00:00:00+00:00, run_after=2021-01-01T00:00:00+00:00
[2022-06-27 02:11:39,316] {processor.py:161} INFO - Processing /home/airflow/.local/lib/python3.7/site-packages/airflow/example_dags/example_trigger_controller_dag.py took 0.478 seconds
[2022-06-27 02:12:09,488] {processor.py:153} INFO - Started process (PID=800) to work on /home/airflow/.local/lib/python3.7/site-packages/airflow/example_dags/example_trigger_controller_dag.py
[2022-06-27 02:12:09,491] {processor.py:641} INFO - Processing file /home/airflow/.local/lib/python3.7/site-packages/airflow/example_dags/example_trigger_controller_dag.py for tasks to queue
[2022-06-27 02:12:09,493] {logging_mixin.py:115} INFO - [2022-06-27 02:12:09,493] {dagbag.py:507} INFO - Filling up the DagBag from /home/airflow/.local/lib/python3.7/site-packages/airflow/example_dags/example_trigger_controller_dag.py
[2022-06-27 02:12:09,500] {processor.py:651} INFO - DAG(s) dict_keys(['example_trigger_controller_dag']) retrieved from /home/airflow/.local/lib/python3.7/site-packages/airflow/example_dags/example_trigger_controller_dag.py
[2022-06-27 02:12:09,554] {logging_mixin.py:115} INFO - [2022-06-27 02:12:09,554] {dag.py:2371} INFO - Sync 1 DAGs
[2022-06-27 02:12:09,600] {logging_mixin.py:115} INFO - [2022-06-27 02:12:09,599] {dag.py:2919} INFO - Setting next_dagrun for example_trigger_controller_dag to 2021-01-01T00:00:00+00:00, run_after=2021-01-01T00:00:00+00:00
[2022-06-27 02:12:09,792] {processor.py:161} INFO - Processing /home/airflow/.local/lib/python3.7/site-packages/airflow/example_dags/example_trigger_controller_dag.py took 0.312 seconds
[2022-06-27 02:12:40,197] {processor.py:153} INFO - Started process (PID=861) to work on /home/airflow/.local/lib/python3.7/site-packages/airflow/example_dags/example_trigger_controller_dag.py
[2022-06-27 02:12:40,200] {processor.py:641} INFO - Processing file /home/airflow/.local/lib/python3.7/site-packages/airflow/example_dags/example_trigger_controller_dag.py for tasks to queue
[2022-06-27 02:12:40,203] {logging_mixin.py:115} INFO - [2022-06-27 02:12:40,202] {dagbag.py:507} INFO - Filling up the DagBag from /home/airflow/.local/lib/python3.7/site-packages/airflow/example_dags/example_trigger_controller_dag.py
[2022-06-27 02:12:40,212] {processor.py:651} INFO - DAG(s) dict_keys(['example_trigger_controller_dag']) retrieved from /home/airflow/.local/lib/python3.7/site-packages/airflow/example_dags/example_trigger_controller_dag.py
[2022-06-27 02:12:40,309] {logging_mixin.py:115} INFO - [2022-06-27 02:12:40,308] {dag.py:2371} INFO - Sync 1 DAGs
[2022-06-27 02:12:40,381] {logging_mixin.py:115} INFO - [2022-06-27 02:12:40,381] {dag.py:2919} INFO - Setting next_dagrun for example_trigger_controller_dag to 2021-01-01T00:00:00+00:00, run_after=2021-01-01T00:00:00+00:00
[2022-06-27 02:12:40,671] {processor.py:161} INFO - Processing /home/airflow/.local/lib/python3.7/site-packages/airflow/example_dags/example_trigger_controller_dag.py took 0.482 seconds
[2022-06-27 02:13:11,052] {processor.py:153} INFO - Started process (PID=915) to work on /home/airflow/.local/lib/python3.7/site-packages/airflow/example_dags/example_trigger_controller_dag.py
[2022-06-27 02:13:11,055] {processor.py:641} INFO - Processing file /home/airflow/.local/lib/python3.7/site-packages/airflow/example_dags/example_trigger_controller_dag.py for tasks to queue
[2022-06-27 02:13:11,058] {logging_mixin.py:115} INFO - [2022-06-27 02:13:11,058] {dagbag.py:507} INFO - Filling up the DagBag from /home/airflow/.local/lib/python3.7/site-packages/airflow/example_dags/example_trigger_controller_dag.py
[2022-06-27 02:13:11,067] {processor.py:651} INFO - DAG(s) dict_keys(['example_trigger_controller_dag']) retrieved from /home/airflow/.local/lib/python3.7/site-packages/airflow/example_dags/example_trigger_controller_dag.py
[2022-06-27 02:13:11,125] {logging_mixin.py:115} INFO - [2022-06-27 02:13:11,125] {dag.py:2371} INFO - Sync 1 DAGs
[2022-06-27 02:13:11,177] {logging_mixin.py:115} INFO - [2022-06-27 02:13:11,176] {dag.py:2919} INFO - Setting next_dagrun for example_trigger_controller_dag to 2021-01-01T00:00:00+00:00, run_after=2021-01-01T00:00:00+00:00
[2022-06-27 02:13:11,380] {processor.py:161} INFO - Processing /home/airflow/.local/lib/python3.7/site-packages/airflow/example_dags/example_trigger_controller_dag.py took 0.336 seconds
[2022-06-27 02:13:41,830] {processor.py:153} INFO - Started process (PID=976) to work on /home/airflow/.local/lib/python3.7/site-packages/airflow/example_dags/example_trigger_controller_dag.py
[2022-06-27 02:13:41,833] {processor.py:641} INFO - Processing file /home/airflow/.local/lib/python3.7/site-packages/airflow/example_dags/example_trigger_controller_dag.py for tasks to queue
[2022-06-27 02:13:41,835] {logging_mixin.py:115} INFO - [2022-06-27 02:13:41,835] {dagbag.py:507} INFO - Filling up the DagBag from /home/airflow/.local/lib/python3.7/site-packages/airflow/example_dags/example_trigger_controller_dag.py
[2022-06-27 02:13:41,842] {processor.py:651} INFO - DAG(s) dict_keys(['example_trigger_controller_dag']) retrieved from /home/airflow/.local/lib/python3.7/site-packages/airflow/example_dags/example_trigger_controller_dag.py
[2022-06-27 02:13:41,908] {logging_mixin.py:115} INFO - [2022-06-27 02:13:41,908] {dag.py:2371} INFO - Sync 1 DAGs
[2022-06-27 02:13:41,981] {logging_mixin.py:115} INFO - [2022-06-27 02:13:41,981] {dag.py:2919} INFO - Setting next_dagrun for example_trigger_controller_dag to 2021-01-01T00:00:00+00:00, run_after=2021-01-01T00:00:00+00:00
[2022-06-27 02:13:42,237] {processor.py:161} INFO - Processing /home/airflow/.local/lib/python3.7/site-packages/airflow/example_dags/example_trigger_controller_dag.py took 0.417 seconds
[2022-06-27 02:14:12,459] {processor.py:153} INFO - Started process (PID=1029) to work on /home/airflow/.local/lib/python3.7/site-packages/airflow/example_dags/example_trigger_controller_dag.py
[2022-06-27 02:14:12,463] {processor.py:641} INFO - Processing file /home/airflow/.local/lib/python3.7/site-packages/airflow/example_dags/example_trigger_controller_dag.py for tasks to queue
[2022-06-27 02:14:12,468] {logging_mixin.py:115} INFO - [2022-06-27 02:14:12,467] {dagbag.py:507} INFO - Filling up the DagBag from /home/airflow/.local/lib/python3.7/site-packages/airflow/example_dags/example_trigger_controller_dag.py
[2022-06-27 02:14:12,491] {processor.py:651} INFO - DAG(s) dict_keys(['example_trigger_controller_dag']) retrieved from /home/airflow/.local/lib/python3.7/site-packages/airflow/example_dags/example_trigger_controller_dag.py
[2022-06-27 02:14:12,592] {logging_mixin.py:115} INFO - [2022-06-27 02:14:12,591] {dag.py:2371} INFO - Sync 1 DAGs
[2022-06-27 02:14:12,719] {logging_mixin.py:115} INFO - [2022-06-27 02:14:12,718] {dag.py:2919} INFO - Setting next_dagrun for example_trigger_controller_dag to 2021-01-01T00:00:00+00:00, run_after=2021-01-01T00:00:00+00:00
[2022-06-27 02:14:12,971] {processor.py:161} INFO - Processing /home/airflow/.local/lib/python3.7/site-packages/airflow/example_dags/example_trigger_controller_dag.py took 0.524 seconds
[2022-06-27 02:14:43,333] {processor.py:153} INFO - Started process (PID=1081) to work on /home/airflow/.local/lib/python3.7/site-packages/airflow/example_dags/example_trigger_controller_dag.py
[2022-06-27 02:14:43,337] {processor.py:641} INFO - Processing file /home/airflow/.local/lib/python3.7/site-packages/airflow/example_dags/example_trigger_controller_dag.py for tasks to queue
[2022-06-27 02:14:43,341] {logging_mixin.py:115} INFO - [2022-06-27 02:14:43,340] {dagbag.py:507} INFO - Filling up the DagBag from /home/airflow/.local/lib/python3.7/site-packages/airflow/example_dags/example_trigger_controller_dag.py
[2022-06-27 02:14:43,355] {processor.py:651} INFO - DAG(s) dict_keys(['example_trigger_controller_dag']) retrieved from /home/airflow/.local/lib/python3.7/site-packages/airflow/example_dags/example_trigger_controller_dag.py
[2022-06-27 02:14:43,437] {logging_mixin.py:115} INFO - [2022-06-27 02:14:43,436] {dag.py:2371} INFO - Sync 1 DAGs
[2022-06-27 02:14:43,501] {logging_mixin.py:115} INFO - [2022-06-27 02:14:43,501] {dag.py:2919} INFO - Setting next_dagrun for example_trigger_controller_dag to 2021-01-01T00:00:00+00:00, run_after=2021-01-01T00:00:00+00:00
[2022-06-27 02:14:43,762] {processor.py:161} INFO - Processing /home/airflow/.local/lib/python3.7/site-packages/airflow/example_dags/example_trigger_controller_dag.py took 0.440 seconds
