[2022-06-27 02:05:40,021] {processor.py:153} INFO - Started process (PID=113) to work on /home/airflow/.local/lib/python3.7/site-packages/airflow/example_dags/tutorial.py
[2022-06-27 02:05:40,057] {processor.py:641} INFO - Processing file /home/airflow/.local/lib/python3.7/site-packages/airflow/example_dags/tutorial.py for tasks to queue
[2022-06-27 02:05:40,080] {logging_mixin.py:115} INFO - [2022-06-27 02:05:40,064] {dagbag.py:507} INFO - Filling up the DagBag from /home/airflow/.local/lib/python3.7/site-packages/airflow/example_dags/tutorial.py
[2022-06-27 02:05:40,184] {processor.py:651} INFO - DAG(s) dict_keys(['tutorial']) retrieved from /home/airflow/.local/lib/python3.7/site-packages/airflow/example_dags/tutorial.py
[2022-06-27 02:05:44,125] {logging_mixin.py:115} INFO - [2022-06-27 02:05:44,125] {manager.py:508} INFO - Created Permission View: can read on DAG:tutorial
[2022-06-27 02:05:44,554] {logging_mixin.py:115} INFO - [2022-06-27 02:05:44,554] {manager.py:508} INFO - Created Permission View: can delete on DAG:tutorial
[2022-06-27 02:05:45,085] {logging_mixin.py:115} INFO - [2022-06-27 02:05:45,085] {manager.py:508} INFO - Created Permission View: can edit on DAG:tutorial
[2022-06-27 02:05:45,094] {logging_mixin.py:115} INFO - [2022-06-27 02:05:45,093] {dag.py:2371} INFO - Sync 1 DAGs
[2022-06-27 02:05:45,345] {logging_mixin.py:115} INFO - [2022-06-27 02:05:45,345] {dag.py:2390} INFO - Creating ORM DAG for tutorial
[2022-06-27 02:05:45,520] {logging_mixin.py:115} INFO - [2022-06-27 02:05:45,520] {dag.py:2919} INFO - Setting next_dagrun for tutorial to 2022-06-26T02:05:45.512042+00:00, run_after=2022-06-27T02:05:45.512042+00:00
[2022-06-27 02:05:45,660] {processor.py:161} INFO - Processing /home/airflow/.local/lib/python3.7/site-packages/airflow/example_dags/tutorial.py took 5.781 seconds
[2022-06-27 02:06:16,190] {processor.py:153} INFO - Started process (PID=165) to work on /home/airflow/.local/lib/python3.7/site-packages/airflow/example_dags/tutorial.py
[2022-06-27 02:06:16,198] {processor.py:641} INFO - Processing file /home/airflow/.local/lib/python3.7/site-packages/airflow/example_dags/tutorial.py for tasks to queue
[2022-06-27 02:06:16,201] {logging_mixin.py:115} INFO - [2022-06-27 02:06:16,201] {dagbag.py:507} INFO - Filling up the DagBag from /home/airflow/.local/lib/python3.7/site-packages/airflow/example_dags/tutorial.py
[2022-06-27 02:06:16,221] {processor.py:651} INFO - DAG(s) dict_keys(['tutorial']) retrieved from /home/airflow/.local/lib/python3.7/site-packages/airflow/example_dags/tutorial.py
[2022-06-27 02:06:16,321] {logging_mixin.py:115} INFO - [2022-06-27 02:06:16,321] {dag.py:2371} INFO - Sync 1 DAGs
[2022-06-27 02:06:16,408] {logging_mixin.py:115} INFO - [2022-06-27 02:06:16,407] {dag.py:2919} INFO - Setting next_dagrun for tutorial to 2022-06-26T02:06:16.406997+00:00, run_after=2022-06-27T02:06:16.406997+00:00
[2022-06-27 02:06:16,468] {processor.py:161} INFO - Processing /home/airflow/.local/lib/python3.7/site-packages/airflow/example_dags/tutorial.py took 0.286 seconds
[2022-06-27 02:06:47,193] {processor.py:153} INFO - Started process (PID=215) to work on /home/airflow/.local/lib/python3.7/site-packages/airflow/example_dags/tutorial.py
[2022-06-27 02:06:47,197] {processor.py:641} INFO - Processing file /home/airflow/.local/lib/python3.7/site-packages/airflow/example_dags/tutorial.py for tasks to queue
[2022-06-27 02:06:47,200] {logging_mixin.py:115} INFO - [2022-06-27 02:06:47,200] {dagbag.py:507} INFO - Filling up the DagBag from /home/airflow/.local/lib/python3.7/site-packages/airflow/example_dags/tutorial.py
[2022-06-27 02:06:47,210] {processor.py:651} INFO - DAG(s) dict_keys(['tutorial']) retrieved from /home/airflow/.local/lib/python3.7/site-packages/airflow/example_dags/tutorial.py
[2022-06-27 02:06:47,295] {logging_mixin.py:115} INFO - [2022-06-27 02:06:47,294] {dag.py:2371} INFO - Sync 1 DAGs
[2022-06-27 02:06:47,437] {logging_mixin.py:115} INFO - [2022-06-27 02:06:47,437] {dag.py:2919} INFO - Setting next_dagrun for tutorial to 2022-06-26T02:06:47.436674+00:00, run_after=2022-06-27T02:06:47.436674+00:00
[2022-06-27 02:06:47,487] {processor.py:161} INFO - Processing /home/airflow/.local/lib/python3.7/site-packages/airflow/example_dags/tutorial.py took 0.304 seconds
[2022-06-27 02:07:17,992] {processor.py:153} INFO - Started process (PID=276) to work on /home/airflow/.local/lib/python3.7/site-packages/airflow/example_dags/tutorial.py
[2022-06-27 02:07:17,995] {processor.py:641} INFO - Processing file /home/airflow/.local/lib/python3.7/site-packages/airflow/example_dags/tutorial.py for tasks to queue
[2022-06-27 02:07:17,998] {logging_mixin.py:115} INFO - [2022-06-27 02:07:17,998] {dagbag.py:507} INFO - Filling up the DagBag from /home/airflow/.local/lib/python3.7/site-packages/airflow/example_dags/tutorial.py
[2022-06-27 02:07:18,020] {processor.py:651} INFO - DAG(s) dict_keys(['tutorial']) retrieved from /home/airflow/.local/lib/python3.7/site-packages/airflow/example_dags/tutorial.py
[2022-06-27 02:07:18,091] {logging_mixin.py:115} INFO - [2022-06-27 02:07:18,091] {dag.py:2371} INFO - Sync 1 DAGs
[2022-06-27 02:07:18,215] {logging_mixin.py:115} INFO - [2022-06-27 02:07:18,215] {dag.py:2919} INFO - Setting next_dagrun for tutorial to 2022-06-26T02:07:18.213997+00:00, run_after=2022-06-27T02:07:18.213997+00:00
[2022-06-27 02:07:18,289] {processor.py:161} INFO - Processing /home/airflow/.local/lib/python3.7/site-packages/airflow/example_dags/tutorial.py took 0.305 seconds
[2022-06-27 02:07:48,559] {processor.py:153} INFO - Started process (PID=327) to work on /home/airflow/.local/lib/python3.7/site-packages/airflow/example_dags/tutorial.py
[2022-06-27 02:07:48,562] {processor.py:641} INFO - Processing file /home/airflow/.local/lib/python3.7/site-packages/airflow/example_dags/tutorial.py for tasks to queue
[2022-06-27 02:07:48,566] {logging_mixin.py:115} INFO - [2022-06-27 02:07:48,566] {dagbag.py:507} INFO - Filling up the DagBag from /home/airflow/.local/lib/python3.7/site-packages/airflow/example_dags/tutorial.py
[2022-06-27 02:07:48,585] {processor.py:651} INFO - DAG(s) dict_keys(['tutorial']) retrieved from /home/airflow/.local/lib/python3.7/site-packages/airflow/example_dags/tutorial.py
[2022-06-27 02:07:48,664] {logging_mixin.py:115} INFO - [2022-06-27 02:07:48,664] {dag.py:2371} INFO - Sync 1 DAGs
[2022-06-27 02:07:48,721] {logging_mixin.py:115} INFO - [2022-06-27 02:07:48,721] {dag.py:2919} INFO - Setting next_dagrun for tutorial to 2022-06-26T02:07:48.720577+00:00, run_after=2022-06-27T02:07:48.720577+00:00
[2022-06-27 02:07:48,781] {processor.py:161} INFO - Processing /home/airflow/.local/lib/python3.7/site-packages/airflow/example_dags/tutorial.py took 0.235 seconds
[2022-06-27 02:08:19,007] {processor.py:153} INFO - Started process (PID=380) to work on /home/airflow/.local/lib/python3.7/site-packages/airflow/example_dags/tutorial.py
[2022-06-27 02:08:19,009] {processor.py:641} INFO - Processing file /home/airflow/.local/lib/python3.7/site-packages/airflow/example_dags/tutorial.py for tasks to queue
[2022-06-27 02:08:19,011] {logging_mixin.py:115} INFO - [2022-06-27 02:08:19,011] {dagbag.py:507} INFO - Filling up the DagBag from /home/airflow/.local/lib/python3.7/site-packages/airflow/example_dags/tutorial.py
[2022-06-27 02:08:19,024] {processor.py:651} INFO - DAG(s) dict_keys(['tutorial']) retrieved from /home/airflow/.local/lib/python3.7/site-packages/airflow/example_dags/tutorial.py
[2022-06-27 02:08:19,065] {logging_mixin.py:115} INFO - [2022-06-27 02:08:19,065] {dag.py:2371} INFO - Sync 1 DAGs
[2022-06-27 02:08:19,093] {logging_mixin.py:115} INFO - [2022-06-27 02:08:19,092] {dag.py:2919} INFO - Setting next_dagrun for tutorial to 2022-06-26T02:08:19.092728+00:00, run_after=2022-06-27T02:08:19.092728+00:00
[2022-06-27 02:08:19,108] {processor.py:161} INFO - Processing /home/airflow/.local/lib/python3.7/site-packages/airflow/example_dags/tutorial.py took 0.110 seconds
[2022-06-27 02:08:49,244] {processor.py:153} INFO - Started process (PID=441) to work on /home/airflow/.local/lib/python3.7/site-packages/airflow/example_dags/tutorial.py
[2022-06-27 02:08:49,247] {processor.py:641} INFO - Processing file /home/airflow/.local/lib/python3.7/site-packages/airflow/example_dags/tutorial.py for tasks to queue
[2022-06-27 02:08:49,250] {logging_mixin.py:115} INFO - [2022-06-27 02:08:49,250] {dagbag.py:507} INFO - Filling up the DagBag from /home/airflow/.local/lib/python3.7/site-packages/airflow/example_dags/tutorial.py
[2022-06-27 02:08:49,263] {processor.py:651} INFO - DAG(s) dict_keys(['tutorial']) retrieved from /home/airflow/.local/lib/python3.7/site-packages/airflow/example_dags/tutorial.py
[2022-06-27 02:08:49,317] {logging_mixin.py:115} INFO - [2022-06-27 02:08:49,317] {dag.py:2371} INFO - Sync 1 DAGs
[2022-06-27 02:08:49,376] {logging_mixin.py:115} INFO - [2022-06-27 02:08:49,375] {dag.py:2919} INFO - Setting next_dagrun for tutorial to 2022-06-26T02:08:49.375279+00:00, run_after=2022-06-27T02:08:49.375279+00:00
[2022-06-27 02:08:49,407] {processor.py:161} INFO - Processing /home/airflow/.local/lib/python3.7/site-packages/airflow/example_dags/tutorial.py took 0.170 seconds
[2022-06-27 02:09:19,978] {processor.py:153} INFO - Started process (PID=495) to work on /home/airflow/.local/lib/python3.7/site-packages/airflow/example_dags/tutorial.py
[2022-06-27 02:09:19,985] {processor.py:641} INFO - Processing file /home/airflow/.local/lib/python3.7/site-packages/airflow/example_dags/tutorial.py for tasks to queue
[2022-06-27 02:09:19,993] {logging_mixin.py:115} INFO - [2022-06-27 02:09:19,991] {dagbag.py:507} INFO - Filling up the DagBag from /home/airflow/.local/lib/python3.7/site-packages/airflow/example_dags/tutorial.py
[2022-06-27 02:09:20,032] {processor.py:651} INFO - DAG(s) dict_keys(['tutorial']) retrieved from /home/airflow/.local/lib/python3.7/site-packages/airflow/example_dags/tutorial.py
[2022-06-27 02:09:20,140] {logging_mixin.py:115} INFO - [2022-06-27 02:09:20,140] {dag.py:2371} INFO - Sync 1 DAGs
[2022-06-27 02:09:20,217] {logging_mixin.py:115} INFO - [2022-06-27 02:09:20,217] {dag.py:2919} INFO - Setting next_dagrun for tutorial to 2022-06-26T02:09:20.216762+00:00, run_after=2022-06-27T02:09:20.216762+00:00
[2022-06-27 02:09:20,260] {processor.py:161} INFO - Processing /home/airflow/.local/lib/python3.7/site-packages/airflow/example_dags/tutorial.py took 0.298 seconds
[2022-06-27 02:09:50,529] {processor.py:153} INFO - Started process (PID=558) to work on /home/airflow/.local/lib/python3.7/site-packages/airflow/example_dags/tutorial.py
[2022-06-27 02:09:50,532] {processor.py:641} INFO - Processing file /home/airflow/.local/lib/python3.7/site-packages/airflow/example_dags/tutorial.py for tasks to queue
[2022-06-27 02:09:50,534] {logging_mixin.py:115} INFO - [2022-06-27 02:09:50,534] {dagbag.py:507} INFO - Filling up the DagBag from /home/airflow/.local/lib/python3.7/site-packages/airflow/example_dags/tutorial.py
[2022-06-27 02:09:50,547] {processor.py:651} INFO - DAG(s) dict_keys(['tutorial']) retrieved from /home/airflow/.local/lib/python3.7/site-packages/airflow/example_dags/tutorial.py
[2022-06-27 02:09:50,596] {logging_mixin.py:115} INFO - [2022-06-27 02:09:50,596] {dag.py:2371} INFO - Sync 1 DAGs
[2022-06-27 02:09:50,887] {logging_mixin.py:115} INFO - [2022-06-27 02:09:50,887] {dag.py:2919} INFO - Setting next_dagrun for tutorial to 2022-06-26T02:09:50.886726+00:00, run_after=2022-06-27T02:09:50.886726+00:00
[2022-06-27 02:09:50,904] {processor.py:161} INFO - Processing /home/airflow/.local/lib/python3.7/site-packages/airflow/example_dags/tutorial.py took 0.382 seconds
[2022-06-27 02:10:21,389] {processor.py:153} INFO - Started process (PID=610) to work on /home/airflow/.local/lib/python3.7/site-packages/airflow/example_dags/tutorial.py
[2022-06-27 02:10:21,392] {processor.py:641} INFO - Processing file /home/airflow/.local/lib/python3.7/site-packages/airflow/example_dags/tutorial.py for tasks to queue
[2022-06-27 02:10:21,394] {logging_mixin.py:115} INFO - [2022-06-27 02:10:21,394] {dagbag.py:507} INFO - Filling up the DagBag from /home/airflow/.local/lib/python3.7/site-packages/airflow/example_dags/tutorial.py
[2022-06-27 02:10:21,411] {processor.py:651} INFO - DAG(s) dict_keys(['tutorial']) retrieved from /home/airflow/.local/lib/python3.7/site-packages/airflow/example_dags/tutorial.py
[2022-06-27 02:10:21,496] {logging_mixin.py:115} INFO - [2022-06-27 02:10:21,496] {dag.py:2371} INFO - Sync 1 DAGs
[2022-06-27 02:10:21,801] {logging_mixin.py:115} INFO - [2022-06-27 02:10:21,800] {dag.py:2919} INFO - Setting next_dagrun for tutorial to 2022-06-26T02:10:21.800562+00:00, run_after=2022-06-27T02:10:21.800562+00:00
[2022-06-27 02:10:21,821] {processor.py:161} INFO - Processing /home/airflow/.local/lib/python3.7/site-packages/airflow/example_dags/tutorial.py took 0.439 seconds
[2022-06-27 02:10:52,482] {processor.py:153} INFO - Started process (PID=664) to work on /home/airflow/.local/lib/python3.7/site-packages/airflow/example_dags/tutorial.py
[2022-06-27 02:10:52,485] {processor.py:641} INFO - Processing file /home/airflow/.local/lib/python3.7/site-packages/airflow/example_dags/tutorial.py for tasks to queue
[2022-06-27 02:10:52,488] {logging_mixin.py:115} INFO - [2022-06-27 02:10:52,487] {dagbag.py:507} INFO - Filling up the DagBag from /home/airflow/.local/lib/python3.7/site-packages/airflow/example_dags/tutorial.py
[2022-06-27 02:10:52,501] {processor.py:651} INFO - DAG(s) dict_keys(['tutorial']) retrieved from /home/airflow/.local/lib/python3.7/site-packages/airflow/example_dags/tutorial.py
[2022-06-27 02:10:52,543] {logging_mixin.py:115} INFO - [2022-06-27 02:10:52,543] {dag.py:2371} INFO - Sync 1 DAGs
[2022-06-27 02:10:52,737] {logging_mixin.py:115} INFO - [2022-06-27 02:10:52,737] {dag.py:2919} INFO - Setting next_dagrun for tutorial to 2022-06-26T02:10:52.737138+00:00, run_after=2022-06-27T02:10:52.737138+00:00
[2022-06-27 02:10:52,756] {processor.py:161} INFO - Processing /home/airflow/.local/lib/python3.7/site-packages/airflow/example_dags/tutorial.py took 0.282 seconds
[2022-06-27 02:11:23,163] {processor.py:153} INFO - Started process (PID=725) to work on /home/airflow/.local/lib/python3.7/site-packages/airflow/example_dags/tutorial.py
[2022-06-27 02:11:23,171] {processor.py:641} INFO - Processing file /home/airflow/.local/lib/python3.7/site-packages/airflow/example_dags/tutorial.py for tasks to queue
[2022-06-27 02:11:23,174] {logging_mixin.py:115} INFO - [2022-06-27 02:11:23,173] {dagbag.py:507} INFO - Filling up the DagBag from /home/airflow/.local/lib/python3.7/site-packages/airflow/example_dags/tutorial.py
[2022-06-27 02:11:23,199] {processor.py:651} INFO - DAG(s) dict_keys(['tutorial']) retrieved from /home/airflow/.local/lib/python3.7/site-packages/airflow/example_dags/tutorial.py
[2022-06-27 02:11:23,300] {logging_mixin.py:115} INFO - [2022-06-27 02:11:23,299] {dag.py:2371} INFO - Sync 1 DAGs
[2022-06-27 02:11:23,598] {logging_mixin.py:115} INFO - [2022-06-27 02:11:23,598] {dag.py:2919} INFO - Setting next_dagrun for tutorial to 2022-06-26T02:11:23.598168+00:00, run_after=2022-06-27T02:11:23.598168+00:00
[2022-06-27 02:11:23,623] {processor.py:161} INFO - Processing /home/airflow/.local/lib/python3.7/site-packages/airflow/example_dags/tutorial.py took 0.470 seconds
[2022-06-27 02:11:54,385] {processor.py:153} INFO - Started process (PID=777) to work on /home/airflow/.local/lib/python3.7/site-packages/airflow/example_dags/tutorial.py
[2022-06-27 02:11:54,387] {processor.py:641} INFO - Processing file /home/airflow/.local/lib/python3.7/site-packages/airflow/example_dags/tutorial.py for tasks to queue
[2022-06-27 02:11:54,389] {logging_mixin.py:115} INFO - [2022-06-27 02:11:54,389] {dagbag.py:507} INFO - Filling up the DagBag from /home/airflow/.local/lib/python3.7/site-packages/airflow/example_dags/tutorial.py
[2022-06-27 02:11:54,398] {processor.py:651} INFO - DAG(s) dict_keys(['tutorial']) retrieved from /home/airflow/.local/lib/python3.7/site-packages/airflow/example_dags/tutorial.py
[2022-06-27 02:11:54,451] {logging_mixin.py:115} INFO - [2022-06-27 02:11:54,451] {dag.py:2371} INFO - Sync 1 DAGs
[2022-06-27 02:11:54,726] {logging_mixin.py:115} INFO - [2022-06-27 02:11:54,726] {dag.py:2919} INFO - Setting next_dagrun for tutorial to 2022-06-26T02:11:54.726022+00:00, run_after=2022-06-27T02:11:54.726022+00:00
[2022-06-27 02:11:54,758] {processor.py:161} INFO - Processing /home/airflow/.local/lib/python3.7/site-packages/airflow/example_dags/tutorial.py took 0.382 seconds
[2022-06-27 02:12:25,389] {processor.py:153} INFO - Started process (PID=839) to work on /home/airflow/.local/lib/python3.7/site-packages/airflow/example_dags/tutorial.py
[2022-06-27 02:12:25,392] {processor.py:641} INFO - Processing file /home/airflow/.local/lib/python3.7/site-packages/airflow/example_dags/tutorial.py for tasks to queue
[2022-06-27 02:12:25,394] {logging_mixin.py:115} INFO - [2022-06-27 02:12:25,394] {dagbag.py:507} INFO - Filling up the DagBag from /home/airflow/.local/lib/python3.7/site-packages/airflow/example_dags/tutorial.py
[2022-06-27 02:12:25,406] {processor.py:651} INFO - DAG(s) dict_keys(['tutorial']) retrieved from /home/airflow/.local/lib/python3.7/site-packages/airflow/example_dags/tutorial.py
[2022-06-27 02:12:25,457] {logging_mixin.py:115} INFO - [2022-06-27 02:12:25,457] {dag.py:2371} INFO - Sync 1 DAGs
[2022-06-27 02:12:25,675] {logging_mixin.py:115} INFO - [2022-06-27 02:12:25,674] {dag.py:2919} INFO - Setting next_dagrun for tutorial to 2022-06-26T02:12:25.674603+00:00, run_after=2022-06-27T02:12:25.674603+00:00
[2022-06-27 02:12:25,695] {processor.py:161} INFO - Processing /home/airflow/.local/lib/python3.7/site-packages/airflow/example_dags/tutorial.py took 0.313 seconds
[2022-06-27 02:12:56,235] {processor.py:153} INFO - Started process (PID=891) to work on /home/airflow/.local/lib/python3.7/site-packages/airflow/example_dags/tutorial.py
[2022-06-27 02:12:56,238] {processor.py:641} INFO - Processing file /home/airflow/.local/lib/python3.7/site-packages/airflow/example_dags/tutorial.py for tasks to queue
[2022-06-27 02:12:56,241] {logging_mixin.py:115} INFO - [2022-06-27 02:12:56,240] {dagbag.py:507} INFO - Filling up the DagBag from /home/airflow/.local/lib/python3.7/site-packages/airflow/example_dags/tutorial.py
[2022-06-27 02:12:56,259] {processor.py:651} INFO - DAG(s) dict_keys(['tutorial']) retrieved from /home/airflow/.local/lib/python3.7/site-packages/airflow/example_dags/tutorial.py
[2022-06-27 02:12:56,324] {logging_mixin.py:115} INFO - [2022-06-27 02:12:56,323] {dag.py:2371} INFO - Sync 1 DAGs
[2022-06-27 02:12:56,580] {logging_mixin.py:115} INFO - [2022-06-27 02:12:56,579] {dag.py:2919} INFO - Setting next_dagrun for tutorial to 2022-06-26T02:12:56.579288+00:00, run_after=2022-06-27T02:12:56.579288+00:00
[2022-06-27 02:12:56,610] {processor.py:161} INFO - Processing /home/airflow/.local/lib/python3.7/site-packages/airflow/example_dags/tutorial.py took 0.382 seconds
[2022-06-27 02:13:27,038] {processor.py:153} INFO - Started process (PID=953) to work on /home/airflow/.local/lib/python3.7/site-packages/airflow/example_dags/tutorial.py
[2022-06-27 02:13:27,042] {processor.py:641} INFO - Processing file /home/airflow/.local/lib/python3.7/site-packages/airflow/example_dags/tutorial.py for tasks to queue
[2022-06-27 02:13:27,046] {logging_mixin.py:115} INFO - [2022-06-27 02:13:27,045] {dagbag.py:507} INFO - Filling up the DagBag from /home/airflow/.local/lib/python3.7/site-packages/airflow/example_dags/tutorial.py
[2022-06-27 02:13:27,065] {processor.py:651} INFO - DAG(s) dict_keys(['tutorial']) retrieved from /home/airflow/.local/lib/python3.7/site-packages/airflow/example_dags/tutorial.py
[2022-06-27 02:13:26,771] {logging_mixin.py:115} INFO - [2022-06-27 02:13:26,771] {dag.py:2371} INFO - Sync 1 DAGs
[2022-06-27 02:13:27,029] {logging_mixin.py:115} INFO - [2022-06-27 02:13:27,029] {dag.py:2919} INFO - Setting next_dagrun for tutorial to 2022-06-26T02:13:27.029059+00:00, run_after=2022-06-27T02:13:27.029059+00:00
[2022-06-27 02:13:27,045] {processor.py:161} INFO - Processing /home/airflow/.local/lib/python3.7/site-packages/airflow/example_dags/tutorial.py took 0.385 seconds
[2022-06-27 02:13:57,377] {processor.py:153} INFO - Started process (PID=1005) to work on /home/airflow/.local/lib/python3.7/site-packages/airflow/example_dags/tutorial.py
[2022-06-27 02:13:57,380] {processor.py:641} INFO - Processing file /home/airflow/.local/lib/python3.7/site-packages/airflow/example_dags/tutorial.py for tasks to queue
[2022-06-27 02:13:57,383] {logging_mixin.py:115} INFO - [2022-06-27 02:13:57,382] {dagbag.py:507} INFO - Filling up the DagBag from /home/airflow/.local/lib/python3.7/site-packages/airflow/example_dags/tutorial.py
[2022-06-27 02:13:57,400] {processor.py:651} INFO - DAG(s) dict_keys(['tutorial']) retrieved from /home/airflow/.local/lib/python3.7/site-packages/airflow/example_dags/tutorial.py
[2022-06-27 02:13:57,441] {logging_mixin.py:115} INFO - [2022-06-27 02:13:57,441] {dag.py:2371} INFO - Sync 1 DAGs
[2022-06-27 02:13:57,626] {logging_mixin.py:115} INFO - [2022-06-27 02:13:57,626] {dag.py:2919} INFO - Setting next_dagrun for tutorial to 2022-06-26T02:13:57.625693+00:00, run_after=2022-06-27T02:13:57.625693+00:00
[2022-06-27 02:13:57,643] {processor.py:161} INFO - Processing /home/airflow/.local/lib/python3.7/site-packages/airflow/example_dags/tutorial.py took 0.278 seconds
[2022-06-27 02:14:30,848] {processor.py:153} INFO - Started process (PID=1057) to work on /home/airflow/.local/lib/python3.7/site-packages/airflow/example_dags/tutorial.py
[2022-06-27 02:14:30,852] {processor.py:641} INFO - Processing file /home/airflow/.local/lib/python3.7/site-packages/airflow/example_dags/tutorial.py for tasks to queue
[2022-06-27 02:14:30,854] {logging_mixin.py:115} INFO - [2022-06-27 02:14:30,854] {dagbag.py:507} INFO - Filling up the DagBag from /home/airflow/.local/lib/python3.7/site-packages/airflow/example_dags/tutorial.py
[2022-06-27 02:14:30,870] {processor.py:651} INFO - DAG(s) dict_keys(['tutorial']) retrieved from /home/airflow/.local/lib/python3.7/site-packages/airflow/example_dags/tutorial.py
[2022-06-27 02:14:30,943] {logging_mixin.py:115} INFO - [2022-06-27 02:14:30,943] {dag.py:2371} INFO - Sync 1 DAGs
[2022-06-27 02:14:31,357] {logging_mixin.py:115} INFO - [2022-06-27 02:14:31,357] {dag.py:2919} INFO - Setting next_dagrun for tutorial to 2022-06-26T02:14:31.356643+00:00, run_after=2022-06-27T02:14:31.356643+00:00
[2022-06-27 02:14:31,400] {processor.py:161} INFO - Processing /home/airflow/.local/lib/python3.7/site-packages/airflow/example_dags/tutorial.py took 0.561 seconds
